<?xml version="1.0" encoding="UTF-8"?>
<coverage generated="1783983582">
  <project timestamp="1783983582">
    <file name="/Users/tiger/Github/agnosis/includes/AI/CallCounter.php">
      <class name="Agnosis\AI\CallCounter" namespace="global">
        <metrics complexity="3" methods="2" coveredmethods="0" conditionals="0" coveredconditionals="0" statements="9" coveredstatements="0" elements="11" coveredelements="0"/>
      </class>
      <line num="54" type="method" name="record" visibility="public" complexity="2" crap="6" count="0"/>
      <line num="55" type="stmt" count="0"/>
      <line num="56" type="stmt" count="0"/>
      <line num="59" type="stmt" count="0"/>
      <line num="60" type="stmt" count="0"/>
      <line num="62" type="stmt" count="0"/>
      <line num="63" type="stmt" count="0"/>
      <line num="64" type="stmt" count="0"/>
      <line num="65" type="stmt" count="0"/>
      <line num="69" type="method" name="get_total" visibility="public" complexity="1" crap="2" count="0"/>
      <line num="70" type="stmt" count="0"/>
      <metrics loc="73" ncloc="31" classes="1" methods="2" coveredmethods="0" conditionals="0" coveredconditionals="0" statements="9" coveredstatements="0" elements="11" coveredelements="0"/>
    </file>
    <file name="/Users/tiger/Github/agnosis/includes/AI/DescriptionResult.php">
      <class name="Agnosis\AI\DescriptionResult" namespace="global">
        <metrics complexity="2" methods="2" coveredmethods="2" conditionals="0" coveredconditionals="0" statements="10" coveredstatements="10" elements="12" coveredelements="12"/>
      </class>
      <line num="18" type="method" name="__construct" visibility="public" complexity="1" crap="1" count="24"/>
      <line num="29" type="stmt" count="24"/>
      <line num="31" type="method" name="failure" visibility="public" complexity="1" crap="1" count="9"/>
      <line num="32" type="stmt" count="9"/>
      <line num="33" type="stmt" count="9"/>
      <line num="34" type="stmt" count="9"/>
      <line num="35" type="stmt" count="9"/>
      <line num="36" type="stmt" count="9"/>
      <line num="37" type="stmt" count="9"/>
      <line num="38" type="stmt" count="9"/>
      <line num="39" type="stmt" count="9"/>
      <line num="40" type="stmt" count="9"/>
      <metrics loc="43" ncloc="34" classes="1" methods="2" coveredmethods="2" conditionals="0" coveredconditionals="0" statements="10" coveredstatements="10" elements="12" coveredelements="12"/>
    </file>
    <file name="/Users/tiger/Github/agnosis/includes/AI/EnhancementResult.php">
      <class name="Agnosis\AI\EnhancementResult" namespace="global">
        <metrics complexity="2" methods="2" coveredmethods="2" conditionals="0" coveredconditionals="0" statements="7" coveredstatements="7" elements="9" coveredelements="9"/>
      </class>
      <line num="14" type="method" name="__construct" visibility="public" complexity="1" crap="1" count="18"/>
      <line num="19" type="stmt" count="18"/>
      <line num="21" type="method" name="failure" visibility="public" complexity="1" crap="1" count="14"/>
      <line num="22" type="stmt" count="14"/>
      <line num="23" type="stmt" count="14"/>
      <line num="24" type="stmt" count="14"/>
      <line num="25" type="stmt" count="14"/>
      <line num="26" type="stmt" count="14"/>
      <line num="27" type="stmt" count="14"/>
      <metrics loc="30" ncloc="24" classes="1" methods="2" coveredmethods="2" conditionals="0" coveredconditionals="0" statements="7" coveredstatements="7" elements="9" coveredelements="9"/>
    </file>
    <file name="/Users/tiger/Github/agnosis/includes/AI/MediaAdapter.php">
      <class name="Agnosis\AI\MediaAdapter" namespace="global">
        <metrics complexity="38" methods="5" coveredmethods="2" conditionals="0" coveredconditionals="0" statements="192" coveredstatements="154" elements="197" coveredelements="156"/>
      </class>
      <line num="65" type="method" name="adapt" visibility="public" complexity="12" crap="31.12" count="40"/>
      <line num="66" type="stmt" count="40"/>
      <line num="67" type="stmt" count="40"/>
      <line num="68" type="stmt" count="40"/>
      <line num="70" type="stmt" count="40"/>
      <line num="71" type="stmt" count="0"/>
      <line num="72" type="stmt" count="0"/>
      <line num="73" type="stmt" count="0"/>
      <line num="74" type="stmt" count="0"/>
      <line num="75" type="stmt" count="0"/>
      <line num="76" type="stmt" count="0"/>
      <line num="77" type="stmt" count="0"/>
      <line num="78" type="stmt" count="0"/>
      <line num="79" type="stmt" count="0"/>
      <line num="83" type="stmt" count="40"/>
      <line num="84" type="stmt" count="38"/>
      <line num="90" type="stmt" count="38"/>
      <line num="91" type="stmt" count="6"/>
      <line num="93" type="stmt" count="32"/>
      <line num="94" type="stmt" count="21"/>
      <line num="96" type="stmt" count="12"/>
      <line num="97" type="stmt" count="2"/>
      <line num="99" type="stmt" count="10"/>
      <line num="100" type="stmt" count="3"/>
      <line num="102" type="stmt" count="7"/>
      <line num="103" type="stmt" count="4"/>
      <line num="107" type="stmt" count="4"/>
      <line num="108" type="stmt" count="4"/>
      <line num="109" type="stmt" count="4"/>
      <line num="110" type="stmt" count="4"/>
      <line num="111" type="stmt" count="4"/>
      <line num="113" type="stmt" count="4"/>
      <line num="114" type="stmt" count="0"/>
      <line num="115" type="stmt" count="0"/>
      <line num="116" type="stmt" count="0"/>
      <line num="117" type="stmt" count="0"/>
      <line num="118" type="stmt" count="0"/>
      <line num="123" type="stmt" count="40"/>
      <line num="124" type="stmt" count="0"/>
      <line num="125" type="stmt" count="0"/>
      <line num="126" type="stmt" count="0"/>
      <line num="127" type="stmt" count="0"/>
      <line num="128" type="stmt" count="0"/>
      <line num="129" type="stmt" count="0"/>
      <line num="130" type="stmt" count="0"/>
      <line num="131" type="stmt" count="0"/>
      <line num="132" type="stmt" count="0"/>
      <line num="133" type="stmt" count="0"/>
      <line num="135" type="stmt" count="0"/>
      <line num="138" type="stmt" count="40"/>
      <line num="180" type="method" name="maybe_downscale_for_vision" visibility="public" complexity="9" crap="9" count="8"/>
      <line num="181" type="stmt" count="8"/>
      <line num="183" type="stmt" count="8"/>
      <line num="184" type="stmt" count="3"/>
      <line num="187" type="stmt" count="5"/>
      <line num="192" type="stmt" count="1"/>
      <line num="196" type="stmt" count="4"/>
      <line num="197" type="stmt" count="4"/>
      <line num="199" type="stmt" count="3"/>
      <line num="200" type="stmt" count="3"/>
      <line num="201" type="stmt" count="1"/>
      <line num="202" type="stmt" count="1"/>
      <line num="205" type="stmt" count="2"/>
      <line num="206" type="stmt" count="2"/>
      <line num="208" type="stmt" count="2"/>
      <line num="209" type="stmt" count="2"/>
      <line num="210" type="stmt" count="2"/>
      <line num="212" type="stmt" count="2"/>
      <line num="214" type="stmt" count="1"/>
      <line num="215" type="stmt" count="1"/>
      <line num="216" type="stmt" count="1"/>
      <line num="217" type="stmt" count="1"/>
      <line num="218" type="stmt" count="1"/>
      <line num="219" type="stmt" count="1"/>
      <line num="220" type="stmt" count="1"/>
      <line num="240" type="method" name="adapt_pdf" visibility="private" complexity="7" crap="7.54" count="2"/>
      <line num="241" type="stmt" count="2"/>
      <line num="242" type="stmt" count="1"/>
      <line num="243" type="stmt" count="1"/>
      <line num="244" type="stmt" count="1"/>
      <line num="245" type="stmt" count="1"/>
      <line num="246" type="stmt" count="1"/>
      <line num="250" type="stmt" count="1"/>
      <line num="251" type="stmt" count="1"/>
      <line num="252" type="stmt" count="1"/>
      <line num="253" type="stmt" count="1"/>
      <line num="255" type="stmt" count="1"/>
      <line num="256" type="stmt" count="1"/>
      <line num="258" type="stmt" count="1"/>
      <line num="259" type="stmt" count="1"/>
      <line num="260" type="stmt" count="1"/>
      <line num="261" type="stmt" count="1"/>
      <line num="263" type="stmt" count="1"/>
      <line num="264" type="stmt" count="1"/>
      <line num="265" type="stmt" count="0"/>
      <line num="268" type="stmt" count="1"/>
      <line num="269" type="stmt" count="1"/>
      <line num="271" type="stmt" count="1"/>
      <line num="272" type="stmt" count="1"/>
      <line num="273" type="stmt" count="1"/>
      <line num="274" type="stmt" count="1"/>
      <line num="275" type="stmt" count="1"/>
      <line num="276" type="stmt" count="1"/>
      <line num="279" type="stmt" count="1"/>
      <line num="280" type="stmt" count="1"/>
      <line num="282" type="stmt" count="0"/>
      <line num="283" type="stmt" count="0"/>
      <line num="284" type="stmt" count="0"/>
      <line num="285" type="stmt" count="0"/>
      <line num="286" type="stmt" count="0"/>
      <line num="287" type="stmt" count="0"/>
      <line num="288" type="stmt" count="0"/>
      <line num="323" type="method" name="adapt_heic" visibility="private" complexity="5" crap="5.08" count="6"/>
      <line num="324" type="stmt" count="6"/>
      <line num="325" type="stmt" count="1"/>
      <line num="326" type="stmt" count="1"/>
      <line num="327" type="stmt" count="1"/>
      <line num="328" type="stmt" count="1"/>
      <line num="329" type="stmt" count="1"/>
      <line num="333" type="stmt" count="5"/>
      <line num="334" type="stmt" count="5"/>
      <line num="335" type="stmt" count="4"/>
      <line num="336" type="stmt" count="4"/>
      <line num="337" type="stmt" count="4"/>
      <line num="339" type="stmt" count="4"/>
      <line num="340" type="stmt" count="4"/>
      <line num="342" type="stmt" count="4"/>
      <line num="343" type="stmt" count="0"/>
      <line num="344" type="stmt" count="0"/>
      <line num="345" type="stmt" count="0"/>
      <line num="346" type="stmt" count="0"/>
      <line num="347" type="stmt" count="0"/>
      <line num="350" type="stmt" count="4"/>
      <line num="352" type="stmt" count="4"/>
      <line num="353" type="stmt" count="4"/>
      <line num="354" type="stmt" count="4"/>
      <line num="355" type="stmt" count="4"/>
      <line num="356" type="stmt" count="4"/>
      <line num="357" type="stmt" count="4"/>
      <line num="359" type="stmt" count="4"/>
      <line num="361" type="stmt" count="1"/>
      <line num="365" type="stmt" count="1"/>
      <line num="366" type="stmt" count="1"/>
      <line num="367" type="stmt" count="1"/>
      <line num="368" type="stmt" count="1"/>
      <line num="369" type="stmt" count="1"/>
      <line num="370" type="stmt" count="1"/>
      <line num="396" type="method" name="adapt_video" visibility="private" complexity="5" crap="5" count="3"/>
      <line num="397" type="stmt" count="3"/>
      <line num="398" type="stmt" count="3"/>
      <line num="399" type="stmt" count="3"/>
      <line num="400" type="stmt" count="3"/>
      <line num="401" type="stmt" count="3"/>
      <line num="405" type="stmt" count="3"/>
      <line num="406" type="stmt" count="3"/>
      <line num="407" type="stmt" count="1"/>
      <line num="408" type="stmt" count="1"/>
      <line num="409" type="stmt" count="1"/>
      <line num="410" type="stmt" count="1"/>
      <line num="411" type="stmt" count="1"/>
      <line num="414" type="stmt" count="2"/>
      <line num="415" type="stmt" count="2"/>
      <line num="418" type="stmt" count="2"/>
      <line num="419" type="stmt" count="2"/>
      <line num="420" type="stmt" count="2"/>
      <line num="421" type="stmt" count="2"/>
      <line num="422" type="stmt" count="2"/>
      <line num="423" type="stmt" count="2"/>
      <line num="424" type="stmt" count="2"/>
      <line num="425" type="stmt" count="2"/>
      <line num="426" type="stmt" count="2"/>
      <line num="427" type="stmt" count="2"/>
      <line num="429" type="stmt" count="2"/>
      <line num="430" type="stmt" count="2"/>
      <line num="433" type="stmt" count="2"/>
      <line num="436" type="stmt" count="2"/>
      <line num="437" type="stmt" count="2"/>
      <line num="438" type="stmt" count="2"/>
      <line num="439" type="stmt" count="2"/>
      <line num="440" type="stmt" count="2"/>
      <line num="441" type="stmt" count="2"/>
      <line num="442" type="stmt" count="2"/>
      <line num="443" type="stmt" count="2"/>
      <line num="446" type="stmt" count="2"/>
      <line num="451" type="stmt" count="2"/>
      <line num="452" type="stmt" count="2"/>
      <line num="454" type="stmt" count="2"/>
      <line num="455" type="stmt" count="1"/>
      <line num="456" type="stmt" count="1"/>
      <line num="457" type="stmt" count="1"/>
      <line num="458" type="stmt" count="1"/>
      <line num="459" type="stmt" count="1"/>
      <line num="460" type="stmt" count="1"/>
      <line num="463" type="stmt" count="1"/>
      <line num="464" type="stmt" count="1"/>
      <line num="465" type="stmt" count="1"/>
      <line num="466" type="stmt" count="1"/>
      <metrics loc="469" ncloc="285" classes="1" methods="5" coveredmethods="2" conditionals="0" coveredconditionals="0" statements="192" coveredstatements="154" elements="197" coveredelements="156"/>
    </file>
    <file name="/Users/tiger/Github/agnosis/includes/AI/Pipeline.php">
      <class name="Agnosis\AI\Pipeline" namespace="global">
        <metrics complexity="102" methods="22" coveredmethods="9" conditionals="0" coveredconditionals="0" statements="448" coveredstatements="294" elements="470" coveredelements="303"/>
      </class>
      <line num="37" type="method" name="__construct" visibility="public" complexity="1" crap="1" count="77"/>
      <line num="38" type="stmt" count="77"/>
      <line num="39" type="stmt" count="77"/>
      <line num="40" type="stmt" count="77"/>
      <line num="80" type="method" name="process" visibility="public" complexity="6" crap="8.51" count="18"/>
      <line num="81" type="stmt" count="18"/>
      <line num="83" type="stmt" count="18"/>
      <line num="85" type="stmt" count="18"/>
      <line num="100" type="stmt" count="18"/>
      <line num="102" type="stmt" count="18"/>
      <line num="103" type="stmt" count="17"/>
      <line num="105" type="stmt" count="17"/>
      <line num="106" type="stmt" count="0"/>
      <line num="107" type="stmt" count="0"/>
      <line num="108" type="stmt" count="0"/>
      <line num="109" type="stmt" count="0"/>
      <line num="110" type="stmt" count="0"/>
      <line num="111" type="stmt" count="0"/>
      <line num="112" type="stmt" count="17"/>
      <line num="113" type="stmt" count="0"/>
      <line num="114" type="stmt" count="0"/>
      <line num="115" type="stmt" count="0"/>
      <line num="116" type="stmt" count="0"/>
      <line num="117" type="stmt" count="0"/>
      <line num="118" type="stmt" count="0"/>
      <line num="119" type="stmt" count="0"/>
      <line num="120" type="stmt" count="0"/>
      <line num="122" type="stmt" count="17"/>
      <line num="123" type="stmt" count="17"/>
      <line num="124" type="stmt" count="17"/>
      <line num="125" type="stmt" count="17"/>
      <line num="126" type="stmt" count="17"/>
      <line num="127" type="stmt" count="17"/>
      <line num="128" type="stmt" count="17"/>
      <line num="129" type="stmt" count="17"/>
      <line num="132" type="stmt" count="17"/>
      <line num="134" type="stmt" count="17"/>
      <line num="135" type="stmt" count="14"/>
      <line num="139" type="stmt" count="18"/>
      <line num="170" type="method" name="process_raw" visibility="public" complexity="4" crap="20" count="0"/>
      <line num="171" type="stmt" count="0"/>
      <line num="173" type="stmt" count="0"/>
      <line num="174" type="stmt" count="0"/>
      <line num="175" type="stmt" count="0"/>
      <line num="176" type="stmt" count="0"/>
      <line num="178" type="stmt" count="0"/>
      <line num="180" type="stmt" count="0"/>
      <line num="181" type="stmt" count="0"/>
      <line num="182" type="stmt" count="0"/>
      <line num="184" type="stmt" count="0"/>
      <line num="185" type="stmt" count="0"/>
      <line num="186" type="stmt" count="0"/>
      <line num="187" type="stmt" count="0"/>
      <line num="188" type="stmt" count="0"/>
      <line num="189" type="stmt" count="0"/>
      <line num="190" type="stmt" count="0"/>
      <line num="191" type="stmt" count="0"/>
      <line num="192" type="stmt" count="0"/>
      <line num="193" type="stmt" count="0"/>
      <line num="194" type="stmt" count="0"/>
      <line num="195" type="stmt" count="0"/>
      <line num="196" type="stmt" count="0"/>
      <line num="197" type="stmt" count="0"/>
      <line num="198" type="stmt" count="0"/>
      <line num="199" type="stmt" count="0"/>
      <line num="200" type="stmt" count="0"/>
      <line num="201" type="stmt" count="0"/>
      <line num="202" type="stmt" count="0"/>
      <line num="205" type="stmt" count="0"/>
      <line num="230" type="method" name="build_artist_context" visibility="private" complexity="5" crap="5.12" count="18"/>
      <line num="231" type="stmt" count="18"/>
      <line num="233" type="stmt" count="18"/>
      <line num="234" type="stmt" count="18"/>
      <line num="235" type="stmt" count="0"/>
      <line num="238" type="stmt" count="18"/>
      <line num="239" type="stmt" count="18"/>
      <line num="240" type="stmt" count="0"/>
      <line num="243" type="stmt" count="18"/>
      <line num="244" type="stmt" count="18"/>
      <line num="245" type="stmt" count="12"/>
      <line num="246" type="stmt" count="12"/>
      <line num="249" type="stmt" count="18"/>
      <line num="267" type="method" name="resolve_native_language_name" visibility="private" complexity="2" crap="2.03" count="18"/>
      <line num="268" type="stmt" count="18"/>
      <line num="269" type="stmt" count="18"/>
      <line num="270" type="stmt" count="18"/>
      <line num="271" type="stmt" count="18"/>
      <line num="273" type="stmt" count="0"/>
      <line num="289" type="method" name="process_single" visibility="private" complexity="10" crap="10" count="17"/>
      <line num="298" type="stmt" count="17"/>
      <line num="299" type="stmt" count="3"/>
      <line num="300" type="stmt" count="17"/>
      <line num="302" type="stmt" count="17"/>
      <line num="303" type="stmt" count="17"/>
      <line num="312" type="stmt" count="17"/>
      <line num="313" type="stmt" count="17"/>
      <line num="314" type="stmt" count="17"/>
      <line num="315" type="stmt" count="17"/>
      <line num="316" type="stmt" count="17"/>
      <line num="317" type="stmt" count="17"/>
      <line num="319" type="stmt" count="17"/>
      <line num="320" type="stmt" count="17"/>
      <line num="321" type="stmt" count="17"/>
      <line num="323" type="stmt" count="17"/>
      <line num="326" type="stmt" count="4"/>
      <line num="329" type="stmt" count="4"/>
      <line num="330" type="stmt" count="4"/>
      <line num="333" type="stmt" count="4"/>
      <line num="335" type="stmt" count="4"/>
      <line num="336" type="stmt" count="3"/>
      <line num="337" type="stmt" count="3"/>
      <line num="338" type="stmt" count="3"/>
      <line num="342" type="stmt" count="17"/>
      <line num="343" type="stmt" count="17"/>
      <line num="344" type="stmt" count="17"/>
      <line num="345" type="stmt" count="17"/>
      <line num="346" type="stmt" count="17"/>
      <line num="347" type="stmt" count="17"/>
      <line num="348" type="stmt" count="17"/>
      <line num="349" type="stmt" count="17"/>
      <line num="350" type="stmt" count="17"/>
      <line num="351" type="stmt" count="17"/>
      <line num="352" type="stmt" count="17"/>
      <line num="353" type="stmt" count="17"/>
      <line num="354" type="stmt" count="17"/>
      <line num="355" type="stmt" count="17"/>
      <line num="356" type="stmt" count="17"/>
      <line num="357" type="stmt" count="17"/>
      <line num="378" type="method" name="process_audio_single" visibility="private" complexity="8" crap="8" count="9"/>
      <line num="385" type="stmt" count="9"/>
      <line num="386" type="stmt" count="9"/>
      <line num="387" type="stmt" count="3"/>
      <line num="391" type="stmt" count="9"/>
      <line num="392" type="stmt" count="9"/>
      <line num="393" type="stmt" count="6"/>
      <line num="395" type="stmt" count="9"/>
      <line num="396" type="stmt" count="2"/>
      <line num="399" type="stmt" count="9"/>
      <line num="401" type="stmt" count="1"/>
      <line num="405" type="stmt" count="8"/>
      <line num="406" type="stmt" count="8"/>
      <line num="407" type="stmt" count="8"/>
      <line num="408" type="stmt" count="8"/>
      <line num="409" type="stmt" count="8"/>
      <line num="410" type="stmt" count="8"/>
      <line num="411" type="stmt" count="8"/>
      <line num="412" type="stmt" count="8"/>
      <line num="413" type="stmt" count="8"/>
      <line num="414" type="stmt" count="8"/>
      <line num="415" type="stmt" count="8"/>
      <line num="416" type="stmt" count="8"/>
      <line num="417" type="stmt" count="8"/>
      <line num="419" type="stmt" count="8"/>
      <line num="421" type="stmt" count="8"/>
      <line num="422" type="stmt" count="1"/>
      <line num="426" type="stmt" count="7"/>
      <line num="427" type="stmt" count="7"/>
      <line num="429" type="stmt" count="7"/>
      <line num="430" type="stmt" count="1"/>
      <line num="433" type="stmt" count="6"/>
      <line num="434" type="stmt" count="6"/>
      <line num="435" type="stmt" count="6"/>
      <line num="441" type="stmt" count="6"/>
      <line num="442" type="stmt" count="6"/>
      <line num="443" type="stmt" count="6"/>
      <line num="444" type="stmt" count="6"/>
      <line num="445" type="stmt" count="6"/>
      <line num="446" type="stmt" count="6"/>
      <line num="447" type="stmt" count="6"/>
      <line num="448" type="stmt" count="6"/>
      <line num="449" type="stmt" count="6"/>
      <line num="450" type="stmt" count="6"/>
      <line num="451" type="stmt" count="6"/>
      <line num="452" type="stmt" count="6"/>
      <line num="453" type="stmt" count="6"/>
      <line num="454" type="stmt" count="6"/>
      <line num="458" type="method" name="audio_failure_result" visibility="private" complexity="1" crap="1" count="3"/>
      <line num="459" type="stmt" count="3"/>
      <line num="460" type="stmt" count="3"/>
      <line num="461" type="stmt" count="3"/>
      <line num="462" type="stmt" count="3"/>
      <line num="463" type="stmt" count="3"/>
      <line num="464" type="stmt" count="3"/>
      <line num="465" type="stmt" count="3"/>
      <line num="466" type="stmt" count="3"/>
      <line num="467" type="stmt" count="3"/>
      <line num="468" type="stmt" count="3"/>
      <line num="469" type="stmt" count="3"/>
      <line num="470" type="stmt" count="3"/>
      <line num="471" type="stmt" count="3"/>
      <line num="472" type="stmt" count="3"/>
      <line num="473" type="stmt" count="3"/>
      <line num="474" type="stmt" count="3"/>
      <line num="475" type="stmt" count="3"/>
      <line num="510" type="method" name="process_video_single" visibility="private" complexity="5" crap="30" count="0"/>
      <line num="518" type="stmt" count="0"/>
      <line num="521" type="stmt" count="0"/>
      <line num="523" type="stmt" count="0"/>
      <line num="524" type="stmt" count="0"/>
      <line num="525" type="stmt" count="0"/>
      <line num="526" type="stmt" count="0"/>
      <line num="527" type="stmt" count="0"/>
      <line num="528" type="stmt" count="0"/>
      <line num="529" type="stmt" count="0"/>
      <line num="530" type="stmt" count="0"/>
      <line num="531" type="stmt" count="0"/>
      <line num="532" type="stmt" count="0"/>
      <line num="533" type="stmt" count="0"/>
      <line num="534" type="stmt" count="0"/>
      <line num="535" type="stmt" count="0"/>
      <line num="536" type="stmt" count="0"/>
      <line num="537" type="stmt" count="0"/>
      <line num="538" type="stmt" count="0"/>
      <line num="539" type="stmt" count="0"/>
      <line num="540" type="stmt" count="0"/>
      <line num="541" type="stmt" count="0"/>
      <line num="542" type="stmt" count="0"/>
      <line num="548" type="stmt" count="0"/>
      <line num="558" type="method" name="describe_video_from_context" visibility="private" complexity="4" crap="20" count="0"/>
      <line num="566" type="stmt" count="0"/>
      <line num="567" type="stmt" count="0"/>
      <line num="568" type="stmt" count="0"/>
      <line num="569" type="stmt" count="0"/>
      <line num="570" type="stmt" count="0"/>
      <line num="573" type="stmt" count="0"/>
      <line num="574" type="stmt" count="0"/>
      <line num="575" type="stmt" count="0"/>
      <line num="576" type="stmt" count="0"/>
      <line num="577" type="stmt" count="0"/>
      <line num="578" type="stmt" count="0"/>
      <line num="579" type="stmt" count="0"/>
      <line num="580" type="stmt" count="0"/>
      <line num="581" type="stmt" count="0"/>
      <line num="582" type="stmt" count="0"/>
      <line num="583" type="stmt" count="0"/>
      <line num="584" type="stmt" count="0"/>
      <line num="585" type="stmt" count="0"/>
      <line num="587" type="stmt" count="0"/>
      <line num="589" type="stmt" count="0"/>
      <line num="590" type="stmt" count="0"/>
      <line num="591" type="stmt" count="0"/>
      <line num="592" type="stmt" count="0"/>
      <line num="593" type="stmt" count="0"/>
      <line num="596" type="stmt" count="0"/>
      <line num="597" type="stmt" count="0"/>
      <line num="599" type="stmt" count="0"/>
      <line num="600" type="stmt" count="0"/>
      <line num="601" type="stmt" count="0"/>
      <line num="602" type="stmt" count="0"/>
      <line num="603" type="stmt" count="0"/>
      <line num="606" type="stmt" count="0"/>
      <line num="607" type="stmt" count="0"/>
      <line num="608" type="stmt" count="0"/>
      <line num="609" type="stmt" count="0"/>
      <line num="610" type="stmt" count="0"/>
      <line num="611" type="stmt" count="0"/>
      <line num="612" type="stmt" count="0"/>
      <line num="613" type="stmt" count="0"/>
      <line num="614" type="stmt" count="0"/>
      <line num="615" type="stmt" count="0"/>
      <line num="616" type="stmt" count="0"/>
      <line num="617" type="stmt" count="0"/>
      <line num="618" type="stmt" count="0"/>
      <line num="619" type="stmt" count="0"/>
      <line num="620" type="stmt" count="0"/>
      <line num="621" type="stmt" count="0"/>
      <line num="622" type="stmt" count="0"/>
      <line num="623" type="stmt" count="0"/>
      <line num="624" type="stmt" count="0"/>
      <line num="628" type="method" name="video_failure_result" visibility="private" complexity="1" crap="2" count="0"/>
      <line num="636" type="stmt" count="0"/>
      <line num="637" type="stmt" count="0"/>
      <line num="638" type="stmt" count="0"/>
      <line num="639" type="stmt" count="0"/>
      <line num="640" type="stmt" count="0"/>
      <line num="641" type="stmt" count="0"/>
      <line num="642" type="stmt" count="0"/>
      <line num="643" type="stmt" count="0"/>
      <line num="644" type="stmt" count="0"/>
      <line num="645" type="stmt" count="0"/>
      <line num="646" type="stmt" count="0"/>
      <line num="647" type="stmt" count="0"/>
      <line num="648" type="stmt" count="0"/>
      <line num="649" type="stmt" count="0"/>
      <line num="650" type="stmt" count="0"/>
      <line num="651" type="stmt" count="0"/>
      <line num="652" type="stmt" count="0"/>
      <line num="653" type="stmt" count="0"/>
      <line num="654" type="stmt" count="0"/>
      <line num="692" type="method" name="extract_event_fields" visibility="public" complexity="10" crap="10" count="16"/>
      <line num="693" type="stmt" count="16"/>
      <line num="695" type="stmt" count="16"/>
      <line num="696" type="stmt" count="16"/>
      <line num="698" type="stmt" count="16"/>
      <line num="699" type="stmt" count="2"/>
      <line num="702" type="stmt" count="14"/>
      <line num="704" type="stmt" count="14"/>
      <line num="705" type="stmt" count="14"/>
      <line num="706" type="stmt" count="14"/>
      <line num="707" type="stmt" count="14"/>
      <line num="708" type="stmt" count="14"/>
      <line num="709" type="stmt" count="14"/>
      <line num="710" type="stmt" count="14"/>
      <line num="711" type="stmt" count="14"/>
      <line num="712" type="stmt" count="14"/>
      <line num="713" type="stmt" count="14"/>
      <line num="714" type="stmt" count="14"/>
      <line num="715" type="stmt" count="14"/>
      <line num="716" type="stmt" count="14"/>
      <line num="717" type="stmt" count="14"/>
      <line num="718" type="stmt" count="14"/>
      <line num="719" type="stmt" count="14"/>
      <line num="720" type="stmt" count="14"/>
      <line num="722" type="stmt" count="14"/>
      <line num="724" type="stmt" count="14"/>
      <line num="725" type="stmt" count="1"/>
      <line num="729" type="stmt" count="13"/>
      <line num="730" type="stmt" count="13"/>
      <line num="732" type="stmt" count="13"/>
      <line num="733" type="stmt" count="1"/>
      <line num="736" type="stmt" count="12"/>
      <line num="737" type="stmt" count="12"/>
      <line num="738" type="stmt" count="12"/>
      <line num="739" type="stmt" count="12"/>
      <line num="743" type="stmt" count="12"/>
      <line num="744" type="stmt" count="1"/>
      <line num="751" type="stmt" count="12"/>
      <line num="752" type="stmt" count="0"/>
      <line num="755" type="stmt" count="12"/>
      <line num="764" type="method" name="chat" visibility="public" complexity="1" crap="2" count="0"/>
      <line num="765" type="stmt" count="0"/>
      <line num="774" type="method" name="polish" visibility="public" complexity="3" crap="3" count="7"/>
      <line num="775" type="stmt" count="7"/>
      <line num="776" type="stmt" count="3"/>
      <line num="778" type="stmt" count="4"/>
      <line num="779" type="stmt" count="4"/>
      <line num="780" type="stmt" count="4"/>
      <line num="803" type="method" name="merge_biography" visibility="public" complexity="4" crap="4" count="6"/>
      <line num="804" type="stmt" count="6"/>
      <line num="805" type="stmt" count="2"/>
      <line num="808" type="stmt" count="4"/>
      <line num="809" type="stmt" count="4"/>
      <line num="810" type="stmt" count="4"/>
      <line num="811" type="stmt" count="4"/>
      <line num="812" type="stmt" count="4"/>
      <line num="813" type="stmt" count="4"/>
      <line num="814" type="stmt" count="4"/>
      <line num="815" type="stmt" count="4"/>
      <line num="816" type="stmt" count="4"/>
      <line num="817" type="stmt" count="4"/>
      <line num="818" type="stmt" count="4"/>
      <line num="819" type="stmt" count="4"/>
      <line num="820" type="stmt" count="4"/>
      <line num="822" type="stmt" count="4"/>
      <line num="866" type="method" name="classify_link" visibility="public" complexity="8" crap="8.03" count="6"/>
      <line num="867" type="stmt" count="6"/>
      <line num="868" type="stmt" count="1"/>
      <line num="871" type="stmt" count="5"/>
      <line num="872" type="stmt" count="5"/>
      <line num="873" type="stmt" count="5"/>
      <line num="874" type="stmt" count="5"/>
      <line num="875" type="stmt" count="5"/>
      <line num="876" type="stmt" count="5"/>
      <line num="877" type="stmt" count="5"/>
      <line num="878" type="stmt" count="5"/>
      <line num="879" type="stmt" count="5"/>
      <line num="880" type="stmt" count="5"/>
      <line num="881" type="stmt" count="5"/>
      <line num="882" type="stmt" count="5"/>
      <line num="883" type="stmt" count="5"/>
      <line num="884" type="stmt" count="5"/>
      <line num="885" type="stmt" count="5"/>
      <line num="887" type="stmt" count="5"/>
      <line num="888" type="stmt" count="5"/>
      <line num="889" type="stmt" count="0"/>
      <line num="892" type="stmt" count="5"/>
      <line num="894" type="stmt" count="5"/>
      <line num="895" type="stmt" count="5"/>
      <line num="897" type="stmt" count="1"/>
      <line num="898" type="stmt" count="1"/>
      <line num="901" type="stmt" count="0"/>
      <line num="934" type="method" name="classify_text" visibility="public" complexity="5" crap="5" count="7"/>
      <line num="935" type="stmt" count="7"/>
      <line num="936" type="stmt" count="1"/>
      <line num="939" type="stmt" count="6"/>
      <line num="940" type="stmt" count="6"/>
      <line num="941" type="stmt" count="6"/>
      <line num="942" type="stmt" count="6"/>
      <line num="943" type="stmt" count="6"/>
      <line num="944" type="stmt" count="6"/>
      <line num="945" type="stmt" count="6"/>
      <line num="946" type="stmt" count="6"/>
      <line num="947" type="stmt" count="6"/>
      <line num="948" type="stmt" count="6"/>
      <line num="949" type="stmt" count="6"/>
      <line num="950" type="stmt" count="6"/>
      <line num="951" type="stmt" count="6"/>
      <line num="953" type="stmt" count="6"/>
      <line num="954" type="stmt" count="6"/>
      <line num="955" type="stmt" count="1"/>
      <line num="958" type="stmt" count="6"/>
      <line num="960" type="stmt" count="6"/>
      <line num="961" type="stmt" count="5"/>
      <line num="963" type="stmt" count="2"/>
      <line num="964" type="stmt" count="1"/>
      <line num="967" type="stmt" count="1"/>
      <line num="986" type="method" name="neutralize_prompt_delimiters" visibility="private" complexity="1" crap="1" count="25"/>
      <line num="987" type="stmt" count="25"/>
      <line num="1010" type="method" name="generate_newsletter_intro" visibility="public" complexity="10" crap="10" count="8"/>
      <line num="1011" type="stmt" count="8"/>
      <line num="1012" type="stmt" count="8"/>
      <line num="1013" type="stmt" count="8"/>
      <line num="1014" type="stmt" count="8"/>
      <line num="1016" type="stmt" count="8"/>
      <line num="1017" type="stmt" count="1"/>
      <line num="1020" type="stmt" count="7"/>
      <line num="1021" type="stmt" count="7"/>
      <line num="1022" type="stmt" count="5"/>
      <line num="1024" type="stmt" count="7"/>
      <line num="1025" type="stmt" count="0"/>
      <line num="1027" type="stmt" count="7"/>
      <line num="1028" type="stmt" count="1"/>
      <line num="1030" type="stmt" count="7"/>
      <line num="1031" type="stmt" count="1"/>
      <line num="1034" type="stmt" count="7"/>
      <line num="1035" type="stmt" count="3"/>
      <line num="1036" type="stmt" count="5"/>
      <line num="1038" type="stmt" count="7"/>
      <line num="1039" type="stmt" count="7"/>
      <line num="1040" type="stmt" count="7"/>
      <line num="1041" type="stmt" count="7"/>
      <line num="1042" type="stmt" count="7"/>
      <line num="1043" type="stmt" count="7"/>
      <line num="1044" type="stmt" count="7"/>
      <line num="1045" type="stmt" count="7"/>
      <line num="1047" type="stmt" count="7"/>
      <line num="1053" type="method" name="describe_digest_item" visibility="private" complexity="3" crap="3" count="5"/>
      <line num="1054" type="stmt" count="5"/>
      <line num="1055" type="stmt" count="5"/>
      <line num="1056" type="stmt" count="5"/>
      <line num="1058" type="stmt" count="5"/>
      <line num="1059" type="stmt" count="5"/>
      <line num="1060" type="stmt" count="5"/>
      <line num="1062" type="stmt" count="5"/>
      <line num="1069" type="method" name="resolve_description_provider" visibility="private" complexity="5" crap="6.20" count="77"/>
      <line num="1070" type="stmt" count="77"/>
      <line num="1073" type="stmt" count="77"/>
      <line num="1074" type="stmt" count="0"/>
      <line num="1075" type="stmt" count="0"/>
      <line num="1076" type="stmt" count="0"/>
      <line num="1078" type="stmt" count="77"/>
      <line num="1079" type="stmt" count="0"/>
      <line num="1081" type="stmt" count="77"/>
      <line num="1083" type="stmt" count="77"/>
      <line num="1084" type="stmt" count="77"/>
      <line num="1085" type="stmt" count="77"/>
      <line num="1089" type="method" name="resolve_enhancement_provider" visibility="private" complexity="5" crap="8.90" count="77"/>
      <line num="1090" type="stmt" count="77"/>
      <line num="1092" type="stmt" count="77"/>
      <line num="1093" type="stmt" count="0"/>
      <line num="1096" type="stmt" count="77"/>
      <line num="1097" type="stmt" count="0"/>
      <line num="1098" type="stmt" count="0"/>
      <line num="1099" type="stmt" count="0"/>
      <line num="1100" type="stmt" count="0"/>
      <line num="1105" type="stmt" count="77"/>
      <line num="1106" type="stmt" count="77"/>
      <line num="1107" type="stmt" count="0"/>
      <line num="1108" type="stmt" count="0"/>
      <line num="1111" type="stmt" count="77"/>
      <metrics loc="1114" ncloc="688" classes="1" methods="22" coveredmethods="9" conditionals="0" coveredconditionals="0" statements="448" coveredstatements="294" elements="470" coveredelements="303"/>
    </file>
    <file name="/Users/tiger/Github/agnosis/includes/AI/PromptConfig.php">
      <class name="Agnosis\AI\PromptConfig" namespace="global">
        <metrics complexity="15" methods="10" coveredmethods="8" conditionals="0" coveredconditionals="0" statements="101" coveredstatements="69" elements="111" coveredelements="77"/>
      </class>
      <line num="54" type="method" name="__construct" visibility="public" complexity="1" crap="1" count="105"/>
      <line num="62" type="stmt" count="105"/>
      <line num="65" type="method" name="from_options" visibility="public" complexity="1" crap="1" count="89"/>
      <line num="66" type="stmt" count="89"/>
      <line num="67" type="stmt" count="89"/>
      <line num="68" type="stmt" count="89"/>
      <line num="69" type="stmt" count="89"/>
      <line num="70" type="stmt" count="89"/>
      <line num="71" type="stmt" count="89"/>
      <line num="72" type="stmt" count="89"/>
      <line num="73" type="stmt" count="89"/>
      <line num="74" type="stmt" count="89"/>
      <line num="90" type="method" name="resolved_system_prompt" visibility="public" complexity="1" crap="1" count="5"/>
      <line num="91" type="stmt" count="5"/>
      <line num="92" type="stmt" count="5"/>
      <line num="93" type="stmt" count="5"/>
      <line num="94" type="stmt" count="5"/>
      <line num="95" type="stmt" count="5"/>
      <line num="125" type="method" name="medium_terms" visibility="public" complexity="4" crap="20" count="0"/>
      <line num="126" type="stmt" count="0"/>
      <line num="127" type="stmt" count="0"/>
      <line num="130" type="stmt" count="0"/>
      <line num="131" type="stmt" count="0"/>
      <line num="132" type="stmt" count="0"/>
      <line num="133" type="stmt" count="0"/>
      <line num="134" type="stmt" count="0"/>
      <line num="135" type="stmt" count="0"/>
      <line num="136" type="stmt" count="0"/>
      <line num="137" type="stmt" count="0"/>
      <line num="138" type="stmt" count="0"/>
      <line num="139" type="stmt" count="0"/>
      <line num="140" type="stmt" count="0"/>
      <line num="142" type="stmt" count="0"/>
      <line num="143" type="stmt" count="0"/>
      <line num="146" type="stmt" count="0"/>
      <line num="153" type="method" name="build_user_message" visibility="public" complexity="2" crap="2" count="4"/>
      <line num="154" type="stmt" count="4"/>
      <line num="155" type="stmt" count="1"/>
      <line num="156" type="stmt" count="3"/>
      <line num="158" type="stmt" count="4"/>
      <line num="174" type="method" name="build_targeted_enhancement_instructions" visibility="public" complexity="2" crap="2" count="7"/>
      <line num="175" type="stmt" count="7"/>
      <line num="176" type="stmt" count="3"/>
      <line num="179" type="stmt" count="4"/>
      <line num="181" type="stmt" count="4"/>
      <line num="182" type="stmt" count="4"/>
      <line num="183" type="stmt" count="4"/>
      <line num="184" type="stmt" count="4"/>
      <line num="185" type="stmt" count="4"/>
      <line num="186" type="stmt" count="4"/>
      <line num="189" type="method" name="default_system_prompt" visibility="public" complexity="1" crap="1" count="91"/>
      <line num="190" type="stmt" count="91"/>
      <line num="192" type="stmt" count="91"/>
      <line num="193" type="stmt" count="91"/>
      <line num="195" type="stmt" count="91"/>
      <line num="196" type="stmt" count="91"/>
      <line num="197" type="stmt" count="91"/>
      <line num="198" type="stmt" count="91"/>
      <line num="199" type="stmt" count="91"/>
      <line num="201" type="stmt" count="91"/>
      <line num="202" type="stmt" count="91"/>
      <line num="203" type="stmt" count="91"/>
      <line num="204" type="stmt" count="91"/>
      <line num="206" type="stmt" count="91"/>
      <line num="207" type="stmt" count="91"/>
      <line num="208" type="stmt" count="91"/>
      <line num="210" type="stmt" count="91"/>
      <line num="211" type="stmt" count="91"/>
      <line num="212" type="stmt" count="91"/>
      <line num="213" type="stmt" count="91"/>
      <line num="214" type="stmt" count="91"/>
      <line num="215" type="stmt" count="91"/>
      <line num="216" type="stmt" count="91"/>
      <line num="217" type="stmt" count="91"/>
      <line num="218" type="stmt" count="91"/>
      <line num="219" type="stmt" count="91"/>
      <line num="220" type="stmt" count="91"/>
      <line num="221" type="stmt" count="91"/>
      <line num="222" type="stmt" count="91"/>
      <line num="223" type="stmt" count="91"/>
      <line num="224" type="stmt" count="91"/>
      <line num="227" type="method" name="default_user_template" visibility="public" complexity="1" crap="1" count="90"/>
      <line num="228" type="stmt" count="90"/>
      <line num="229" type="stmt" count="90"/>
      <line num="230" type="stmt" count="90"/>
      <line num="231" type="stmt" count="90"/>
      <line num="232" type="stmt" count="90"/>
      <line num="250" type="method" name="secondary_system_prompt" visibility="public" complexity="1" crap="2" count="0"/>
      <line num="251" type="stmt" count="0"/>
      <line num="252" type="stmt" count="0"/>
      <line num="253" type="stmt" count="0"/>
      <line num="254" type="stmt" count="0"/>
      <line num="255" type="stmt" count="0"/>
      <line num="256" type="stmt" count="0"/>
      <line num="257" type="stmt" count="0"/>
      <line num="258" type="stmt" count="0"/>
      <line num="259" type="stmt" count="0"/>
      <line num="260" type="stmt" count="0"/>
      <line num="261" type="stmt" count="0"/>
      <line num="262" type="stmt" count="0"/>
      <line num="263" type="stmt" count="0"/>
      <line num="264" type="stmt" count="0"/>
      <line num="265" type="stmt" count="0"/>
      <line num="266" type="stmt" count="0"/>
      <line num="269" type="method" name="default_enhancement_instructions" visibility="public" complexity="1" crap="1" count="90"/>
      <line num="270" type="stmt" count="90"/>
      <line num="271" type="stmt" count="90"/>
      <line num="272" type="stmt" count="90"/>
      <line num="273" type="stmt" count="90"/>
      <line num="274" type="stmt" count="90"/>
      <line num="275" type="stmt" count="90"/>
      <metrics loc="278" ncloc="174" classes="1" methods="10" coveredmethods="8" conditionals="0" coveredconditionals="0" statements="101" coveredstatements="69" elements="111" coveredelements="77"/>
    </file>
    <file name="/Users/tiger/Github/agnosis/includes/AI/ProviderInterface.php">
      <metrics loc="105" ncloc="23" classes="0" methods="0" coveredmethods="0" conditionals="0" coveredconditionals="0" statements="0" coveredstatements="0" elements="0" coveredelements="0"/>
    </file>
    <file name="/Users/tiger/Github/agnosis/includes/AI/Providers/Anthropic.php">
      <class name="Agnosis\AI\Providers\Anthropic" namespace="global">
        <metrics complexity="26" methods="8" coveredmethods="1" conditionals="0" coveredconditionals="0" statements="153" coveredstatements="1" elements="161" coveredelements="2"/>
      </class>
      <line num="27" type="method" name="__construct" visibility="public" complexity="1" crap="1" count="1"/>
      <line num="31" type="stmt" count="1"/>
      <line num="33" type="method" name="describe" visibility="public" complexity="8" crap="72" count="0"/>
      <line num="34" type="stmt" count="0"/>
      <line num="35" type="stmt" count="0"/>
      <line num="42" type="stmt" count="0"/>
      <line num="44" type="stmt" count="0"/>
      <line num="45" type="stmt" count="0"/>
      <line num="46" type="stmt" count="0"/>
      <line num="48" type="stmt" count="0"/>
      <line num="49" type="stmt" count="0"/>
      <line num="50" type="stmt" count="0"/>
      <line num="51" type="stmt" count="0"/>
      <line num="52" type="stmt" count="0"/>
      <line num="53" type="stmt" count="0"/>
      <line num="54" type="stmt" count="0"/>
      <line num="55" type="stmt" count="0"/>
      <line num="56" type="stmt" count="0"/>
      <line num="57" type="stmt" count="0"/>
      <line num="58" type="stmt" count="0"/>
      <line num="59" type="stmt" count="0"/>
      <line num="60" type="stmt" count="0"/>
      <line num="61" type="stmt" count="0"/>
      <line num="62" type="stmt" count="0"/>
      <line num="63" type="stmt" count="0"/>
      <line num="64" type="stmt" count="0"/>
      <line num="65" type="stmt" count="0"/>
      <line num="66" type="stmt" count="0"/>
      <line num="67" type="stmt" count="0"/>
      <line num="68" type="stmt" count="0"/>
      <line num="69" type="stmt" count="0"/>
      <line num="70" type="stmt" count="0"/>
      <line num="71" type="stmt" count="0"/>
      <line num="73" type="stmt" count="0"/>
      <line num="74" type="stmt" count="0"/>
      <line num="77" type="stmt" count="0"/>
      <line num="78" type="stmt" count="0"/>
      <line num="79" type="stmt" count="0"/>
      <line num="80" type="stmt" count="0"/>
      <line num="81" type="stmt" count="0"/>
      <line num="82" type="stmt" count="0"/>
      <line num="83" type="stmt" count="0"/>
      <line num="84" type="stmt" count="0"/>
      <line num="85" type="stmt" count="0"/>
      <line num="87" type="stmt" count="0"/>
      <line num="88" type="stmt" count="0"/>
      <line num="91" type="stmt" count="0"/>
      <line num="92" type="stmt" count="0"/>
      <line num="93" type="stmt" count="0"/>
      <line num="95" type="stmt" count="0"/>
      <line num="96" type="stmt" count="0"/>
      <line num="99" type="stmt" count="0"/>
      <line num="101" type="stmt" count="0"/>
      <line num="102" type="stmt" count="0"/>
      <line num="105" type="stmt" count="0"/>
      <line num="106" type="stmt" count="0"/>
      <line num="107" type="stmt" count="0"/>
      <line num="109" type="stmt" count="0"/>
      <line num="110" type="stmt" count="0"/>
      <line num="111" type="stmt" count="0"/>
      <line num="112" type="stmt" count="0"/>
      <line num="113" type="stmt" count="0"/>
      <line num="114" type="stmt" count="0"/>
      <line num="115" type="stmt" count="0"/>
      <line num="116" type="stmt" count="0"/>
      <line num="117" type="stmt" count="0"/>
      <line num="118" type="stmt" count="0"/>
      <line num="119" type="stmt" count="0"/>
      <line num="130" type="method" name="describe_secondary" visibility="public" complexity="8" crap="72" count="0"/>
      <line num="131" type="stmt" count="0"/>
      <line num="132" type="stmt" count="0"/>
      <line num="135" type="stmt" count="0"/>
      <line num="136" type="stmt" count="0"/>
      <line num="138" type="stmt" count="0"/>
      <line num="139" type="stmt" count="0"/>
      <line num="140" type="stmt" count="0"/>
      <line num="141" type="stmt" count="0"/>
      <line num="142" type="stmt" count="0"/>
      <line num="143" type="stmt" count="0"/>
      <line num="144" type="stmt" count="0"/>
      <line num="145" type="stmt" count="0"/>
      <line num="146" type="stmt" count="0"/>
      <line num="147" type="stmt" count="0"/>
      <line num="148" type="stmt" count="0"/>
      <line num="149" type="stmt" count="0"/>
      <line num="150" type="stmt" count="0"/>
      <line num="151" type="stmt" count="0"/>
      <line num="152" type="stmt" count="0"/>
      <line num="153" type="stmt" count="0"/>
      <line num="154" type="stmt" count="0"/>
      <line num="155" type="stmt" count="0"/>
      <line num="156" type="stmt" count="0"/>
      <line num="157" type="stmt" count="0"/>
      <line num="159" type="stmt" count="0"/>
      <line num="160" type="stmt" count="0"/>
      <line num="163" type="stmt" count="0"/>
      <line num="164" type="stmt" count="0"/>
      <line num="165" type="stmt" count="0"/>
      <line num="166" type="stmt" count="0"/>
      <line num="167" type="stmt" count="0"/>
      <line num="168" type="stmt" count="0"/>
      <line num="169" type="stmt" count="0"/>
      <line num="170" type="stmt" count="0"/>
      <line num="171" type="stmt" count="0"/>
      <line num="173" type="stmt" count="0"/>
      <line num="174" type="stmt" count="0"/>
      <line num="177" type="stmt" count="0"/>
      <line num="178" type="stmt" count="0"/>
      <line num="179" type="stmt" count="0"/>
      <line num="181" type="stmt" count="0"/>
      <line num="182" type="stmt" count="0"/>
      <line num="185" type="stmt" count="0"/>
      <line num="187" type="stmt" count="0"/>
      <line num="188" type="stmt" count="0"/>
      <line num="191" type="stmt" count="0"/>
      <line num="192" type="stmt" count="0"/>
      <line num="193" type="stmt" count="0"/>
      <line num="195" type="stmt" count="0"/>
      <line num="196" type="stmt" count="0"/>
      <line num="197" type="stmt" count="0"/>
      <line num="198" type="stmt" count="0"/>
      <line num="199" type="stmt" count="0"/>
      <line num="200" type="stmt" count="0"/>
      <line num="201" type="stmt" count="0"/>
      <line num="202" type="stmt" count="0"/>
      <line num="203" type="stmt" count="0"/>
      <line num="204" type="stmt" count="0"/>
      <line num="205" type="stmt" count="0"/>
      <line num="208" type="method" name="enhance" visibility="public" complexity="1" crap="2" count="0"/>
      <line num="210" type="stmt" count="0"/>
      <line num="213" type="method" name="supports_enhancement" visibility="public" complexity="1" crap="2" count="0"/>
      <line num="214" type="stmt" count="0"/>
      <line num="217" type="method" name="chat" visibility="public" complexity="5" crap="30" count="0"/>
      <line num="218" type="stmt" count="0"/>
      <line num="219" type="stmt" count="0"/>
      <line num="222" type="stmt" count="0"/>
      <line num="223" type="stmt" count="0"/>
      <line num="224" type="stmt" count="0"/>
      <line num="225" type="stmt" count="0"/>
      <line num="226" type="stmt" count="0"/>
      <line num="227" type="stmt" count="0"/>
      <line num="228" type="stmt" count="0"/>
      <line num="230" type="stmt" count="0"/>
      <line num="231" type="stmt" count="0"/>
      <line num="234" type="stmt" count="0"/>
      <line num="235" type="stmt" count="0"/>
      <line num="236" type="stmt" count="0"/>
      <line num="237" type="stmt" count="0"/>
      <line num="238" type="stmt" count="0"/>
      <line num="239" type="stmt" count="0"/>
      <line num="240" type="stmt" count="0"/>
      <line num="241" type="stmt" count="0"/>
      <line num="242" type="stmt" count="0"/>
      <line num="244" type="stmt" count="0"/>
      <line num="245" type="stmt" count="0"/>
      <line num="248" type="stmt" count="0"/>
      <line num="249" type="stmt" count="0"/>
      <line num="256" type="method" name="transcribe" visibility="public" complexity="1" crap="2" count="0"/>
      <line num="257" type="stmt" count="0"/>
      <line num="260" type="method" name="supports_audio" visibility="public" complexity="1" crap="2" count="0"/>
      <line num="261" type="stmt" count="0"/>
      <metrics loc="264" ncloc="236" classes="1" methods="8" coveredmethods="1" conditionals="0" coveredconditionals="0" statements="153" coveredstatements="1" elements="161" coveredelements="2"/>
    </file>
    <file name="/Users/tiger/Github/agnosis/includes/AI/Providers/OpenAI.php">
      <class name="Agnosis\AI\Providers\OpenAI" namespace="global">
        <metrics complexity="34" methods="9" coveredmethods="1" conditionals="0" coveredconditionals="0" statements="215" coveredstatements="3" elements="224" coveredelements="4"/>
      </class>
      <line num="27" type="method" name="__construct" visibility="public" complexity="1" crap="1" count="78"/>
      <line num="32" type="stmt" count="78"/>
      <line num="38" type="method" name="describe" visibility="public" complexity="8" crap="65.27" count="1"/>
      <line num="39" type="stmt" count="1"/>
      <line num="40" type="stmt" count="1"/>
      <line num="47" type="stmt" count="0"/>
      <line num="49" type="stmt" count="0"/>
      <line num="50" type="stmt" count="0"/>
      <line num="52" type="stmt" count="0"/>
      <line num="53" type="stmt" count="0"/>
      <line num="55" type="stmt" count="0"/>
      <line num="56" type="stmt" count="0"/>
      <line num="57" type="stmt" count="0"/>
      <line num="58" type="stmt" count="0"/>
      <line num="59" type="stmt" count="0"/>
      <line num="60" type="stmt" count="0"/>
      <line num="61" type="stmt" count="0"/>
      <line num="62" type="stmt" count="0"/>
      <line num="63" type="stmt" count="0"/>
      <line num="64" type="stmt" count="0"/>
      <line num="65" type="stmt" count="0"/>
      <line num="66" type="stmt" count="0"/>
      <line num="67" type="stmt" count="0"/>
      <line num="68" type="stmt" count="0"/>
      <line num="69" type="stmt" count="0"/>
      <line num="71" type="stmt" count="0"/>
      <line num="72" type="stmt" count="0"/>
      <line num="75" type="stmt" count="0"/>
      <line num="76" type="stmt" count="0"/>
      <line num="77" type="stmt" count="0"/>
      <line num="78" type="stmt" count="0"/>
      <line num="79" type="stmt" count="0"/>
      <line num="80" type="stmt" count="0"/>
      <line num="81" type="stmt" count="0"/>
      <line num="82" type="stmt" count="0"/>
      <line num="84" type="stmt" count="0"/>
      <line num="85" type="stmt" count="0"/>
      <line num="88" type="stmt" count="0"/>
      <line num="89" type="stmt" count="0"/>
      <line num="91" type="stmt" count="0"/>
      <line num="92" type="stmt" count="0"/>
      <line num="95" type="stmt" count="0"/>
      <line num="97" type="stmt" count="0"/>
      <line num="98" type="stmt" count="0"/>
      <line num="101" type="stmt" count="0"/>
      <line num="102" type="stmt" count="0"/>
      <line num="103" type="stmt" count="0"/>
      <line num="105" type="stmt" count="0"/>
      <line num="106" type="stmt" count="0"/>
      <line num="107" type="stmt" count="0"/>
      <line num="108" type="stmt" count="0"/>
      <line num="109" type="stmt" count="0"/>
      <line num="110" type="stmt" count="0"/>
      <line num="111" type="stmt" count="0"/>
      <line num="112" type="stmt" count="0"/>
      <line num="113" type="stmt" count="0"/>
      <line num="114" type="stmt" count="0"/>
      <line num="115" type="stmt" count="0"/>
      <line num="128" type="method" name="describe_secondary" visibility="public" complexity="8" crap="72" count="0"/>
      <line num="129" type="stmt" count="0"/>
      <line num="130" type="stmt" count="0"/>
      <line num="133" type="stmt" count="0"/>
      <line num="134" type="stmt" count="0"/>
      <line num="135" type="stmt" count="0"/>
      <line num="137" type="stmt" count="0"/>
      <line num="138" type="stmt" count="0"/>
      <line num="139" type="stmt" count="0"/>
      <line num="140" type="stmt" count="0"/>
      <line num="141" type="stmt" count="0"/>
      <line num="142" type="stmt" count="0"/>
      <line num="143" type="stmt" count="0"/>
      <line num="144" type="stmt" count="0"/>
      <line num="145" type="stmt" count="0"/>
      <line num="146" type="stmt" count="0"/>
      <line num="147" type="stmt" count="0"/>
      <line num="148" type="stmt" count="0"/>
      <line num="149" type="stmt" count="0"/>
      <line num="150" type="stmt" count="0"/>
      <line num="152" type="stmt" count="0"/>
      <line num="153" type="stmt" count="0"/>
      <line num="156" type="stmt" count="0"/>
      <line num="157" type="stmt" count="0"/>
      <line num="158" type="stmt" count="0"/>
      <line num="159" type="stmt" count="0"/>
      <line num="160" type="stmt" count="0"/>
      <line num="161" type="stmt" count="0"/>
      <line num="162" type="stmt" count="0"/>
      <line num="163" type="stmt" count="0"/>
      <line num="165" type="stmt" count="0"/>
      <line num="166" type="stmt" count="0"/>
      <line num="169" type="stmt" count="0"/>
      <line num="170" type="stmt" count="0"/>
      <line num="172" type="stmt" count="0"/>
      <line num="173" type="stmt" count="0"/>
      <line num="176" type="stmt" count="0"/>
      <line num="178" type="stmt" count="0"/>
      <line num="179" type="stmt" count="0"/>
      <line num="182" type="stmt" count="0"/>
      <line num="183" type="stmt" count="0"/>
      <line num="184" type="stmt" count="0"/>
      <line num="186" type="stmt" count="0"/>
      <line num="187" type="stmt" count="0"/>
      <line num="188" type="stmt" count="0"/>
      <line num="189" type="stmt" count="0"/>
      <line num="190" type="stmt" count="0"/>
      <line num="191" type="stmt" count="0"/>
      <line num="192" type="stmt" count="0"/>
      <line num="193" type="stmt" count="0"/>
      <line num="194" type="stmt" count="0"/>
      <line num="195" type="stmt" count="0"/>
      <line num="196" type="stmt" count="0"/>
      <line num="203" type="method" name="enhance" visibility="public" complexity="5" crap="30" count="0"/>
      <line num="204" type="stmt" count="0"/>
      <line num="205" type="stmt" count="0"/>
      <line num="209" type="stmt" count="0"/>
      <line num="210" type="stmt" count="0"/>
      <line num="212" type="stmt" count="0"/>
      <line num="213" type="stmt" count="0"/>
      <line num="214" type="stmt" count="0"/>
      <line num="215" type="stmt" count="0"/>
      <line num="216" type="stmt" count="0"/>
      <line num="217" type="stmt" count="0"/>
      <line num="218" type="stmt" count="0"/>
      <line num="219" type="stmt" count="0"/>
      <line num="221" type="stmt" count="0"/>
      <line num="222" type="stmt" count="0"/>
      <line num="225" type="stmt" count="0"/>
      <line num="226" type="stmt" count="0"/>
      <line num="228" type="stmt" count="0"/>
      <line num="229" type="stmt" count="0"/>
      <line num="232" type="stmt" count="0"/>
      <line num="234" type="stmt" count="0"/>
      <line num="235" type="stmt" count="0"/>
      <line num="236" type="stmt" count="0"/>
      <line num="237" type="stmt" count="0"/>
      <line num="238" type="stmt" count="0"/>
      <line num="241" type="method" name="supports_enhancement" visibility="public" complexity="1" crap="2" count="0"/>
      <line num="242" type="stmt" count="0"/>
      <line num="245" type="method" name="chat" visibility="public" complexity="5" crap="30" count="0"/>
      <line num="246" type="stmt" count="0"/>
      <line num="247" type="stmt" count="0"/>
      <line num="250" type="stmt" count="0"/>
      <line num="251" type="stmt" count="0"/>
      <line num="252" type="stmt" count="0"/>
      <line num="253" type="stmt" count="0"/>
      <line num="254" type="stmt" count="0"/>
      <line num="255" type="stmt" count="0"/>
      <line num="256" type="stmt" count="0"/>
      <line num="258" type="stmt" count="0"/>
      <line num="259" type="stmt" count="0"/>
      <line num="262" type="stmt" count="0"/>
      <line num="263" type="stmt" count="0"/>
      <line num="264" type="stmt" count="0"/>
      <line num="265" type="stmt" count="0"/>
      <line num="266" type="stmt" count="0"/>
      <line num="267" type="stmt" count="0"/>
      <line num="268" type="stmt" count="0"/>
      <line num="269" type="stmt" count="0"/>
      <line num="271" type="stmt" count="0"/>
      <line num="272" type="stmt" count="0"/>
      <line num="275" type="stmt" count="0"/>
      <line num="276" type="stmt" count="0"/>
      <line num="293" type="method" name="transcribe" visibility="public" complexity="4" crap="20" count="0"/>
      <line num="294" type="stmt" count="0"/>
      <line num="295" type="stmt" count="0"/>
      <line num="299" type="stmt" count="0"/>
      <line num="300" type="stmt" count="0"/>
      <line num="301" type="stmt" count="0"/>
      <line num="302" type="stmt" count="0"/>
      <line num="303" type="stmt" count="0"/>
      <line num="304" type="stmt" count="0"/>
      <line num="305" type="stmt" count="0"/>
      <line num="306" type="stmt" count="0"/>
      <line num="307" type="stmt" count="0"/>
      <line num="308" type="stmt" count="0"/>
      <line num="309" type="stmt" count="0"/>
      <line num="311" type="stmt" count="0"/>
      <line num="312" type="stmt" count="0"/>
      <line num="313" type="stmt" count="0"/>
      <line num="316" type="stmt" count="0"/>
      <line num="317" type="stmt" count="0"/>
      <line num="318" type="stmt" count="0"/>
      <line num="319" type="stmt" count="0"/>
      <line num="322" type="stmt" count="0"/>
      <line num="323" type="stmt" count="0"/>
      <line num="324" type="stmt" count="0"/>
      <line num="327" type="stmt" count="0"/>
      <line num="328" type="stmt" count="0"/>
      <line num="329" type="stmt" count="0"/>
      <line num="331" type="stmt" count="0"/>
      <line num="333" type="stmt" count="0"/>
      <line num="334" type="stmt" count="0"/>
      <line num="335" type="stmt" count="0"/>
      <line num="336" type="stmt" count="0"/>
      <line num="337" type="stmt" count="0"/>
      <line num="338" type="stmt" count="0"/>
      <line num="339" type="stmt" count="0"/>
      <line num="340" type="stmt" count="0"/>
      <line num="342" type="stmt" count="0"/>
      <line num="343" type="stmt" count="0"/>
      <line num="346" type="stmt" count="0"/>
      <line num="349" type="method" name="supports_audio" visibility="public" complexity="1" crap="2" count="0"/>
      <line num="350" type="stmt" count="0"/>
      <line num="355" type="method" name="build_multipart" visibility="private" complexity="1" crap="2" count="0"/>
      <line num="356" type="stmt" count="0"/>
      <line num="357" type="stmt" count="0"/>
      <line num="360" type="stmt" count="0"/>
      <line num="361" type="stmt" count="0"/>
      <line num="362" type="stmt" count="0"/>
      <line num="363" type="stmt" count="0"/>
      <line num="366" type="stmt" count="0"/>
      <line num="367" type="stmt" count="0"/>
      <line num="368" type="stmt" count="0"/>
      <line num="371" type="stmt" count="0"/>
      <line num="372" type="stmt" count="0"/>
      <line num="373" type="stmt" count="0"/>
      <line num="376" type="stmt" count="0"/>
      <line num="377" type="stmt" count="0"/>
      <line num="378" type="stmt" count="0"/>
      <line num="381" type="stmt" count="0"/>
      <line num="382" type="stmt" count="0"/>
      <line num="383" type="stmt" count="0"/>
      <line num="385" type="stmt" count="0"/>
      <line num="387" type="stmt" count="0"/>
      <metrics loc="390" ncloc="339" classes="1" methods="9" coveredmethods="1" conditionals="0" coveredconditionals="0" statements="215" coveredstatements="3" elements="224" coveredelements="4"/>
    </file>
    <file name="/Users/tiger/Github/agnosis/includes/AI/Providers/WordPressAI.php">
      <class name="Agnosis\AI\Providers\WordPressAI" namespace="global">
        <metrics complexity="20" methods="7" coveredmethods="0" conditionals="0" coveredconditionals="0" statements="59" coveredstatements="0" elements="66" coveredelements="0"/>
      </class>
      <line num="36" type="method" name="describe" visibility="public" complexity="10" crap="110" count="0"/>
      <line num="38" type="stmt" count="0"/>
      <line num="39" type="stmt" count="0"/>
      <line num="40" type="stmt" count="0"/>
      <line num="41" type="stmt" count="0"/>
      <line num="44" type="stmt" count="0"/>
      <line num="45" type="stmt" count="0"/>
      <line num="46" type="stmt" count="0"/>
      <line num="47" type="stmt" count="0"/>
      <line num="50" type="stmt" count="0"/>
      <line num="52" type="stmt" count="0"/>
      <line num="53" type="stmt" count="0"/>
      <line num="58" type="stmt" count="0"/>
      <line num="60" type="stmt" count="0"/>
      <line num="61" type="stmt" count="0"/>
      <line num="64" type="stmt" count="0"/>
      <line num="65" type="stmt" count="0"/>
      <line num="67" type="stmt" count="0"/>
      <line num="68" type="stmt" count="0"/>
      <line num="69" type="stmt" count="0"/>
      <line num="70" type="stmt" count="0"/>
      <line num="73" type="stmt" count="0"/>
      <line num="75" type="stmt" count="0"/>
      <line num="76" type="stmt" count="0"/>
      <line num="79" type="stmt" count="0"/>
      <line num="81" type="stmt" count="0"/>
      <line num="82" type="stmt" count="0"/>
      <line num="85" type="stmt" count="0"/>
      <line num="88" type="stmt" count="0"/>
      <line num="89" type="stmt" count="0"/>
      <line num="92" type="stmt" count="0"/>
      <line num="93" type="stmt" count="0"/>
      <line num="98" type="stmt" count="0"/>
      <line num="99" type="stmt" count="0"/>
      <line num="100" type="stmt" count="0"/>
      <line num="101" type="stmt" count="0"/>
      <line num="102" type="stmt" count="0"/>
      <line num="103" type="stmt" count="0"/>
      <line num="104" type="stmt" count="0"/>
      <line num="105" type="stmt" count="0"/>
      <line num="106" type="stmt" count="0"/>
      <line num="107" type="stmt" count="0"/>
      <line num="108" type="stmt" count="0"/>
      <line num="126" type="method" name="describe_secondary" visibility="public" complexity="1" crap="2" count="0"/>
      <line num="127" type="stmt" count="0"/>
      <line num="128" type="stmt" count="0"/>
      <line num="129" type="stmt" count="0"/>
      <line num="132" type="method" name="enhance" visibility="public" complexity="1" crap="2" count="0"/>
      <line num="133" type="stmt" count="0"/>
      <line num="134" type="stmt" count="0"/>
      <line num="135" type="stmt" count="0"/>
      <line num="138" type="method" name="supports_enhancement" visibility="public" complexity="1" crap="2" count="0"/>
      <line num="139" type="stmt" count="0"/>
      <line num="142" type="method" name="chat" visibility="public" complexity="4" crap="20" count="0"/>
      <line num="144" type="stmt" count="0"/>
      <line num="145" type="stmt" count="0"/>
      <line num="149" type="stmt" count="0"/>
      <line num="150" type="stmt" count="0"/>
      <line num="151" type="stmt" count="0"/>
      <line num="154" type="stmt" count="0"/>
      <line num="155" type="stmt" count="0"/>
      <line num="156" type="stmt" count="0"/>
      <line num="163" type="method" name="transcribe" visibility="public" complexity="1" crap="2" count="0"/>
      <line num="164" type="stmt" count="0"/>
      <line num="167" type="method" name="supports_audio" visibility="public" complexity="1" crap="2" count="0"/>
      <line num="168" type="stmt" count="0"/>
      <metrics loc="171" ncloc="123" classes="1" methods="7" coveredmethods="0" conditionals="0" coveredconditionals="0" statements="59" coveredstatements="0" elements="66" coveredelements="0"/>
    </file>
    <file name="/Users/tiger/Github/agnosis/includes/AI/SubmissionTranslator.php">
      <class name="Agnosis\AI\SubmissionTranslator" namespace="global">
        <metrics complexity="62" methods="10" coveredmethods="7" conditionals="0" coveredconditionals="0" statements="171" coveredstatements="165" elements="181" coveredelements="172"/>
      </class>
      <line num="62" type="method" name="language_names" visibility="public" complexity="5" crap="5.03" count="41"/>
      <line num="63" type="stmt" count="41"/>
      <line num="64" type="stmt" count="40"/>
      <line num="65" type="stmt" count="40"/>
      <line num="66" type="stmt" count="40"/>
      <line num="67" type="stmt" count="40"/>
      <line num="68" type="stmt" count="0"/>
      <line num="74" type="stmt" count="1"/>
      <line num="75" type="stmt" count="1"/>
      <line num="79" type="stmt" count="41"/>
      <line num="95" type="method" name="translate" visibility="public" complexity="5" crap="5" count="10"/>
      <line num="96" type="stmt" count="10"/>
      <line num="97" type="stmt" count="10"/>
      <line num="99" type="stmt" count="10"/>
      <line num="101" type="stmt" count="1"/>
      <line num="102" type="stmt" count="1"/>
      <line num="103" type="stmt" count="1"/>
      <line num="104" type="stmt" count="1"/>
      <line num="105" type="stmt" count="1"/>
      <line num="108" type="stmt" count="9"/>
      <line num="109" type="stmt" count="9"/>
      <line num="111" type="stmt" count="9"/>
      <line num="112" type="stmt" count="1"/>
      <line num="115" type="stmt" count="8"/>
      <line num="117" type="stmt" count="8"/>
      <line num="119" type="stmt" count="2"/>
      <line num="120" type="stmt" count="2"/>
      <line num="123" type="stmt" count="6"/>
      <line num="124" type="stmt" count="6"/>
      <line num="125" type="stmt" count="6"/>
      <line num="126" type="stmt" count="6"/>
      <line num="129" type="stmt" count="6"/>
      <line num="130" type="stmt" count="6"/>
      <line num="131" type="stmt" count="6"/>
      <line num="132" type="stmt" count="6"/>
      <line num="151" type="method" name="translate_text" visibility="public" complexity="3" crap="3" count="6"/>
      <line num="152" type="stmt" count="6"/>
      <line num="153" type="stmt" count="6"/>
      <line num="154" type="stmt" count="1"/>
      <line num="157" type="stmt" count="5"/>
      <line num="158" type="stmt" count="5"/>
      <line num="159" type="stmt" count="1"/>
      <line num="160" type="stmt" count="1"/>
      <line num="161" type="stmt" count="1"/>
      <line num="162" type="stmt" count="1"/>
      <line num="163" type="stmt" count="1"/>
      <line num="168" type="stmt" count="4"/>
      <line num="169" type="stmt" count="4"/>
      <line num="199" type="method" name="translate_fields" visibility="public" complexity="9" crap="9" count="12"/>
      <line num="200" type="stmt" count="12"/>
      <line num="201" type="stmt" count="12"/>
      <line num="202" type="stmt" count="2"/>
      <line num="205" type="stmt" count="10"/>
      <line num="206" type="stmt" count="10"/>
      <line num="207" type="stmt" count="1"/>
      <line num="208" type="stmt" count="1"/>
      <line num="209" type="stmt" count="1"/>
      <line num="210" type="stmt" count="1"/>
      <line num="211" type="stmt" count="1"/>
      <line num="214" type="stmt" count="9"/>
      <line num="215" type="stmt" count="9"/>
      <line num="216" type="stmt" count="9"/>
      <line num="219" type="stmt" count="9"/>
      <line num="221" type="stmt" count="9"/>
      <line num="222" type="stmt" count="9"/>
      <line num="223" type="stmt" count="9"/>
      <line num="224" type="stmt" count="9"/>
      <line num="225" type="stmt" count="9"/>
      <line num="227" type="stmt" count="9"/>
      <line num="229" type="stmt" count="9"/>
      <line num="230" type="stmt" count="1"/>
      <line num="234" type="stmt" count="8"/>
      <line num="235" type="stmt" count="8"/>
      <line num="237" type="stmt" count="8"/>
      <line num="238" type="stmt" count="1"/>
      <line num="241" type="stmt" count="7"/>
      <line num="242" type="stmt" count="7"/>
      <line num="243" type="stmt" count="7"/>
      <line num="244" type="stmt" count="7"/>
      <line num="248" type="stmt" count="7"/>
      <line num="275" type="method" name="translate_to_languages" visibility="public" complexity="12" crap="12" count="12"/>
      <line num="276" type="stmt" count="12"/>
      <line num="277" type="stmt" count="12"/>
      <line num="278" type="stmt" count="1"/>
      <line num="281" type="stmt" count="11"/>
      <line num="282" type="stmt" count="11"/>
      <line num="283" type="stmt" count="11"/>
      <line num="284" type="stmt" count="11"/>
      <line num="285" type="stmt" count="10"/>
      <line num="287" type="stmt" count="2"/>
      <line num="288" type="stmt" count="2"/>
      <line num="289" type="stmt" count="2"/>
      <line num="290" type="stmt" count="2"/>
      <line num="294" type="stmt" count="11"/>
      <line num="295" type="stmt" count="1"/>
      <line num="298" type="stmt" count="10"/>
      <line num="299" type="stmt" count="10"/>
      <line num="300" type="stmt" count="10"/>
      <line num="301" type="stmt" count="10"/>
      <line num="302" type="stmt" count="10"/>
      <line num="303" type="stmt" count="10"/>
      <line num="305" type="stmt" count="10"/>
      <line num="306" type="stmt" count="10"/>
      <line num="307" type="stmt" count="10"/>
      <line num="308" type="stmt" count="10"/>
      <line num="310" type="stmt" count="10"/>
      <line num="312" type="stmt" count="10"/>
      <line num="313" type="stmt" count="1"/>
      <line num="317" type="stmt" count="9"/>
      <line num="318" type="stmt" count="9"/>
      <line num="320" type="stmt" count="9"/>
      <line num="321" type="stmt" count="1"/>
      <line num="324" type="stmt" count="8"/>
      <line num="325" type="stmt" count="8"/>
      <line num="326" type="stmt" count="8"/>
      <line num="327" type="stmt" count="0"/>
      <line num="329" type="stmt" count="8"/>
      <line num="330" type="stmt" count="8"/>
      <line num="331" type="stmt" count="8"/>
      <line num="335" type="stmt" count="8"/>
      <line num="344" type="method" name="from_settings" visibility="public" complexity="7" crap="7" count="5"/>
      <line num="345" type="stmt" count="5"/>
      <line num="346" type="stmt" count="5"/>
      <line num="349" type="stmt" count="5"/>
      <line num="350" type="stmt" count="2"/>
      <line num="351" type="stmt" count="2"/>
      <line num="352" type="stmt" count="1"/>
      <line num="354" type="stmt" count="1"/>
      <line num="355" type="stmt" count="1"/>
      <line num="357" type="stmt" count="3"/>
      <line num="358" type="stmt" count="1"/>
      <line num="360" type="stmt" count="2"/>
      <line num="362" type="stmt" count="2"/>
      <line num="363" type="stmt" count="2"/>
      <line num="364" type="stmt" count="1"/>
      <line num="366" type="stmt" count="1"/>
      <line num="367" type="stmt" count="1"/>
      <line num="390" type="method" name="resolve_artist_lang" visibility="public" complexity="3" crap="5.67" count="18"/>
      <line num="391" type="stmt" count="18"/>
      <line num="392" type="stmt" count="18"/>
      <line num="394" type="stmt" count="0"/>
      <line num="395" type="stmt" count="0"/>
      <line num="396" type="stmt" count="0"/>
      <line num="398" type="stmt" count="0"/>
      <line num="409" type="method" name="resolve_target_language" visibility="public" complexity="3" crap="3" count="13"/>
      <line num="411" type="stmt" count="13"/>
      <line num="414" type="stmt" count="13"/>
      <line num="415" type="stmt" count="9"/>
      <line num="417" type="stmt" count="9"/>
      <line num="421" type="stmt" count="13"/>
      <line num="432" type="method" name="resolve_language_name" visibility="private" complexity="1" crap="1" count="36"/>
      <line num="433" type="stmt" count="36"/>
      <line num="452" type="method" name="call_translate" visibility="private" complexity="13" crap="13" count="12"/>
      <line num="453" type="stmt" count="12"/>
      <line num="454" type="stmt" count="12"/>
      <line num="455" type="stmt" count="7"/>
      <line num="457" type="stmt" count="12"/>
      <line num="458" type="stmt" count="11"/>
      <line num="461" type="stmt" count="12"/>
      <line num="462" type="stmt" count="12"/>
      <line num="463" type="stmt" count="12"/>
      <line num="464" type="stmt" count="12"/>
      <line num="465" type="stmt" count="12"/>
      <line num="467" type="stmt" count="12"/>
      <line num="468" type="stmt" count="12"/>
      <line num="469" type="stmt" count="12"/>
      <line num="470" type="stmt" count="12"/>
      <line num="471" type="stmt" count="12"/>
      <line num="473" type="stmt" count="12"/>
      <line num="475" type="stmt" count="12"/>
      <line num="476" type="stmt" count="2"/>
      <line num="480" type="stmt" count="10"/>
      <line num="481" type="stmt" count="10"/>
      <line num="483" type="stmt" count="10"/>
      <line num="484" type="stmt" count="2"/>
      <line num="487" type="stmt" count="8"/>
      <line num="506" type="stmt" count="8"/>
      <line num="507" type="stmt" count="5"/>
      <line num="510" type="stmt" count="8"/>
      <line num="511" type="stmt" count="7"/>
      <line num="514" type="stmt" count="8"/>
      <metrics loc="517" ncloc="303" classes="1" methods="10" coveredmethods="7" conditionals="0" coveredconditionals="0" statements="171" coveredstatements="165" elements="181" coveredelements="172"/>
    </file>
    <file name="/Users/tiger/Github/agnosis/includes/Admin/ContactMessagesPage.php">
      <class name="Agnosis\Admin\ContactMessagesPage" namespace="global">
        <metrics complexity="40" methods="10" coveredmethods="0" conditionals="0" coveredconditionals="0" statements="193" coveredstatements="0" elements="203" coveredelements="0"/>
      </class>
      <line num="42" type="method" name="register_menu" visibility="public" complexity="1" crap="2" count="0"/>
      <line num="43" type="stmt" count="0"/>
      <line num="44" type="stmt" count="0"/>
      <line num="45" type="stmt" count="0"/>
      <line num="46" type="stmt" count="0"/>
      <line num="47" type="stmt" count="0"/>
      <line num="48" type="stmt" count="0"/>
      <line num="49" type="stmt" count="0"/>
      <line num="50" type="stmt" count="0"/>
      <line num="53" type="method" name="render" visibility="public" complexity="14" crap="210" count="0"/>
      <line num="54" type="stmt" count="0"/>
      <line num="55" type="stmt" count="0"/>
      <line num="58" type="stmt" count="0"/>
      <line num="61" type="stmt" count="0"/>
      <line num="63" type="stmt" count="0"/>
      <line num="65" type="stmt" count="0"/>
      <line num="66" type="stmt" count="0"/>
      <line num="69" type="stmt" count="0"/>
      <line num="70" type="stmt" count="0"/>
      <line num="71" type="stmt" count="0"/>
      <line num="74" type="stmt" count="0"/>
      <line num="75" type="stmt" count="0"/>
      <line num="76" type="stmt" count="0"/>
      <line num="77" type="stmt" count="0"/>
      <line num="78" type="stmt" count="0"/>
      <line num="80" type="stmt" count="0"/>
      <line num="82" type="stmt" count="0"/>
      <line num="83" type="stmt" count="0"/>
      <line num="84" type="stmt" count="0"/>
      <line num="85" type="stmt" count="0"/>
      <line num="86" type="stmt" count="0"/>
      <line num="87" type="stmt" count="0"/>
      <line num="88" type="stmt" count="0"/>
      <line num="89" type="stmt" count="0"/>
      <line num="91" type="stmt" count="0"/>
      <line num="92" type="stmt" count="0"/>
      <line num="93" type="stmt" count="0"/>
      <line num="94" type="stmt" count="0"/>
      <line num="95" type="stmt" count="0"/>
[...]
      <line num="764" type="stmt" count="0"/>
      <line num="765" type="stmt" count="0"/>
      <line num="792" type="method" name="check_permission" visibility="public" complexity="3" crap="12" count="0"/>
      <line num="793" type="stmt" count="0"/>
      <line num="794" type="stmt" count="0"/>
      <line num="796" type="stmt" count="0"/>
      <line num="797" type="stmt" count="0"/>
      <line num="799" type="stmt" count="0"/>
      <line num="800" type="stmt" count="0"/>
      <line num="801" type="stmt" count="0"/>
      <line num="802" type="stmt" count="0"/>
      <line num="803" type="stmt" count="0"/>
      <line num="806" type="method" name="check_access" visibility="private" complexity="6" crap="42" count="0"/>
      <line num="808" type="stmt" count="0"/>
      <line num="809" type="stmt" count="0"/>
      <line num="810" type="stmt" count="0"/>
      <line num="814" type="stmt" count="0"/>
      <line num="815" type="stmt" count="0"/>
      <line num="816" type="stmt" count="0"/>
      <line num="817" type="stmt" count="0"/>
      <line num="818" type="stmt" count="0"/>
      <line num="819" type="stmt" count="0"/>
      <line num="820" type="stmt" count="0"/>
      <line num="823" type="stmt" count="0"/>
      <line num="824" type="stmt" count="0"/>
      <line num="827" type="stmt" count="0"/>
      <line num="828" type="stmt" count="0"/>
      <line num="829" type="stmt" count="0"/>
      <line num="832" type="stmt" count="0"/>
      <line num="833" type="stmt" count="0"/>
      <line num="834" type="stmt" count="0"/>
      <line num="835" type="stmt" count="0"/>
      <line num="836" type="stmt" count="0"/>
      <line num="852" type="method" name="verify_token" visibility="public" complexity="5" crap="30" count="0"/>
      <line num="853" type="stmt" count="0"/>
      <line num="854" type="stmt" count="0"/>
      <line num="856" type="stmt" count="0"/>
      <line num="857" type="stmt" count="0"/>
      <line num="858" type="stmt" count="0"/>
      <line num="859" type="stmt" count="0"/>
      <line num="860" type="stmt" count="0"/>
      <line num="861" type="stmt" count="0"/>
      <line num="864" type="stmt" count="0"/>
      <line num="865" type="stmt" count="0"/>
      <line num="866" type="stmt" count="0"/>
      <line num="867" type="stmt" count="0"/>
      <line num="868" type="stmt" count="0"/>
      <line num="869" type="stmt" count="0"/>
      <line num="872" type="stmt" count="0"/>
      <line num="873" type="stmt" count="0"/>
      <line num="874" type="stmt" count="0"/>
      <line num="875" type="stmt" count="0"/>
      <line num="876" type="stmt" count="0"/>
      <line num="877" type="stmt" count="0"/>
      <line num="880" type="stmt" count="0"/>
      <metrics loc="883" ncloc="543" classes="1" methods="10" coveredmethods="0" conditionals="0" coveredconditionals="0" statements="361" coveredstatements="0" elements="371" coveredelements="0"/>
    </file>
    <file name="/Users/tiger/Github/agnosis/includes/Publishing/SocialLinks.php">
      <class name="Agnosis\Publishing\SocialLinks" namespace="global">
        <metrics complexity="12" methods="2" coveredmethods="0" conditionals="0" coveredconditionals="0" statements="21" coveredstatements="0" elements="23" coveredelements="0"/>
      </class>
      <line num="24" type="stmt" count="0"/>
      <line num="25" type="stmt" count="0"/>
      <line num="87" type="method" name="detect_service" visibility="public" complexity="7" crap="56" count="0"/>
      <line num="88" type="stmt" count="0"/>
      <line num="89" type="stmt" count="0"/>
      <line num="90" type="stmt" count="0"/>
      <line num="92" type="stmt" count="0"/>
      <line num="93" type="stmt" count="0"/>
      <line num="96" type="stmt" count="0"/>
      <line num="97" type="stmt" count="0"/>
      <line num="98" type="stmt" count="0"/>
      <line num="102" type="stmt" count="0"/>
      <line num="117" type="method" name="render_icon_row" visibility="public" complexity="5" crap="30" count="0"/>
      <line num="118" type="stmt" count="0"/>
      <line num="119" type="stmt" count="0"/>
      <line num="120" type="stmt" count="0"/>
      <line num="121" type="stmt" count="0"/>
      <line num="122" type="stmt" count="0"/>
      <line num="124" type="stmt" count="0"/>
      <line num="125" type="stmt" count="0"/>
      <line num="126" type="stmt" count="0"/>
      <line num="129" type="stmt" count="0"/>
      <line num="130" type="stmt" count="0"/>
      <line num="133" type="stmt" count="0"/>
      <line num="135" type="stmt" count="0"/>
      <metrics loc="138" ncloc="85" classes="1" methods="2" coveredmethods="0" conditionals="0" coveredconditionals="0" statements="23" coveredstatements="0" elements="25" coveredelements="0"/>
    </file>
    <file name="/Users/tiger/Github/agnosis/includes/Publishing/SubmissionsPage.php">
      <class name="Agnosis\Publishing\SubmissionsPage" namespace="global">
        <metrics complexity="38" methods="15" coveredmethods="0" conditionals="0" coveredconditionals="0" statements="195" coveredstatements="0" elements="210" coveredelements="0"/>
      </class>
      <line num="35" type="method" name="register_shortcode" visibility="public" complexity="1" crap="2" count="0"/>
      <line num="36" type="stmt" count="0"/>
      <line num="46" type="method" name="register_block" visibility="public" complexity="1" crap="2" count="0"/>
      <line num="47" type="stmt" count="0"/>
      <line num="48" type="stmt" count="0"/>
      <line num="49" type="stmt" count="0"/>
      <line num="50" type="stmt" count="0"/>
      <line num="60" type="method" name="add_block_category" visibility="public" complexity="1" crap="2" count="0"/>
      <line num="61" type="stmt" count="0"/>
      <line num="62" type="stmt" count="0"/>
      <line num="63" type="stmt" count="0"/>
      <line num="64" type="stmt" count="0"/>
      <line num="65" type="stmt" count="0"/>
      <line num="66" type="stmt" count="0"/>
      <line num="69" type="method" name="register_routes" visibility="public" complexity="1" crap="2" count="0"/>
      <line num="70" type="stmt" count="0"/>
      <line num="71" type="stmt" count="0"/>
      <line num="72" type="stmt" count="0"/>
      <line num="73" type="stmt" count="0"/>
      <line num="74" type="stmt" count="0"/>
      <line num="87" type="method" name="render_shortcode" visibility="public" complexity="1" crap="2" count="0"/>
      <line num="88" type="stmt" count="0"/>
      <line num="98" type="method" name="render_block" visibility="public" complexity="1" crap="2" count="0"/>
      <line num="99" type="stmt" count="0"/>
      <line num="111" type="method" name="render" visibility="private" complexity="4" crap="20" count="0"/>
      <line num="112" type="stmt" count="0"/>
      <line num="113" type="stmt" count="0"/>
      <line num="116" type="stmt" count="0"/>
      <line num="118" type="stmt" count="0"/>
      <line num="119" type="stmt" count="0"/>
      <line num="121" type="stmt" count="0"/>
      <line num="123" type="stmt" count="0"/>
      <line num="124" type="stmt" count="0"/>
      <line num="126" type="stmt" count="0"/>
      <line num="127" type="stmt" count="0"/>
      <line num="128" type="stmt" count="0"/>
      <line num="129" type="stmt" count="0"/>
      <line num="131" type="stmt" count="0"/>
      <line num="132" type="stmt" count="0"/>
      <line num="133" type="stmt" count="0"/>
      <line num="140" type="method" name="get_mine" visibility="public" complexity="5" crap="30" count="0"/>
      <line num="141" type="stmt" count="0"/>
      <line num="142" type="stmt" count="0"/>
      <line num="144" type="stmt" count="0"/>
      <line num="145" type="stmt" count="0"/>
      <line num="146" type="stmt" count="0"/>
      <line num="148" type="stmt" count="0"/>
      <line num="149" type="stmt" count="0"/>
      <line num="150" type="stmt" count="0"/>
      <line num="151" type="stmt" count="0"/>
      <line num="152" type="stmt" count="0"/>
      <line num="153" type="stmt" count="0"/>
      <line num="154" type="stmt" count="0"/>
      <line num="157" type="stmt" count="0"/>
      <line num="160" type="method" name="require_logged_in" visibility="public" complexity="2" crap="6" count="0"/>
      <line num="161" type="stmt" count="0"/>
      <line num="162" type="stmt" count="0"/>
      <line num="163" type="stmt" count="0"/>
      <line num="176" type="method" name="fetch_drafts" visibility="private" complexity="1" crap="2" count="0"/>
      <line num="177" type="stmt" count="0"/>
      <line num="178" type="stmt" count="0"/>
      <line num="179" type="stmt" count="0"/>
      <line num="180" type="stmt" count="0"/>
      <line num="181" type="stmt" count="0"/>
      <line num="182" type="stmt" count="0"/>
      <line num="183" type="stmt" count="0"/>
      <line num="184" type="stmt" count="0"/>
      <line num="185" type="stmt" count="0"/>
      <line num="200" type="method" name="render_card" visibility="private" complexity="7" crap="56" count="0"/>
      <line num="201" type="stmt" count="0"/>
      <line num="202" type="stmt" count="0"/>
      <line num="203" type="stmt" count="0"/>
      <line num="206" type="stmt" count="0"/>
      <line num="207" type="stmt" count="0"/>
      <line num="210" type="stmt" count="0"/>
      <line num="211" type="stmt" count="0"/>
      <line num="221" type="stmt" count="0"/>
      <line num="222" type="stmt" count="0"/>
      <line num="223" type="stmt" count="0"/>
      <line num="225" type="stmt" count="0"/>
      <line num="227" type="stmt" count="0"/>
      <line num="229" type="stmt" count="0"/>
      <line num="230" type="stmt" count="0"/>
      <line num="231" type="stmt" count="0"/>
      <line num="235" type="stmt" count="0"/>
      <line num="236" type="stmt" count="0"/>
      <line num="237" type="stmt" count="0"/>
      <line num="238" type="stmt" count="0"/>
      <line num="240" type="stmt" count="0"/>
      <line num="241" type="stmt" count="0"/>
      <line num="244" type="stmt" count="0"/>
      <line num="245" type="stmt" count="0"/>
      <line num="246" type="stmt" count="0"/>
      <line num="247" type="stmt" count="0"/>
      <line num="248" type="stmt" count="0"/>
      <line num="249" type="stmt" count="0"/>
      <line num="250" type="stmt" count="0"/>
      <line num="251" type="stmt" count="0"/>
      <line num="252" type="stmt" count="0"/>
      <line num="253" type="stmt" count="0"/>
      <line num="254" type="stmt" count="0"/>
      <line num="255" type="stmt" count="0"/>
      <line num="256" type="stmt" count="0"/>
      <line num="257" type="stmt" count="0"/>
      <line num="258" type="stmt" count="0"/>
      <line num="259" type="stmt" count="0"/>
      <line num="260" type="stmt" count="0"/>
      <line num="262" type="stmt" count="0"/>
      <line num="263" type="stmt" count="0"/>
      <line num="264" type="stmt" count="0"/>
      <line num="265" type="stmt" count="0"/>
      <line num="267" type="stmt" count="0"/>
      <line num="268" type="stmt" count="0"/>
      <line num="269" type="stmt" count="0"/>
      <line num="270" type="stmt" count="0"/>
      <line num="271" type="stmt" count="0"/>
      <line num="273" type="stmt" count="0"/>
      <line num="274" type="stmt" count="0"/>
      <line num="276" type="stmt" count="0"/>
      <line num="277" type="stmt" count="0"/>
      <line num="278" type="stmt" count="0"/>
      <line num="279" type="stmt" count="0"/>
      <line num="280" type="stmt" count="0"/>
      <line num="282" type="stmt" count="0"/>
      <line num="284" type="stmt" count="0"/>
      <line num="285" type="stmt" count="0"/>
      <line num="286" type="stmt" count="0"/>
      <line num="287" type="stmt" count="0"/>
      <line num="288" type="stmt" count="0"/>
      <line num="290" type="stmt" count="0"/>
      <line num="292" type="stmt" count="0"/>
      <line num="293" type="stmt" count="0"/>
      <line num="294" type="stmt" count="0"/>
      <line num="295" type="stmt" count="0"/>
      <line num="296" type="stmt" count="0"/>
      <line num="298" type="stmt" count="0"/>
      <line num="302" type="stmt" count="0"/>
      <line num="303" type="stmt" count="0"/>
      <line num="304" type="stmt" count="0"/>
      <line num="305" type="stmt" count="0"/>
      <line num="306" type="stmt" count="0"/>
      <line num="307" type="stmt" count="0"/>
      <line num="308" type="stmt" count="0"/>
      <line num="310" type="stmt" count="0"/>
      <line num="311" type="stmt" count="0"/>
      <line num="313" type="stmt" count="0"/>
      <line num="314" type="stmt" count="0"/>
      <line num="325" type="method" name="enqueue_assets" visibility="private" complexity="1" crap="2" count="0"/>
      <line num="326" type="stmt" count="0"/>
      <line num="329" type="stmt" count="0"/>
      <line num="360" type="stmt" count="0"/>
      <line num="362" type="stmt" count="0"/>
      <line num="364" type="stmt" count="0"/>
      <line num="390" type="stmt" count="0"/>
      <line num="398" type="stmt" count="0"/>
      <line num="400" type="stmt" count="0"/>
      <line num="405" type="stmt" count="0"/>
      <line num="413" type="stmt" count="0"/>
      <line num="415" type="stmt" count="0"/>
      <line num="423" type="stmt" count="0"/>
      <line num="425" type="stmt" count="0"/>
      <line num="430" type="stmt" count="0"/>
      <line num="460" type="stmt" count="0"/>
      <line num="470" type="stmt" count="0"/>
      <line num="472" type="stmt" count="0"/>
      <line num="477" type="stmt" count="0"/>
      <line num="513" type="stmt" count="0"/>
      <line num="535" type="method" name="render_login_form" visibility="private" complexity="4" crap="20" count="0"/>
      <line num="536" type="stmt" count="0"/>
      <line num="537" type="stmt" count="0"/>
      <line num="539" type="stmt" count="0"/>
      <line num="540" type="stmt" count="0"/>
      <line num="541" type="stmt" count="0"/>
      <line num="544" type="stmt" count="0"/>
      <line num="546" type="stmt" count="0"/>
      <line num="576" type="stmt" count="0"/>
      <line num="579" type="stmt" count="0"/>
      <line num="580" type="stmt" count="0"/>
      <line num="582" type="stmt" count="0"/>
      <line num="583" type="stmt" count="0"/>
      <line num="584" type="stmt" count="0"/>
      <line num="585" type="stmt" count="0"/>
      <line num="586" type="stmt" count="0"/>
      <line num="587" type="stmt" count="0"/>
      <line num="588" type="stmt" count="0"/>
      <line num="589" type="stmt" count="0"/>
      <line num="590" type="stmt" count="0"/>
      <line num="591" type="stmt" count="0"/>
      <line num="593" type="stmt" count="0"/>
      <line num="594" type="stmt" count="0"/>
      <line num="595" type="stmt" count="0"/>
      <line num="596" type="stmt" count="0"/>
      <line num="597" type="stmt" count="0"/>
      <line num="598" type="stmt" count="0"/>
      <line num="599" type="stmt" count="0"/>
      <line num="600" type="stmt" count="0"/>
      <line num="601" type="stmt" count="0"/>
      <line num="603" type="stmt" count="0"/>
      <line num="615" type="method" name="append_turnstile_to_login_form" visibility="public" complexity="1" crap="2" count="0"/>
      <line num="616" type="stmt" count="0"/>
      <line num="617" type="stmt" count="0"/>
      <line num="618" type="stmt" count="0"/>
      <line num="638" type="method" name="authenticate_turnstile" visibility="public" complexity="7" crap="56" count="0"/>
      <line num="640" type="stmt" count="0"/>
      <line num="642" type="stmt" count="0"/>
      <line num="643" type="stmt" count="0"/>
      <line num="647" type="stmt" count="0"/>
      <line num="648" type="stmt" count="0"/>
      <line num="650" type="stmt" count="0"/>
      <metrics loc="653" ncloc="504" classes="1" methods="15" coveredmethods="0" conditionals="0" coveredconditionals="0" statements="195" coveredstatements="0" elements="210" coveredelements="0"/>
    </file>
    <file name="/Users/tiger/Github/agnosis/includes/Publishing/TextPosterGenerator.php">
      <class name="Agnosis\Publishing\TextPosterGenerator" namespace="global">
        <metrics complexity="17" methods="4" coveredmethods="3" conditionals="0" coveredconditionals="0" statements="59" coveredstatements="52" elements="63" coveredelements="55"/>
      </class>
      <line num="79" type="method" name="generate" visibility="public" complexity="10" crap="10.50" count="4"/>
      <line num="80" type="stmt" count="4"/>
      <line num="81" type="stmt" count="1"/>
      <line num="82" type="stmt" count="1"/>
      <line num="85" type="stmt" count="3"/>
      <line num="86" type="stmt" count="3"/>
      <line num="87" type="stmt" count="0"/>
      <line num="88" type="stmt" count="0"/>
      <line num="91" type="stmt" count="3"/>
      <line num="92" type="stmt" count="3"/>
      <line num="93" type="stmt" count="1"/>
      <line num="97" type="stmt" count="2"/>
      <line num="98" type="stmt" count="2"/>
      <line num="99" type="stmt" count="2"/>
      <line num="101" type="stmt" count="2"/>
      <line num="102" type="stmt" count="2"/>
      <line num="104" type="stmt" count="2"/>
      <line num="105" type="stmt" count="2"/>
      <line num="106" type="stmt" count="2"/>
      <line num="113" type="stmt" count="2"/>
      <line num="114" type="stmt" count="2"/>
      <line num="115" type="stmt" count="2"/>
      <line num="117" type="stmt" count="2"/>
      <line num="118" type="stmt" count="2"/>
      <line num="120" type="stmt" count="2"/>
      <line num="121" type="stmt" count="2"/>
      <line num="122" type="stmt" count="2"/>
      <line num="123" type="stmt" count="1"/>
      <line num="124" type="stmt" count="1"/>
      <line num="125" type="stmt" count="2"/>
      <line num="127" type="stmt" count="2"/>
      <line num="130" type="stmt" count="2"/>
      <line num="131" type="stmt" count="2"/>
      <line num="132" type="stmt" count="2"/>
      <line num="133" type="stmt" count="2"/>
      <line num="135" type="stmt" count="2"/>
      <line num="136" type="stmt" count="0"/>
      <line num="137" type="stmt" count="0"/>
      <line num="140" type="stmt" count="2"/>
      <line num="142" type="stmt" count="0"/>
      <line num="143" type="stmt" count="0"/>
      <line num="144" type="stmt" count="0"/>
      <line num="162" type="method" name="extract_lines" visibility="private" complexity="4" crap="4" count="11"/>
      <line num="163" type="stmt" count="11"/>
      <line num="164" type="stmt" count="11"/>
      <line num="165" type="stmt" count="2"/>
      <line num="168" type="stmt" count="9"/>
      <line num="169" type="stmt" count="9"/>
      <line num="170" type="stmt" count="9"/>
      <line num="171" type="stmt" count="9"/>
      <line num="172" type="stmt" count="9"/>
      <line num="174" type="stmt" count="9"/>
      <line num="184" type="method" name="fit_font_size" visibility="private" complexity="1" crap="1" count="5"/>
      <line num="185" type="stmt" count="5"/>
      <line num="186" type="stmt" count="5"/>
      <line num="187" type="stmt" count="5"/>
      <line num="189" type="stmt" count="5"/>
      <line num="190" type="stmt" count="5"/>
      <line num="192" type="stmt" count="5"/>
      <line num="194" type="stmt" count="5"/>
      <line num="198" type="method" name="font_path" visibility="private" complexity="2" crap="2" count="6"/>
      <line num="199" type="stmt" count="6"/>
      <line num="200" type="stmt" count="6"/>
      <metrics loc="203" ncloc="116" classes="1" methods="4" coveredmethods="3" conditionals="0" coveredconditionals="0" statements="59" coveredstatements="52" elements="63" coveredelements="55"/>
    </file>
    <metrics files="88" loc="41195" ncloc="26737" classes="87" methods="891" coveredmethods="64" conditionals="0" coveredconditionals="0" statements="16698" coveredstatements="1112" elements="17589" coveredelements="1176"/>
  </project>
</coverage>
