<?xml version="1.0"?>
<coverage generated="1783621091">
  <project name="Agnosis" timestamp="1783621091">
    <file name="/Users/tiger/Github/agnosis/includes/AI/DescriptionResult.php">
      <line num="29" type="stmt" count="76"/>
      <line num="32" type="stmt" count="33"/>
      <line num="33" type="stmt" count="33"/>
      <line num="34" type="stmt" count="33"/>
      <line num="35" type="stmt" count="33"/>
      <line num="36" type="stmt" count="33"/>
      <line num="37" type="stmt" count="33"/>
      <line num="38" type="stmt" count="33"/>
      <line num="39" type="stmt" count="33"/>
      <line num="40" type="stmt" count="33"/>
      <metrics statements="10" coveredstatements="10"/>
    </file>
    <file name="/Users/tiger/Github/agnosis/includes/AI/EnhancementResult.php">
      <line num="19" type="stmt" count="20"/>
      <line num="22" type="stmt" count="16"/>
      <line num="23" type="stmt" count="16"/>
      <line num="24" type="stmt" count="16"/>
      <line num="25" type="stmt" count="16"/>
      <line num="26" type="stmt" count="16"/>
      <line num="27" type="stmt" count="16"/>
      <metrics statements="7" coveredstatements="7"/>
    </file>
    <file name="/Users/tiger/Github/agnosis/includes/AI/MediaAdapter.php">
      <line num="66" type="stmt" count="46"/>
      <line num="67" type="stmt" count="46"/>
      <line num="68" type="stmt" count="46"/>
      <line num="70" type="stmt" count="46"/>
      <line num="71" type="stmt" count="0"/>
      <line num="72" type="stmt" count="0"/>
      <line num="73" type="stmt" count="0"/>
      <line num="74" type="stmt" count="0"/>
      <line num="75" type="stmt" count="0"/>
      <line num="76" type="stmt" count="0"/>
      <line num="77" type="stmt" count="0"/>
      <line num="78" type="stmt" count="0"/>
      <line num="79" type="stmt" count="0"/>
      <line num="83" type="stmt" count="46"/>
      <line num="84" type="stmt" count="44"/>
      <line num="90" type="stmt" count="44"/>
      <line num="91" type="stmt" count="6"/>
      <line num="93" type="stmt" count="38"/>
      <line num="94" type="stmt" count="27"/>
      <line num="96" type="stmt" count="12"/>
      <line num="97" type="stmt" count="2"/>
      <line num="99" type="stmt" count="10"/>
      <line num="100" type="stmt" count="3"/>
      <line num="102" type="stmt" count="7"/>
      <line num="103" type="stmt" count="4"/>
      <line num="107" type="stmt" count="4"/>
      <line num="108" type="stmt" count="4"/>
      <line num="109" type="stmt" count="4"/>
      <line num="110" type="stmt" count="4"/>
      <line num="111" type="stmt" count="4"/>
      <line num="113" type="stmt" count="4"/>
      <line num="114" type="stmt" count="0"/>
      <line num="115" type="stmt" count="0"/>
      <line num="116" type="stmt" count="0"/>
      <line num="117" type="stmt" count="0"/>
      <line num="118" type="stmt" count="0"/>
      <line num="123" type="stmt" count="46"/>
      <line num="124" type="stmt" count="0"/>
      <line num="125" type="stmt" count="0"/>
      <line num="126" type="stmt" count="0"/>
      <line num="127" type="stmt" count="0"/>
      <line num="128" type="stmt" count="0"/>
      <line num="129" type="stmt" count="0"/>
      <line num="130" type="stmt" count="0"/>
      <line num="131" type="stmt" count="0"/>
      <line num="132" type="stmt" count="0"/>
      <line num="133" type="stmt" count="0"/>
      <line num="135" type="stmt" count="0"/>
      <line num="138" type="stmt" count="46"/>
      <line num="181" type="stmt" count="47"/>
      <line num="183" type="stmt" count="47"/>
      <line num="184" type="stmt" count="5"/>
      <line num="187" type="stmt" count="42"/>
      <line num="192" type="stmt" count="1"/>
      <line num="196" type="stmt" count="41"/>
      <line num="197" type="stmt" count="41"/>
      <line num="199" type="stmt" count="5"/>
      <line num="200" type="stmt" count="5"/>
      <line num="201" type="stmt" count="1"/>
      <line num="202" type="stmt" count="1"/>
      <line num="205" type="stmt" count="4"/>
      <line num="206" type="stmt" count="4"/>
      <line num="208" type="stmt" count="4"/>
      <line num="209" type="stmt" count="4"/>
      <line num="210" type="stmt" count="4"/>
      <line num="212" type="stmt" count="4"/>
      <line num="214" type="stmt" count="36"/>
      <line num="215" type="stmt" count="36"/>
      <line num="216" type="stmt" count="36"/>
      <line num="217" type="stmt" count="36"/>
      <line num="218" type="stmt" count="36"/>
      <line num="219" type="stmt" count="36"/>
      <line num="220" type="stmt" count="36"/>
      <line num="241" type="stmt" count="2"/>
      <line num="242" type="stmt" count="1"/>
      <line num="243" type="stmt" count="1"/>
      <line num="244" type="stmt" count="1"/>
      <line num="245" type="stmt" count="1"/>
      <line num="246" type="stmt" count="1"/>
      <line num="250" type="stmt" count="1"/>
      <line num="251" type="stmt" count="1"/>
      <line num="252" type="stmt" count="1"/>
      <line num="253" type="stmt" count="1"/>
      <line num="255" type="stmt" count="1"/>
      <line num="256" type="stmt" count="1"/>
      <line num="258" type="stmt" count="1"/>
      <line num="259" type="stmt" count="1"/>
      <line num="260" type="stmt" count="1"/>
      <line num="261" type="stmt" count="1"/>
      <line num="263" type="stmt" count="1"/>
      <line num="264" type="stmt" count="1"/>
      <line num="265" type="stmt" count="0"/>
      <line num="268" type="stmt" count="1"/>
      <line num="269" type="stmt" count="1"/>
      <line num="271" type="stmt" count="1"/>
      <line num="272" type="stmt" count="1"/>
      <line num="273" type="stmt" count="1"/>
      <line num="274" type="stmt" count="1"/>
      <line num="275" type="stmt" count="1"/>
      <line num="276" type="stmt" count="1"/>
      <line num="279" type="stmt" count="1"/>
      <line num="280" type="stmt" count="1"/>
      <line num="282" type="stmt" count="0"/>
      <line num="283" type="stmt" count="0"/>
      <line num="284" type="stmt" count="0"/>
      <line num="285" type="stmt" count="0"/>
      <line num="286" type="stmt" count="0"/>
      <line num="287" type="stmt" count="0"/>
      <line num="288" type="stmt" count="0"/>
      <line num="324" type="stmt" count="6"/>
      <line num="325" type="stmt" count="1"/>
      <line num="326" type="stmt" count="1"/>
      <line num="327" type="stmt" count="1"/>
      <line num="328" type="stmt" count="1"/>
      <line num="329" type="stmt" count="1"/>
      <line num="333" type="stmt" count="5"/>
      <line num="334" type="stmt" count="5"/>
      <line num="335" type="stmt" count="4"/>
      <line num="336" type="stmt" count="4"/>
      <line num="337" type="stmt" count="4"/>
      <line num="339" type="stmt" count="4"/>
      <line num="340" type="stmt" count="4"/>
      <line num="342" type="stmt" count="4"/>
      <line num="343" type="stmt" count="0"/>
      <line num="344" type="stmt" count="0"/>
      <line num="345" type="stmt" count="0"/>
      <line num="346" type="stmt" count="0"/>
      <line num="347" type="stmt" count="0"/>
      <line num="350" type="stmt" count="4"/>
      <line num="352" type="stmt" count="4"/>
      <line num="353" type="stmt" count="4"/>
      <line num="354" type="stmt" count="4"/>
      <line num="355" type="stmt" count="4"/>
      <line num="356" type="stmt" count="4"/>
      <line num="357" type="stmt" count="4"/>
      <line num="359" type="stmt" count="4"/>
      <line num="361" type="stmt" count="1"/>
      <line num="365" type="stmt" count="1"/>
      <line num="366" type="stmt" count="1"/>
      <line num="367" type="stmt" count="1"/>
      <line num="368" type="stmt" count="1"/>
      <line num="369" type="stmt" count="1"/>
      <line num="370" type="stmt" count="1"/>
      <line num="397" type="stmt" count="3"/>
      <line num="398" type="stmt" count="3"/>
      <line num="399" type="stmt" count="3"/>
      <line num="400" type="stmt" count="3"/>
      <line num="401" type="stmt" count="3"/>
      <line num="405" type="stmt" count="3"/>
      <line num="406" type="stmt" count="3"/>
      <line num="407" type="stmt" count="1"/>
      <line num="408" type="stmt" count="1"/>
      <line num="409" type="stmt" count="1"/>
      <line num="410" type="stmt" count="1"/>
      <line num="411" type="stmt" count="1"/>
      <line num="414" type="stmt" count="2"/>
      <line num="415" type="stmt" count="2"/>
      <line num="418" type="stmt" count="2"/>
      <line num="419" type="stmt" count="2"/>
      <line num="420" type="stmt" count="2"/>
      <line num="421" type="stmt" count="2"/>
      <line num="422" type="stmt" count="2"/>
      <line num="423" type="stmt" count="2"/>
      <line num="424" type="stmt" count="2"/>
      <line num="425" type="stmt" count="2"/>
      <line num="426" type="stmt" count="2"/>
      <line num="427" type="stmt" count="2"/>
      <line num="429" type="stmt" count="2"/>
      <line num="430" type="stmt" count="2"/>
      <line num="433" type="stmt" count="2"/>
      <line num="436" type="stmt" count="2"/>
      <line num="437" type="stmt" count="2"/>
      <line num="438" type="stmt" count="2"/>
      <line num="439" type="stmt" count="2"/>
      <line num="440" type="stmt" count="2"/>
      <line num="441" type="stmt" count="2"/>
      <line num="442" type="stmt" count="2"/>
      <line num="443" type="stmt" count="2"/>
      <line num="446" type="stmt" count="2"/>
      <line num="451" type="stmt" count="2"/>
      <line num="452" type="stmt" count="2"/>
      <line num="454" type="stmt" count="2"/>
      <line num="455" type="stmt" count="1"/>
      <line num="456" type="stmt" count="1"/>
      <line num="457" type="stmt" count="1"/>
      <line num="458" type="stmt" count="1"/>
      <line num="459" type="stmt" count="1"/>
      <line num="460" type="stmt" count="1"/>
      <line num="463" type="stmt" count="1"/>
      <line num="464" type="stmt" count="1"/>
      <line num="465" type="stmt" count="1"/>
      <line num="466" type="stmt" count="1"/>
      <metrics statements="192" coveredstatements="154"/>
    </file>
    <file name="/Users/tiger/Github/agnosis/includes/AI/Pipeline.php">
      <line num="38" type="stmt" count="156"/>
      <line num="39" type="stmt" count="156"/>
      <line num="40" type="stmt" count="156"/>
      <line num="71" type="stmt" count="18"/>
      <line num="74" type="stmt" count="18"/>
      <line num="75" type="stmt" count="18"/>
      <line num="77" type="stmt" count="18"/>
      <line num="79" type="stmt" count="18"/>
      <line num="94" type="stmt" count="18"/>
      <line num="96" type="stmt" count="18"/>
      <line num="97" type="stmt" count="17"/>
      <line num="99" type="stmt" count="17"/>
      <line num="100" type="stmt" count="0"/>
      <line num="101" type="stmt" count="0"/>
      <line num="102" type="stmt" count="0"/>
      <line num="103" type="stmt" count="0"/>
      <line num="104" type="stmt" count="0"/>
      <line num="105" type="stmt" count="0"/>
      <line num="106" type="stmt" count="17"/>
      <line num="107" type="stmt" count="0"/>
      <line num="108" type="stmt" count="0"/>
      <line num="109" type="stmt" count="0"/>
      <line num="110" type="stmt" count="0"/>
      <line num="111" type="stmt" count="0"/>
      <line num="112" type="stmt" count="0"/>
      <line num="113" type="stmt" count="0"/>
      <line num="114" type="stmt" count="0"/>
      <line num="116" type="stmt" count="17"/>
      <line num="117" type="stmt" count="17"/>
      <line num="118" type="stmt" count="17"/>
      <line num="119" type="stmt" count="17"/>
      <line num="120" type="stmt" count="17"/>
      <line num="121" type="stmt" count="17"/>
      <line num="122" type="stmt" count="17"/>
      <line num="123" type="stmt" count="17"/>
      <line num="126" type="stmt" count="17"/>
      <line num="128" type="stmt" count="17"/>
      <line num="129" type="stmt" count="14"/>
      <line num="133" type="stmt" count="18"/>
      <line num="165" type="stmt" count="6"/>
      <line num="167" type="stmt" count="6"/>
      <line num="168" type="stmt" count="6"/>
      <line num="169" type="stmt" count="6"/>
      <line num="170" type="stmt" count="6"/>
      <line num="172" type="stmt" count="6"/>
      <line num="174" type="stmt" count="6"/>
      <line num="175" type="stmt" count="6"/>
      <line num="176" type="stmt" count="6"/>
      <line num="178" type="stmt" count="6"/>
      <line num="179" type="stmt" count="6"/>
      <line num="180" type="stmt" count="6"/>
      <line num="181" type="stmt" count="6"/>
      <line num="182" type="stmt" count="6"/>
      <line num="183" type="stmt" count="6"/>
      <line num="184" type="stmt" count="6"/>
      <line num="185" type="stmt" count="6"/>
      <line num="186" type="stmt" count="6"/>
      <line num="187" type="stmt" count="6"/>
      <line num="188" type="stmt" count="6"/>
      <line num="189" type="stmt" count="6"/>
      <line num="190" type="stmt" count="6"/>
      <line num="191" type="stmt" count="6"/>
      <line num="192" type="stmt" count="6"/>
      <line num="193" type="stmt" count="6"/>
      <line num="194" type="stmt" count="6"/>
      <line num="195" type="stmt" count="6"/>
      <line num="196" type="stmt" count="6"/>
      <line num="199" type="stmt" count="6"/>
      <line num="212" type="stmt" count="18"/>
      <line num="214" type="stmt" count="18"/>
      <line num="215" type="stmt" count="18"/>
      <line num="216" type="stmt" count="0"/>
      <line num="219" type="stmt" count="18"/>
      <line num="220" type="stmt" count="18"/>
      <line num="221" type="stmt" count="12"/>
      <line num="222" type="stmt" count="12"/>
      <line num="225" type="stmt" count="18"/>
      <line num="250" type="stmt" count="17"/>
      <line num="251" type="stmt" count="3"/>
      <line num="252" type="stmt" count="17"/>
      <line num="254" type="stmt" count="17"/>
      <line num="255" type="stmt" count="17"/>
      <line num="264" type="stmt" count="17"/>
      <line num="265" type="stmt" count="17"/>
      <line num="266" type="stmt" count="17"/>
      <line num="267" type="stmt" count="17"/>
      <line num="268" type="stmt" count="17"/>
      <line num="269" type="stmt" count="17"/>
      <line num="271" type="stmt" count="17"/>
      <line num="272" type="stmt" count="17"/>
      <line num="273" type="stmt" count="17"/>
      <line num="275" type="stmt" count="17"/>
      <line num="278" type="stmt" count="4"/>
      <line num="281" type="stmt" count="4"/>
      <line num="282" type="stmt" count="4"/>
      <line num="285" type="stmt" count="4"/>
      <line num="287" type="stmt" count="4"/>
      <line num="288" type="stmt" count="3"/>
      <line num="289" type="stmt" count="3"/>
      <line num="290" type="stmt" count="3"/>
      <line num="294" type="stmt" count="17"/>
      <line num="295" type="stmt" count="17"/>
      <line num="296" type="stmt" count="17"/>
      <line num="297" type="stmt" count="17"/>
      <line num="298" type="stmt" count="17"/>
      <line num="299" type="stmt" count="17"/>
      <line num="300" type="stmt" count="17"/>
      <line num="301" type="stmt" count="17"/>
      <line num="302" type="stmt" count="17"/>
      <line num="303" type="stmt" count="17"/>
      <line num="304" type="stmt" count="17"/>
      <line num="305" type="stmt" count="17"/>
      <line num="306" type="stmt" count="17"/>
      <line num="307" type="stmt" count="17"/>
      <line num="308" type="stmt" count="17"/>
      <line num="309" type="stmt" count="17"/>
      <line num="337" type="stmt" count="9"/>
      <line num="338" type="stmt" count="9"/>
      <line num="339" type="stmt" count="3"/>
      <line num="343" type="stmt" count="9"/>
      <line num="344" type="stmt" count="9"/>
      <line num="345" type="stmt" count="6"/>
      <line num="347" type="stmt" count="9"/>
      <line num="348" type="stmt" count="2"/>
      <line num="351" type="stmt" count="9"/>
      <line num="353" type="stmt" count="1"/>
      <line num="357" type="stmt" count="8"/>
      <line num="358" type="stmt" count="8"/>
      <line num="359" type="stmt" count="8"/>
      <line num="360" type="stmt" count="8"/>
      <line num="361" type="stmt" count="8"/>
      <line num="362" type="stmt" count="8"/>
      <line num="363" type="stmt" count="8"/>
      <line num="364" type="stmt" count="8"/>
      <line num="365" type="stmt" count="8"/>
      <line num="366" type="stmt" count="8"/>
      <line num="367" type="stmt" count="8"/>
      <line num="368" type="stmt" count="8"/>
      <line num="369" type="stmt" count="8"/>
      <line num="371" type="stmt" count="8"/>
      <line num="373" type="stmt" count="8"/>
      <line num="374" type="stmt" count="1"/>
      <line num="378" type="stmt" count="7"/>
      <line num="379" type="stmt" count="7"/>
      <line num="381" type="stmt" count="7"/>
      <line num="382" type="stmt" count="1"/>
      <line num="385" type="stmt" count="6"/>
      <line num="386" type="stmt" count="6"/>
      <line num="387" type="stmt" count="6"/>
      <line num="393" type="stmt" count="6"/>
      <line num="394" type="stmt" count="6"/>
      <line num="395" type="stmt" count="6"/>
      <line num="396" type="stmt" count="6"/>
      <line num="397" type="stmt" count="6"/>
      <line num="398" type="stmt" count="6"/>
      <line num="399" type="stmt" count="6"/>
      <line num="400" type="stmt" count="6"/>
      <line num="401" type="stmt" count="6"/>
      <line num="402" type="stmt" count="6"/>
      <line num="403" type="stmt" count="6"/>
      <line num="404" type="stmt" count="6"/>
      <line num="405" type="stmt" count="6"/>
      <line num="406" type="stmt" count="6"/>
      <line num="411" type="stmt" count="3"/>
      <line num="412" type="stmt" count="3"/>
      <line num="413" type="stmt" count="3"/>
      <line num="414" type="stmt" count="3"/>
      <line num="415" type="stmt" count="3"/>
      <line num="416" type="stmt" count="3"/>
      <line num="417" type="stmt" count="3"/>
      <line num="418" type="stmt" count="3"/>
      <line num="419" type="stmt" count="3"/>
      <line num="420" type="stmt" count="3"/>
      <line num="421" type="stmt" count="3"/>
      <line num="422" type="stmt" count="3"/>
      <line num="423" type="stmt" count="3"/>
      <line num="424" type="stmt" count="3"/>
      <line num="425" type="stmt" count="3"/>
      <line num="426" type="stmt" count="3"/>
      <line num="427" type="stmt" count="3"/>
      <line num="470" type="stmt" count="0"/>
      <line num="473" type="stmt" count="0"/>
      <line num="475" type="stmt" count="0"/>
      <line num="476" type="stmt" count="0"/>
      <line num="477" type="stmt" count="0"/>
      <line num="478" type="stmt" count="0"/>
      <line num="479" type="stmt" count="0"/>
      <line num="480" type="stmt" count="0"/>
      <line num="481" type="stmt" count="0"/>
      <line num="482" type="stmt" count="0"/>
      <line num="483" type="stmt" count="0"/>
      <line num="484" type="stmt" count="0"/>
      <line num="485" type="stmt" count="0"/>
      <line num="486" type="stmt" count="0"/>
      <line num="487" type="stmt" count="0"/>
      <line num="488" type="stmt" count="0"/>
      <line num="489" type="stmt" count="0"/>
      <line num="490" type="stmt" count="0"/>
      <line num="491" type="stmt" count="0"/>
      <line num="492" type="stmt" count="0"/>
      <line num="493" type="stmt" count="0"/>
      <line num="494" type="stmt" count="0"/>
      <line num="500" type="stmt" count="0"/>
      <line num="518" type="stmt" count="0"/>
      <line num="519" type="stmt" count="0"/>
      <line num="520" type="stmt" count="0"/>
      <line num="521" type="stmt" count="0"/>
      <line num="522" type="stmt" count="0"/>
      <line num="525" type="stmt" count="0"/>
      <line num="526" type="stmt" count="0"/>
      <line num="527" type="stmt" count="0"/>
      <line num="528" type="stmt" count="0"/>
      <line num="529" type="stmt" count="0"/>
      <line num="530" type="stmt" count="0"/>
      <line num="531" type="stmt" count="0"/>
      <line num="532" type="stmt" count="0"/>
      <line num="533" type="stmt" count="0"/>
      <line num="534" type="stmt" count="0"/>
      <line num="535" type="stmt" count="0"/>
      <line num="536" type="stmt" count="0"/>
      <line num="537" type="stmt" count="0"/>
      <line num="539" type="stmt" count="0"/>
      <line num="541" type="stmt" count="0"/>
      <line num="542" type="stmt" count="0"/>
      <line num="543" type="stmt" count="0"/>
      <line num="544" type="stmt" count="0"/>
      <line num="545" type="stmt" count="0"/>
      <line num="548" type="stmt" count="0"/>
      <line num="549" type="stmt" count="0"/>
      <line num="551" type="stmt" count="0"/>
      <line num="552" type="stmt" count="0"/>
      <line num="553" type="stmt" count="0"/>
      <line num="554" type="stmt" count="0"/>
      <line num="555" type="stmt" count="0"/>
      <line num="558" type="stmt" count="0"/>
      <line num="559" type="stmt" count="0"/>
      <line num="560" type="stmt" count="0"/>
      <line num="561" type="stmt" count="0"/>
      <line num="562" type="stmt" count="0"/>
      <line num="563" type="stmt" count="0"/>
      <line num="564" type="stmt" count="0"/>
      <line num="565" type="stmt" count="0"/>
      <line num="566" type="stmt" count="0"/>
      <line num="567" type="stmt" count="0"/>
      <line num="568" type="stmt" count="0"/>
      <line num="569" type="stmt" count="0"/>
      <line num="570" type="stmt" count="0"/>
      <line num="571" type="stmt" count="0"/>
      <line num="572" type="stmt" count="0"/>
      <line num="573" type="stmt" count="0"/>
      <line num="574" type="stmt" count="0"/>
      <line num="575" type="stmt" count="0"/>
      <line num="576" type="stmt" count="0"/>
      <line num="588" type="stmt" count="0"/>
      <line num="589" type="stmt" count="0"/>
      <line num="590" type="stmt" count="0"/>
      <line num="591" type="stmt" count="0"/>
      <line num="592" type="stmt" count="0"/>
      <line num="593" type="stmt" count="0"/>
      <line num="594" type="stmt" count="0"/>
      <line num="595" type="stmt" count="0"/>
      <line num="596" type="stmt" count="0"/>
      <line num="597" type="stmt" count="0"/>
      <line num="598" type="stmt" count="0"/>
      <line num="599" type="stmt" count="0"/>
      <line num="600" type="stmt" count="0"/>
      <line num="601" type="stmt" count="0"/>
      <line num="602" type="stmt" count="0"/>
      <line num="603" type="stmt" count="0"/>
      <line num="604" type="stmt" count="0"/>
      <line num="605" type="stmt" count="0"/>
      <line num="606" type="stmt" count="0"/>
      <line num="624" type="stmt" count="12"/>
      <line num="626" type="stmt" count="12"/>
      <line num="627" type="stmt" count="12"/>
      <line num="629" type="stmt" count="12"/>
      <line num="630" type="stmt" count="2"/>
      <line num="633" type="stmt" count="10"/>
      <line num="635" type="stmt" count="10"/>
      <line num="636" type="stmt" count="10"/>
      <line num="637" type="stmt" count="10"/>
      <line num="638" type="stmt" count="10"/>
      <line num="639" type="stmt" count="10"/>
      <line num="640" type="stmt" count="10"/>
      <line num="641" type="stmt" count="10"/>
      <line num="642" type="stmt" count="10"/>
      <line num="644" type="stmt" count="10"/>
      <line num="646" type="stmt" count="10"/>
      <line num="647" type="stmt" count="1"/>
      <line num="651" type="stmt" count="9"/>
      <line num="652" type="stmt" count="9"/>
      <line num="654" type="stmt" count="9"/>
      <line num="655" type="stmt" count="1"/>
      <line num="658" type="stmt" count="8"/>
      <line num="659" type="stmt" count="8"/>
      <line num="663" type="stmt" count="8"/>
      <line num="664" type="stmt" count="1"/>
      <line num="667" type="stmt" count="8"/>
      <line num="677" type="stmt" count="5"/>
      <line num="687" type="stmt" count="7"/>
      <line num="688" type="stmt" count="3"/>
      <line num="690" type="stmt" count="4"/>
      <line num="691" type="stmt" count="4"/>
      <line num="692" type="stmt" count="4"/>
      <line num="716" type="stmt" count="6"/>
      <line num="717" type="stmt" count="2"/>
      <line num="720" type="stmt" count="4"/>
      <line num="721" type="stmt" count="4"/>
      <line num="722" type="stmt" count="4"/>
      <line num="723" type="stmt" count="4"/>
      <line num="724" type="stmt" count="4"/>
      <line num="725" type="stmt" count="4"/>
      <line num="726" type="stmt" count="4"/>
      <line num="727" type="stmt" count="4"/>
      <line num="728" type="stmt" count="4"/>
      <line num="729" type="stmt" count="4"/>
      <line num="730" type="stmt" count="4"/>
      <line num="731" type="stmt" count="4"/>
      <line num="732" type="stmt" count="4"/>
      <line num="734" type="stmt" count="4"/>
      <line num="779" type="stmt" count="6"/>
      <line num="780" type="stmt" count="1"/>
      <line num="783" type="stmt" count="5"/>
      <line num="784" type="stmt" count="5"/>
      <line num="785" type="stmt" count="5"/>
      <line num="786" type="stmt" count="5"/>
      <line num="787" type="stmt" count="5"/>
      <line num="788" type="stmt" count="5"/>
      <line num="789" type="stmt" count="5"/>
      <line num="790" type="stmt" count="5"/>
      <line num="791" type="stmt" count="5"/>
      <line num="792" type="stmt" count="5"/>
      <line num="793" type="stmt" count="5"/>
      <line num="794" type="stmt" count="5"/>
      <line num="795" type="stmt" count="5"/>
      <line num="796" type="stmt" count="5"/>
      <line num="797" type="stmt" count="5"/>
      <line num="799" type="stmt" count="5"/>
      <line num="800" type="stmt" count="5"/>
      <line num="801" type="stmt" count="0"/>
      <line num="804" type="stmt" count="5"/>
      <line num="806" type="stmt" count="5"/>
      <line num="807" type="stmt" count="5"/>
      <line num="809" type="stmt" count="1"/>
      <line num="810" type="stmt" count="1"/>
      <line num="813" type="stmt" count="0"/>
      <line num="828" type="stmt" count="5"/>
      <line num="852" type="stmt" count="8"/>
      <line num="853" type="stmt" count="8"/>
      <line num="854" type="stmt" count="8"/>
      <line num="855" type="stmt" count="8"/>
      <line num="857" type="stmt" count="8"/>
      <line num="858" type="stmt" count="1"/>
      <line num="861" type="stmt" count="7"/>
      <line num="862" type="stmt" count="7"/>
      <line num="863" type="stmt" count="5"/>
      <line num="865" type="stmt" count="7"/>
      <line num="866" type="stmt" count="0"/>
      <line num="868" type="stmt" count="7"/>
      <line num="869" type="stmt" count="1"/>
      <line num="871" type="stmt" count="7"/>
      <line num="872" type="stmt" count="1"/>
      <line num="875" type="stmt" count="7"/>
      <line num="876" type="stmt" count="3"/>
      <line num="877" type="stmt" count="5"/>
      <line num="879" type="stmt" count="7"/>
      <line num="880" type="stmt" count="7"/>
      <line num="881" type="stmt" count="7"/>
      <line num="882" type="stmt" count="7"/>
      <line num="883" type="stmt" count="7"/>
      <line num="884" type="stmt" count="7"/>
      <line num="885" type="stmt" count="7"/>
      <line num="886" type="stmt" count="7"/>
      <line num="888" type="stmt" count="7"/>
      <line num="895" type="stmt" count="5"/>
      <line num="896" type="stmt" count="5"/>
      <line num="897" type="stmt" count="5"/>
      <line num="899" type="stmt" count="5"/>
      <line num="900" type="stmt" count="5"/>
      <line num="901" type="stmt" count="5"/>
      <line num="903" type="stmt" count="5"/>
      <line num="911" type="stmt" count="156"/>
      <line num="914" type="stmt" count="156"/>
      <line num="915" type="stmt" count="0"/>
      <line num="916" type="stmt" count="0"/>
      <line num="917" type="stmt" count="0"/>
      <line num="919" type="stmt" count="156"/>
      <line num="920" type="stmt" count="0"/>
      <line num="922" type="stmt" count="156"/>
      <line num="924" type="stmt" count="156"/>
      <line num="925" type="stmt" count="156"/>
      <line num="926" type="stmt" count="156"/>
      <line num="931" type="stmt" count="156"/>
      <line num="933" type="stmt" count="156"/>
      <line num="934" type="stmt" count="0"/>
      <line num="937" type="stmt" count="156"/>
      <line num="938" type="stmt" count="0"/>
      <line num="939" type="stmt" count="0"/>
      <line num="940" type="stmt" count="0"/>
      <line num="941" type="stmt" count="0"/>
      <line num="946" type="stmt" count="156"/>
      <line num="947" type="stmt" count="156"/>
      <line num="948" type="stmt" count="0"/>
      <line num="949" type="stmt" count="0"/>
      <line num="952" type="stmt" count="156"/>
      <metrics statements="405" coveredstatements="284"/>
    </file>
    <file name="/Users/tiger/Github/agnosis/includes/AI/PromptConfig.php">
      <line num="60" type="stmt" count="276"/>
      <line num="64" type="stmt" count="197"/>
      <line num="65" type="stmt" count="197"/>
      <line num="66" type="stmt" count="197"/>
      <line num="67" type="stmt" count="197"/>
      <line num="68" type="stmt" count="197"/>
      <line num="69" type="stmt" count="197"/>
      <line num="70" type="stmt" count="197"/>
      <line num="71" type="stmt" count="197"/>
      <line num="72" type="stmt" count="197"/>
      <line num="89" type="stmt" count="38"/>
      <line num="90" type="stmt" count="38"/>
      <line num="91" type="stmt" count="38"/>
      <line num="92" type="stmt" count="38"/>
      <line num="93" type="stmt" count="38"/>
      <line num="124" type="stmt" count="41"/>
      <line num="125" type="stmt" count="1"/>
      <line num="128" type="stmt" count="40"/>
      <line num="129" type="stmt" count="40"/>
      <line num="130" type="stmt" count="40"/>
      <line num="131" type="stmt" count="40"/>
      <line num="132" type="stmt" count="40"/>
      <line num="133" type="stmt" count="40"/>
      <line num="134" type="stmt" count="40"/>
      <line num="135" type="stmt" count="40"/>
      <line num="136" type="stmt" count="40"/>
      <line num="137" type="stmt" count="40"/>
      <line num="138" type="stmt" count="40"/>
      <line num="140" type="stmt" count="40"/>
      <line num="141" type="stmt" count="32"/>
      <line num="144" type="stmt" count="8"/>
      <line num="152" type="stmt" count="35"/>
      <line num="153" type="stmt" count="24"/>
      <line num="154" type="stmt" count="11"/>
      <line num="156" type="stmt" count="35"/>
      <line num="173" type="stmt" count="7"/>
      <line num="174" type="stmt" count="3"/>
      <line num="177" type="stmt" count="4"/>
      <line num="179" type="stmt" count="4"/>
      <line num="180" type="stmt" count="4"/>
      <line num="181" type="stmt" count="4"/>
      <line num="182" type="stmt" count="4"/>
      <line num="183" type="stmt" count="4"/>
      <line num="184" type="stmt" count="4"/>
      <line num="188" type="stmt" count="204"/>
      <line num="190" type="stmt" count="204"/>
      <line num="191" type="stmt" count="204"/>
      <line num="193" type="stmt" count="204"/>
      <line num="194" type="stmt" count="204"/>
      <line num="195" type="stmt" count="204"/>
      <line num="196" type="stmt" count="204"/>
      <line num="197" type="stmt" count="204"/>
      <line num="199" type="stmt" count="204"/>
      <line num="200" type="stmt" count="204"/>
      <line num="201" type="stmt" count="204"/>
      <line num="202" type="stmt" count="204"/>
      <line num="204" type="stmt" count="204"/>
      <line num="205" type="stmt" count="204"/>
      <line num="206" type="stmt" count="204"/>
      <line num="208" type="stmt" count="204"/>
      <line num="209" type="stmt" count="204"/>
      <line num="210" type="stmt" count="204"/>
      <line num="211" type="stmt" count="204"/>
      <line num="212" type="stmt" count="204"/>
      <line num="213" type="stmt" count="204"/>
      <line num="214" type="stmt" count="204"/>
      <line num="215" type="stmt" count="204"/>
      <line num="216" type="stmt" count="204"/>
      <line num="217" type="stmt" count="204"/>
      <line num="218" type="stmt" count="204"/>
      <line num="219" type="stmt" count="204"/>
      <line num="220" type="stmt" count="204"/>
      <line num="221" type="stmt" count="204"/>
      <line num="222" type="stmt" count="204"/>
      <line num="226" type="stmt" count="203"/>
      <line num="227" type="stmt" count="203"/>
      <line num="228" type="stmt" count="203"/>
      <line num="229" type="stmt" count="203"/>
      <line num="230" type="stmt" count="203"/>
      <line num="249" type="stmt" count="14"/>
      <line num="250" type="stmt" count="14"/>
      <line num="251" type="stmt" count="14"/>
      <line num="252" type="stmt" count="14"/>
      <line num="253" type="stmt" count="14"/>
      <line num="254" type="stmt" count="14"/>
      <line num="255" type="stmt" count="14"/>
      <line num="256" type="stmt" count="14"/>
      <line num="257" type="stmt" count="14"/>
      <line num="258" type="stmt" count="14"/>
      <line num="259" type="stmt" count="14"/>
      <line num="260" type="stmt" count="14"/>
      <line num="261" type="stmt" count="14"/>
      <line num="262" type="stmt" count="14"/>
      <line num="263" type="stmt" count="14"/>
      <line num="264" type="stmt" count="14"/>
      <line num="268" type="stmt" count="203"/>
      <line num="269" type="stmt" count="203"/>
      <line num="270" type="stmt" count="203"/>
      <line num="271" type="stmt" count="203"/>
      <line num="272" type="stmt" count="203"/>
      <line num="273" type="stmt" count="203"/>
      <metrics statements="101" coveredstatements="101"/>
    </file>
    <file name="/Users/tiger/Github/agnosis/includes/AI/Providers/Anthropic.php">
      <line num="31" type="stmt" count="24"/>
      <line num="34" type="stmt" count="13"/>
      <line num="35" type="stmt" count="1"/>
      <line num="42" type="stmt" count="12"/>
      <line num="44" type="stmt" count="12"/>
      <line num="45" type="stmt" count="12"/>
      <line num="46" type="stmt" count="12"/>
      <line num="48" type="stmt" count="12"/>
      <line num="49" type="stmt" count="12"/>
      <line num="50" type="stmt" count="12"/>
      <line num="51" type="stmt" count="12"/>
      <line num="52" type="stmt" count="12"/>
      <line num="53" type="stmt" count="12"/>
      <line num="54" type="stmt" count="12"/>
      <line num="55" type="stmt" count="12"/>
      <line num="56" type="stmt" count="12"/>
      <line num="57" type="stmt" count="12"/>
      <line num="58" type="stmt" count="12"/>
      <line num="59" type="stmt" count="12"/>
      <line num="60" type="stmt" count="12"/>
      <line num="61" type="stmt" count="12"/>
      <line num="62" type="stmt" count="12"/>
      <line num="63" type="stmt" count="12"/>
      <line num="64" type="stmt" count="12"/>
      <line num="65" type="stmt" count="12"/>
      <line num="66" type="stmt" count="12"/>
      <line num="67" type="stmt" count="12"/>
      <line num="68" type="stmt" count="12"/>
      <line num="69" type="stmt" count="12"/>
      <line num="70" type="stmt" count="12"/>
      <line num="71" type="stmt" count="12"/>
      <line num="73" type="stmt" count="12"/>
      <line num="74" type="stmt" count="0"/>
      <line num="77" type="stmt" count="12"/>
      <line num="78" type="stmt" count="12"/>
      <line num="79" type="stmt" count="12"/>
      <line num="80" type="stmt" count="12"/>
      <line num="81" type="stmt" count="12"/>
      <line num="82" type="stmt" count="12"/>
      <line num="83" type="stmt" count="12"/>
      <line num="84" type="stmt" count="12"/>
      <line num="85" type="stmt" count="12"/>
      <line num="87" type="stmt" count="12"/>
      <line num="88" type="stmt" count="1"/>
      <line num="91" type="stmt" count="11"/>
      <line num="92" type="stmt" count="11"/>
      <line num="93" type="stmt" count="11"/>
      <line num="95" type="stmt" count="11"/>
      <line num="96" type="stmt" count="2"/>
      <line num="99" type="stmt" count="9"/>
      <line num="101" type="stmt" count="9"/>
      <line num="102" type="stmt" count="1"/>
      <line num="105" type="stmt" count="8"/>
      <line num="106" type="stmt" count="8"/>
      <line num="107" type="stmt" count="8"/>
      <line num="109" type="stmt" count="8"/>
      <line num="110" type="stmt" count="8"/>
      <line num="111" type="stmt" count="8"/>
      <line num="112" type="stmt" count="8"/>
      <line num="113" type="stmt" count="8"/>
      <line num="114" type="stmt" count="8"/>
      <line num="115" type="stmt" count="8"/>
      <line num="116" type="stmt" count="8"/>
      <line num="117" type="stmt" count="8"/>
      <line num="118" type="stmt" count="8"/>
      <line num="119" type="stmt" count="8"/>
      <line num="131" type="stmt" count="8"/>
      <line num="132" type="stmt" count="1"/>
      <line num="135" type="stmt" count="7"/>
      <line num="136" type="stmt" count="7"/>
      <line num="138" type="stmt" count="7"/>
      <line num="139" type="stmt" count="7"/>
      <line num="140" type="stmt" count="7"/>
      <line num="141" type="stmt" count="7"/>
      <line num="142" type="stmt" count="7"/>
      <line num="143" type="stmt" count="7"/>
      <line num="144" type="stmt" count="7"/>
      <line num="145" type="stmt" count="7"/>
      <line num="146" type="stmt" count="7"/>
      <line num="147" type="stmt" count="7"/>
      <line num="148" type="stmt" count="7"/>
      <line num="149" type="stmt" count="7"/>
      <line num="150" type="stmt" count="7"/>
      <line num="151" type="stmt" count="7"/>
      <line num="152" type="stmt" count="7"/>
      <line num="153" type="stmt" count="7"/>
      <line num="154" type="stmt" count="7"/>
      <line num="155" type="stmt" count="7"/>
      <line num="156" type="stmt" count="7"/>
      <line num="157" type="stmt" count="7"/>
      <line num="159" type="stmt" count="7"/>
      <line num="160" type="stmt" count="0"/>
      <line num="163" type="stmt" count="7"/>
      <line num="164" type="stmt" count="7"/>
      <line num="165" type="stmt" count="7"/>
      <line num="166" type="stmt" count="7"/>
      <line num="167" type="stmt" count="7"/>
      <line num="168" type="stmt" count="7"/>
      <line num="169" type="stmt" count="7"/>
      <line num="170" type="stmt" count="7"/>
      <line num="171" type="stmt" count="7"/>
      <line num="173" type="stmt" count="7"/>
      <line num="174" type="stmt" count="1"/>
      <line num="177" type="stmt" count="6"/>
      <line num="178" type="stmt" count="6"/>
      <line num="179" type="stmt" count="6"/>
      <line num="181" type="stmt" count="6"/>
      <line num="182" type="stmt" count="1"/>
      <line num="185" type="stmt" count="5"/>
      <line num="187" type="stmt" count="5"/>
      <line num="188" type="stmt" count="1"/>
      <line num="191" type="stmt" count="4"/>
      <line num="192" type="stmt" count="4"/>
      <line num="193" type="stmt" count="4"/>
      <line num="195" type="stmt" count="4"/>
      <line num="196" type="stmt" count="4"/>
      <line num="197" type="stmt" count="4"/>
      <line num="198" type="stmt" count="4"/>
      <line num="199" type="stmt" count="4"/>
      <line num="200" type="stmt" count="4"/>
      <line num="201" type="stmt" count="4"/>
      <line num="202" type="stmt" count="4"/>
      <line num="203" type="stmt" count="4"/>
      <line num="204" type="stmt" count="4"/>
      <line num="205" type="stmt" count="4"/>
      <line num="210" type="stmt" count="1"/>
      <line num="214" type="stmt" count="1"/>
      <line num="218" type="stmt" count="0"/>
      <line num="219" type="stmt" count="0"/>
      <line num="222" type="stmt" count="0"/>
      <line num="223" type="stmt" count="0"/>
      <line num="224" type="stmt" count="0"/>
      <line num="225" type="stmt" count="0"/>
      <line num="226" type="stmt" count="0"/>
      <line num="227" type="stmt" count="0"/>
      <line num="228" type="stmt" count="0"/>
      <line num="230" type="stmt" count="0"/>
      <line num="231" type="stmt" count="0"/>
      <line num="234" type="stmt" count="0"/>
      <line num="235" type="stmt" count="0"/>
      <line num="236" type="stmt" count="0"/>
      <line num="237" type="stmt" count="0"/>
      <line num="238" type="stmt" count="0"/>
      <line num="239" type="stmt" count="0"/>
      <line num="240" type="stmt" count="0"/>
      <line num="241" type="stmt" count="0"/>
      <line num="242" type="stmt" count="0"/>
      <line num="244" type="stmt" count="0"/>
      <line num="245" type="stmt" count="0"/>
      <line num="248" type="stmt" count="0"/>
      <line num="249" type="stmt" count="0"/>
      <line num="257" type="stmt" count="0"/>
      <line num="261" type="stmt" count="0"/>
      <metrics statements="153" coveredstatements="125"/>
    </file>
    <file name="/Users/tiger/Github/agnosis/includes/AI/Providers/OpenAI.php">
      <line num="32" type="stmt" count="179"/>
      <line num="39" type="stmt" count="15"/>
      <line num="40" type="stmt" count="2"/>
      <line num="47" type="stmt" count="13"/>
      <line num="49" type="stmt" count="13"/>
      <line num="50" type="stmt" count="13"/>
      <line num="52" type="stmt" count="13"/>
      <line num="53" type="stmt" count="13"/>
      <line num="55" type="stmt" count="13"/>
      <line num="56" type="stmt" count="13"/>
      <line num="57" type="stmt" count="13"/>
      <line num="58" type="stmt" count="13"/>
      <line num="59" type="stmt" count="13"/>
      <line num="60" type="stmt" count="13"/>
      <line num="61" type="stmt" count="13"/>
      <line num="62" type="stmt" count="13"/>
      <line num="63" type="stmt" count="13"/>
      <line num="64" type="stmt" count="13"/>
      <line num="65" type="stmt" count="13"/>
      <line num="66" type="stmt" count="13"/>
      <line num="67" type="stmt" count="13"/>
      <line num="68" type="stmt" count="13"/>
      <line num="69" type="stmt" count="13"/>
      <line num="71" type="stmt" count="13"/>
      <line num="72" type="stmt" count="0"/>
      <line num="75" type="stmt" count="13"/>
      <line num="76" type="stmt" count="13"/>
      <line num="77" type="stmt" count="13"/>
      <line num="78" type="stmt" count="13"/>
      <line num="79" type="stmt" count="13"/>
      <line num="80" type="stmt" count="13"/>
      <line num="81" type="stmt" count="13"/>
      <line num="82" type="stmt" count="13"/>
      <line num="84" type="stmt" count="13"/>
      <line num="85" type="stmt" count="1"/>
      <line num="88" type="stmt" count="12"/>
      <line num="89" type="stmt" count="12"/>
      <line num="91" type="stmt" count="12"/>
      <line num="92" type="stmt" count="2"/>
      <line num="95" type="stmt" count="10"/>
      <line num="97" type="stmt" count="10"/>
      <line num="98" type="stmt" count="1"/>
      <line num="101" type="stmt" count="9"/>
      <line num="102" type="stmt" count="9"/>
      <line num="103" type="stmt" count="9"/>
      <line num="105" type="stmt" count="9"/>
      <line num="106" type="stmt" count="9"/>
      <line num="107" type="stmt" count="9"/>
      <line num="108" type="stmt" count="9"/>
      <line num="109" type="stmt" count="9"/>
      <line num="110" type="stmt" count="9"/>
      <line num="111" type="stmt" count="9"/>
      <line num="112" type="stmt" count="9"/>
      <line num="113" type="stmt" count="9"/>
      <line num="114" type="stmt" count="9"/>
      <line num="115" type="stmt" count="9"/>
      <line num="129" type="stmt" count="8"/>
      <line num="130" type="stmt" count="1"/>
      <line num="133" type="stmt" count="7"/>
      <line num="134" type="stmt" count="7"/>
      <line num="135" type="stmt" count="7"/>
      <line num="137" type="stmt" count="7"/>
      <line num="138" type="stmt" count="7"/>
      <line num="139" type="stmt" count="7"/>
      <line num="140" type="stmt" count="7"/>
      <line num="141" type="stmt" count="7"/>
      <line num="142" type="stmt" count="7"/>
      <line num="143" type="stmt" count="7"/>
      <line num="144" type="stmt" count="7"/>
      <line num="145" type="stmt" count="7"/>
      <line num="146" type="stmt" count="7"/>
      <line num="147" type="stmt" count="7"/>
      <line num="148" type="stmt" count="7"/>
      <line num="149" type="stmt" count="7"/>
      <line num="150" type="stmt" count="7"/>
      <line num="152" type="stmt" count="7"/>
      <line num="153" type="stmt" count="0"/>
      <line num="156" type="stmt" count="7"/>
      <line num="157" type="stmt" count="7"/>
      <line num="158" type="stmt" count="7"/>
      <line num="159" type="stmt" count="7"/>
      <line num="160" type="stmt" count="7"/>
      <line num="161" type="stmt" count="7"/>
      <line num="162" type="stmt" count="7"/>
      <line num="163" type="stmt" count="7"/>
      <line num="165" type="stmt" count="7"/>
      <line num="166" type="stmt" count="1"/>
      <line num="169" type="stmt" count="6"/>
      <line num="170" type="stmt" count="6"/>
      <line num="172" type="stmt" count="6"/>
      <line num="173" type="stmt" count="1"/>
      <line num="176" type="stmt" count="5"/>
      <line num="178" type="stmt" count="5"/>
      <line num="179" type="stmt" count="1"/>
      <line num="182" type="stmt" count="4"/>
      <line num="183" type="stmt" count="4"/>
      <line num="184" type="stmt" count="4"/>
      <line num="186" type="stmt" count="4"/>
      <line num="187" type="stmt" count="4"/>
      <line num="188" type="stmt" count="4"/>
      <line num="189" type="stmt" count="4"/>
      <line num="190" type="stmt" count="4"/>
      <line num="191" type="stmt" count="4"/>
      <line num="192" type="stmt" count="4"/>
      <line num="193" type="stmt" count="4"/>
      <line num="194" type="stmt" count="4"/>
      <line num="195" type="stmt" count="4"/>
      <line num="196" type="stmt" count="4"/>
      <line num="204" type="stmt" count="0"/>
      <line num="205" type="stmt" count="0"/>
      <line num="209" type="stmt" count="0"/>
      <line num="210" type="stmt" count="0"/>
      <line num="212" type="stmt" count="0"/>
      <line num="213" type="stmt" count="0"/>
      <line num="214" type="stmt" count="0"/>
      <line num="215" type="stmt" count="0"/>
      <line num="216" type="stmt" count="0"/>
      <line num="217" type="stmt" count="0"/>
      <line num="218" type="stmt" count="0"/>
      <line num="219" type="stmt" count="0"/>
      <line num="221" type="stmt" count="0"/>
      <line num="222" type="stmt" count="0"/>
      <line num="225" type="stmt" count="0"/>
      <line num="226" type="stmt" count="0"/>
      <line num="228" type="stmt" count="0"/>
      <line num="229" type="stmt" count="0"/>
      <line num="232" type="stmt" count="0"/>
      <line num="234" type="stmt" count="0"/>
      <line num="235" type="stmt" count="0"/>
      <line num="236" type="stmt" count="0"/>
      <line num="237" type="stmt" count="0"/>
      <line num="238" type="stmt" count="0"/>
      <line num="242" type="stmt" count="0"/>
      <line num="246" type="stmt" count="1"/>
      <line num="247" type="stmt" count="1"/>
      <line num="250" type="stmt" count="0"/>
      <line num="251" type="stmt" count="0"/>
      <line num="252" type="stmt" count="0"/>
      <line num="253" type="stmt" count="0"/>
      <line num="254" type="stmt" count="0"/>
      <line num="255" type="stmt" count="0"/>
      <line num="256" type="stmt" count="0"/>
      <line num="258" type="stmt" count="0"/>
      <line num="259" type="stmt" count="0"/>
      <line num="262" type="stmt" count="0"/>
      <line num="263" type="stmt" count="0"/>
      <line num="264" type="stmt" count="0"/>
      <line num="265" type="stmt" count="0"/>
      <line num="266" type="stmt" count="0"/>
      <line num="267" type="stmt" count="0"/>
      <line num="268" type="stmt" count="0"/>
      <line num="269" type="stmt" count="0"/>
      <line num="271" type="stmt" count="0"/>
      <line num="272" type="stmt" count="0"/>
      <line num="275" type="stmt" count="0"/>
      <line num="276" type="stmt" count="0"/>
      <line num="294" type="stmt" count="0"/>
      <line num="295" type="stmt" count="0"/>
      <line num="299" type="stmt" count="0"/>
      <line num="300" type="stmt" count="0"/>
      <line num="301" type="stmt" count="0"/>
      <line num="302" type="stmt" count="0"/>
      <line num="303" type="stmt" count="0"/>
      <line num="304" type="stmt" count="0"/>
      <line num="305" type="stmt" count="0"/>
      <line num="306" type="stmt" count="0"/>
      <line num="307" type="stmt" count="0"/>
      <line num="308" type="stmt" count="0"/>
      <line num="309" type="stmt" count="0"/>
      <line num="311" type="stmt" count="0"/>
      <line num="312" type="stmt" count="0"/>
      <line num="313" type="stmt" count="0"/>
      <line num="316" type="stmt" count="0"/>
      <line num="317" type="stmt" count="0"/>
      <line num="318" type="stmt" count="0"/>
      <line num="319" type="stmt" count="0"/>
      <line num="322" type="stmt" count="0"/>
      <line num="323" type="stmt" count="0"/>
      <line num="324" type="stmt" count="0"/>
      <line num="327" type="stmt" count="0"/>
      <line num="328" type="stmt" count="0"/>
      <line num="329" type="stmt" count="0"/>
      <line num="331" type="stmt" count="0"/>
      <line num="333" type="stmt" count="0"/>
      <line num="334" type="stmt" count="0"/>
      <line num="335" type="stmt" count="0"/>
      <line num="336" type="stmt" count="0"/>
      <line num="337" type="stmt" count="0"/>
      <line num="338" type="stmt" count="0"/>
      <line num="339" type="stmt" count="0"/>
      <line num="340" type="stmt" count="0"/>
      <line num="342" type="stmt" count="0"/>
      <line num="343" type="stmt" count="0"/>
      <line num="346" type="stmt" count="0"/>
      <line num="350" type="stmt" count="0"/>
      <line num="356" type="stmt" count="0"/>
      <line num="357" type="stmt" count="0"/>
      <line num="360" type="stmt" count="0"/>
      <line num="361" type="stmt" count="0"/>
      <line num="362" type="stmt" count="0"/>
      <line num="363" type="stmt" count="0"/>
      <line num="366" type="stmt" count="0"/>
      <line num="367" type="stmt" count="0"/>
      <line num="368" type="stmt" count="0"/>
      <line num="371" type="stmt" count="0"/>
      <line num="372" type="stmt" count="0"/>
      <line num="373" type="stmt" count="0"/>
      <line num="376" type="stmt" count="0"/>
      <line num="377" type="stmt" count="0"/>
      <line num="378" type="stmt" count="0"/>
      <line num="381" type="stmt" count="0"/>
      <line num="382" type="stmt" count="0"/>
      <line num="383" type="stmt" count="0"/>
      <line num="385" type="stmt" count="0"/>
      <line num="387" type="stmt" count="0"/>
      <metrics statements="215" coveredstatements="108"/>
    </file>
    <file name="/Users/tiger/Github/agnosis/includes/AI/Providers/WordPressAI.php">
      <line num="38" type="stmt" count="8"/>
      <line num="39" type="stmt" count="1"/>
      <line num="40" type="stmt" count="1"/>
      <line num="41" type="stmt" count="1"/>
      <line num="44" type="stmt" count="7"/>
      <line num="45" type="stmt" count="1"/>
      <line num="46" type="stmt" count="1"/>
      <line num="47" type="stmt" count="1"/>
      <line num="50" type="stmt" count="6"/>
      <line num="52" type="stmt" count="6"/>
      <line num="53" type="stmt" count="6"/>
      <line num="58" type="stmt" count="6"/>
      <line num="60" type="stmt" count="6"/>
      <line num="61" type="stmt" count="6"/>
      <line num="64" type="stmt" count="6"/>
      <line num="65" type="stmt" count="6"/>
      <line num="67" type="stmt" count="6"/>
      <line num="68" type="stmt" count="1"/>
      <line num="69" type="stmt" count="1"/>
      <line num="70" type="stmt" count="1"/>
      <line num="73" type="stmt" count="5"/>
      <line num="75" type="stmt" count="5"/>
      <line num="76" type="stmt" count="0"/>
      <line num="79" type="stmt" count="5"/>
      <line num="81" type="stmt" count="5"/>
      <line num="82" type="stmt" count="1"/>
      <line num="85" type="stmt" count="4"/>
      <line num="88" type="stmt" count="4"/>
      <line num="89" type="stmt" count="1"/>
      <line num="92" type="stmt" count="4"/>
      <line num="93" type="stmt" count="1"/>
      <line num="98" type="stmt" count="3"/>
      <line num="99" type="stmt" count="3"/>
      <line num="100" type="stmt" count="3"/>
      <line num="101" type="stmt" count="3"/>
      <line num="102" type="stmt" count="3"/>
      <line num="103" type="stmt" count="3"/>
      <line num="104" type="stmt" count="3"/>
      <line num="105" type="stmt" count="3"/>
      <line num="106" type="stmt" count="3"/>
      <line num="107" type="stmt" count="3"/>
      <line num="108" type="stmt" count="3"/>
      <line num="127" type="stmt" count="1"/>
      <line num="128" type="stmt" count="1"/>
      <line num="129" type="stmt" count="1"/>
      <line num="133" type="stmt" count="1"/>
      <line num="134" type="stmt" count="1"/>
      <line num="135" type="stmt" count="1"/>
      <line num="139" type="stmt" count="1"/>
      <line num="144" type="stmt" count="11"/>
      <line num="145" type="stmt" count="1"/>
      <line num="149" type="stmt" count="10"/>
      <line num="150" type="stmt" count="10"/>
      <line num="151" type="stmt" count="1"/>
      <line num="154" type="stmt" count="9"/>
      <line num="155" type="stmt" count="0"/>
      <line num="156" type="stmt" count="0"/>
      <line num="164" type="stmt" count="1"/>
      <line num="168" type="stmt" count="1"/>
      <metrics statements="59" coveredstatements="56"/>
    </file>
    <file name="/Users/tiger/Github/agnosis/includes/AI/SubmissionTranslator.php">
      <line num="63" type="stmt" count="114"/>
      <line num="64" type="stmt" count="113"/>
      <line num="65" type="stmt" count="113"/>
      <line num="66" type="stmt" count="113"/>
      <line num="67" type="stmt" count="58"/>
      <line num="68" type="stmt" count="55"/>
      <line num="74" type="stmt" count="1"/>
      <line num="75" type="stmt" count="1"/>
      <line num="79" type="stmt" count="114"/>
      <line num="96" type="stmt" count="28"/>
      <line num="97" type="stmt" count="28"/>
      <line num="99" type="stmt" count="28"/>
      <line num="101" type="stmt" count="1"/>
      <line num="102" type="stmt" count="1"/>
      <line num="103" type="stmt" count="1"/>
      <line num="104" type="stmt" count="1"/>
      <line num="105" type="stmt" count="1"/>
      <line num="108" type="stmt" count="27"/>
      <line num="109" type="stmt" count="27"/>
      <line num="111" type="stmt" count="27"/>
      <line num="112" type="stmt" count="7"/>
      <line num="115" type="stmt" count="20"/>
      <line num="117" type="stmt" count="20"/>
      <line num="119" type="stmt" count="14"/>
      <line num="120" type="stmt" count="14"/>
      <line num="123" type="stmt" count="6"/>
      <line num="124" type="stmt" count="6"/>
      <line num="125" type="stmt" count="6"/>
      <line num="126" type="stmt" count="6"/>
      <line num="129" type="stmt" count="6"/>
      <line num="130" type="stmt" count="6"/>
      <line num="131" type="stmt" count="6"/>
      <line num="132" type="stmt" count="6"/>
      <line num="152" type="stmt" count="9"/>
      <line num="153" type="stmt" count="9"/>
      <line num="154" type="stmt" count="1"/>
      <line num="157" type="stmt" count="8"/>
      <line num="158" type="stmt" count="8"/>
      <line num="159" type="stmt" count="1"/>
      <line num="160" type="stmt" count="1"/>
      <line num="161" type="stmt" count="1"/>
      <line num="162" type="stmt" count="1"/>
      <line num="163" type="stmt" count="1"/>
      <line num="168" type="stmt" count="7"/>
      <line num="169" type="stmt" count="7"/>
      <line num="200" type="stmt" count="15"/>
      <line num="201" type="stmt" count="15"/>
      <line num="202" type="stmt" count="2"/>
      <line num="205" type="stmt" count="13"/>
      <line num="206" type="stmt" count="13"/>
      <line num="207" type="stmt" count="1"/>
      <line num="208" type="stmt" count="1"/>
      <line num="209" type="stmt" count="1"/>
      <line num="210" type="stmt" count="1"/>
      <line num="211" type="stmt" count="1"/>
      <line num="214" type="stmt" count="12"/>
      <line num="215" type="stmt" count="12"/>
      <line num="216" type="stmt" count="12"/>
      <line num="219" type="stmt" count="12"/>
      <line num="221" type="stmt" count="12"/>
      <line num="222" type="stmt" count="12"/>
      <line num="223" type="stmt" count="12"/>
      <line num="224" type="stmt" count="12"/>
      <line num="225" type="stmt" count="12"/>
      <line num="227" type="stmt" count="12"/>
      <line num="229" type="stmt" count="12"/>
      <line num="230" type="stmt" count="1"/>
      <line num="234" type="stmt" count="11"/>
      <line num="235" type="stmt" count="11"/>
      <line num="237" type="stmt" count="11"/>
      <line num="238" type="stmt" count="1"/>
      <line num="241" type="stmt" count="10"/>
      <line num="242" type="stmt" count="10"/>
      <line num="243" type="stmt" count="10"/>
      <line num="244" type="stmt" count="10"/>
      <line num="248" type="stmt" count="10"/>
      <line num="276" type="stmt" count="14"/>
      <line num="277" type="stmt" count="14"/>
      <line num="278" type="stmt" count="1"/>
      <line num="281" type="stmt" count="13"/>
      <line num="282" type="stmt" count="13"/>
      <line num="283" type="stmt" count="13"/>
      <line num="284" type="stmt" count="13"/>
      <line num="285" type="stmt" count="12"/>
      <line num="287" type="stmt" count="2"/>
      <line num="288" type="stmt" count="2"/>
      <line num="289" type="stmt" count="2"/>
      <line num="290" type="stmt" count="2"/>
      <line num="294" type="stmt" count="13"/>
      <line num="295" type="stmt" count="1"/>
      <line num="298" type="stmt" count="12"/>
      <line num="299" type="stmt" count="12"/>
      <line num="300" type="stmt" count="12"/>
      <line num="301" type="stmt" count="12"/>
      <line num="302" type="stmt" count="12"/>
      <line num="303" type="stmt" count="12"/>
      <line num="305" type="stmt" count="12"/>
      <line num="306" type="stmt" count="12"/>
      <line num="307" type="stmt" count="12"/>
      <line num="308" type="stmt" count="12"/>
      <line num="310" type="stmt" count="12"/>
      <line num="312" type="stmt" count="12"/>
      <line num="313" type="stmt" count="1"/>
      <line num="317" type="stmt" count="11"/>
      <line num="318" type="stmt" count="11"/>
      <line num="320" type="stmt" count="11"/>
      <line num="321" type="stmt" count="1"/>
      <line num="324" type="stmt" count="10"/>
      <line num="325" type="stmt" count="10"/>
      <line num="326" type="stmt" count="10"/>
      <line num="327" type="stmt" count="0"/>
      <line num="329" type="stmt" count="10"/>
      <line num="330" type="stmt" count="10"/>
      <line num="331" type="stmt" count="9"/>
      <line num="335" type="stmt" count="10"/>
      <line num="345" type="stmt" count="35"/>
      <line num="346" type="stmt" count="35"/>
      <line num="349" type="stmt" count="35"/>
      <line num="350" type="stmt" count="2"/>
      <line num="351" type="stmt" count="2"/>
      <line num="352" type="stmt" count="1"/>
      <line num="354" type="stmt" count="1"/>
      <line num="355" type="stmt" count="1"/>
      <line num="357" type="stmt" count="33"/>
      <line num="358" type="stmt" count="11"/>
      <line num="360" type="stmt" count="22"/>
      <line num="362" type="stmt" count="22"/>
      <line num="363" type="stmt" count="22"/>
      <line num="364" type="stmt" count="21"/>
      <line num="366" type="stmt" count="1"/>
      <line num="367" type="stmt" count="1"/>
      <line num="385" type="stmt" count="31"/>
      <line num="388" type="stmt" count="31"/>
      <line num="389" type="stmt" count="27"/>
      <line num="391" type="stmt" count="27"/>
      <line num="395" type="stmt" count="31"/>
      <line num="407" type="stmt" count="62"/>
      <line num="427" type="stmt" count="27"/>
      <line num="428" type="stmt" count="27"/>
      <line num="429" type="stmt" count="7"/>
      <line num="431" type="stmt" count="27"/>
      <line num="432" type="stmt" count="26"/>
      <line num="435" type="stmt" count="27"/>
      <line num="436" type="stmt" count="27"/>
      <line num="437" type="stmt" count="27"/>
      <line num="438" type="stmt" count="27"/>
      <line num="439" type="stmt" count="27"/>
      <line num="441" type="stmt" count="27"/>
      <line num="442" type="stmt" count="27"/>
      <line num="443" type="stmt" count="27"/>
      <line num="444" type="stmt" count="27"/>
      <line num="445" type="stmt" count="27"/>
      <line num="447" type="stmt" count="27"/>
      <line num="449" type="stmt" count="27"/>
      <line num="450" type="stmt" count="14"/>
      <line num="454" type="stmt" count="13"/>
      <line num="455" type="stmt" count="13"/>
      <line num="457" type="stmt" count="13"/>
      <line num="458" type="stmt" count="2"/>
      <line num="461" type="stmt" count="11"/>
      <line num="463" type="stmt" count="11"/>
      <line num="464" type="stmt" count="5"/>
      <line num="467" type="stmt" count="11"/>
      <line num="468" type="stmt" count="10"/>
      <line num="471" type="stmt" count="11"/>
      <metrics statements="165" coveredstatements="164"/>
    </file>
    <file name="/Users/tiger/Github/agnosis/includes/Admin/InboxPage.php">
      <line num="32" type="stmt" count="0"/>
      <line num="33" type="stmt" count="0"/>
      <line num="34" type="stmt" count="0"/>
      <line num="35" type="stmt" count="0"/>
      <line num="36" type="stmt" count="0"/>
      <line num="37" type="stmt" count="0"/>
      <line num="38" type="stmt" count="0"/>
      <line num="39" type="stmt" count="0"/>
      <line num="40" type="stmt" count="0"/>
      <line num="43" type="stmt" count="0"/>
      <line num="44" type="stmt" count="0"/>
      <line num="45" type="stmt" count="0"/>
      <line num="46" type="stmt" count="0"/>
      <line num="47" type="stmt" count="0"/>
      <line num="48" type="stmt" count="0"/>
      <line num="49" type="stmt" count="0"/>
      <line num="50" type="stmt" count="0"/>
      <line num="54" type="stmt" count="0"/>
      <line num="55" type="stmt" count="0"/>
      <line num="57" type="stmt" count="0"/>
      <line num="61" type="stmt" count="0"/>
      <line num="62" type="stmt" count="0"/>
      <line num="65" type="stmt" count="0"/>
      <line num="67" type="stmt" count="0"/>
      <line num="70" type="stmt" count="0"/>
      <line num="71" type="stmt" count="0"/>
      <line num="72" type="stmt" count="0"/>
      <line num="74" type="stmt" count="0"/>
      <line num="75" type="stmt" count="0"/>
      <line num="78" type="stmt" count="0"/>
      <line num="79" type="stmt" count="0"/>
      <line num="80" type="stmt" count="0"/>
      <line num="81" type="stmt" count="0"/>
      <line num="82" type="stmt" count="0"/>
      <line num="84" type="stmt" count="0"/>
      <line num="86" type="stmt" count="0"/>
      <line num="87" type="stmt" count="0"/>
      <line num="88" type="stmt" count="0"/>
      <line num="89" type="stmt" count="0"/>
      <line num="90" type="stmt" count="0"/>
      <line num="91" type="stmt" count="0"/>
      <line num="92" type="stmt" count="0"/>
      <line num="93" type="stmt" count="0"/>
      <line num="94" type="stmt" count="0"/>
      <line num="95" type="stmt" count="0"/>
      <line num="96" type="stmt" count="0"/>
      <line num="97" type="stmt" count="0"/>
      <line num="98" type="stmt" count="0"/>
      <line num="99" type="stmt" count="0"/>
      <line num="100" type="stmt" count="0"/>
      <line num="101" type="stmt" count="0"/>
      <line num="105" type="stmt" count="0"/>
      <line num="106" type="stmt" count="0"/>
      <line num="107" type="stmt" count="0"/>
      <line num="108" type="stmt" count="0"/>
      <line num="109" type="stmt" count="0"/>
      <line num="110" type="stmt" count="0"/>
      <line num="111" type="stmt" count="0"/>
      <line num="112" type="stmt" count="0"/>
      <line num="113" type="stmt" count="0"/>
      <line num="114" type="stmt" count="0"/>
      <line num="115" type="stmt" count="0"/>
      <line num="116" type="stmt" count="0"/>
      <line num="117" type="stmt" count="0"/>
      <line num="118" type="stmt" count="0"/>
      <line num="121" type="stmt" count="0"/>
      <line num="122" type="stmt" count="0"/>
      <line num="123" type="stmt" count="0"/>
      <line num="124" type="stmt" count="0"/>
      <line num="125" type="stmt" count="0"/>
      <line num="126" type="stmt" count="0"/>
      <line num="127" type="stmt" count="0"/>
      <line num="128" type="stmt" count="0"/>
      <line num="129" type="stmt" count="0"/>
      <line num="130" type="stmt" count="0"/>
      <line num="131" type="stmt" count="0"/>
      <line num="132" type="stmt" count="0"/>
      <line num="133" type="stmt" count="0"/>
      <line num="134" type="stmt" count="0"/>
      <line num="138" type="stmt" count="0"/>
      <line num="139" type="stmt" count="0"/>
      <line num="141" type="stmt" count="0"/>
      <line num="142" type="stmt" count="0"/>
      <line num="143" type="stmt" count="0"/>
      <line num="145" type="stmt" count="0"/>
      <line num="146" type="stmt" count="0"/>
      <line num="150" type="stmt" count="0"/>
      <line num="151" type="stmt" count="0"/>
      <line num="152" type="stmt" count="0"/>
      <line num="153" type="stmt" count="0"/>
      <line num="154" type="stmt" count="0"/>
      <line num="155" type="stmt" count="0"/>
      <line num="156" type="stmt" count="0"/>
      <line num="157" type="stmt" count="0"/>
      <line num="158" type="stmt" count="0"/>
      <line num="159" type="stmt" count="0"/>
      <line num="162" type="stmt" count="0"/>
      <line num="163" type="stmt" count="0"/>
      <line num="165" type="stmt" count="0"/>
      <line num="166" type="stmt" count="0"/>
      <line num="167" type="stmt" count="0"/>
      <line num="169" type="stmt" count="0"/>
      <line num="170" type="stmt" count="0"/>
      <line num="171" type="stmt" count="0"/>
      <line num="173" type="stmt" count="0"/>
      <line num="174" type="stmt" count="0"/>
      <line num="175" type="stmt" count="0"/>
      <line num="176" type="stmt" count="0"/>
      <line num="177" type="stmt" count="0"/>
      <line num="178" type="stmt" count="0"/>
      <line num="180" type="stmt" count="0"/>
      <line num="181" type="stmt" count="0"/>
      <line num="182" type="stmt" count="0"/>
      <line num="183" type="stmt" count="0"/>
      <line num="184" type="stmt" count="0"/>
      <line num="185" type="stmt" count="0"/>
      <line num="186" type="stmt" count="0"/>
      <line num="187" type="stmt" count="0"/>
      <line num="188" type="stmt" count="0"/>
      <line num="189" type="stmt" count="0"/>
      <line num="190" type="stmt" count="0"/>
      <line num="191" type="stmt" count="0"/>
      <line num="192" type="stmt" count="0"/>
      <line num="193" type="stmt" count="0"/>
      <line num="196" type="stmt" count="0"/>
      <line num="197" type="stmt" count="0"/>
      <line num="198" type="stmt" count="0"/>
      <line num="199" type="stmt" count="0"/>
      <line num="200" type="stmt" count="0"/>
      <line num="201" type="stmt" count="0"/>
      <line num="202" type="stmt" count="0"/>
      <line num="203" type="stmt" count="0"/>
      <line num="204" type="stmt" count="0"/>
      <line num="206" type="stmt" count="0"/>
      <line num="207" type="stmt" count="0"/>
      <line num="210" type="stmt" count="0"/>
      <line num="211" type="stmt" count="0"/>
      <line num="216" type="stmt" count="0"/>
      <line num="286" type="stmt" count="0"/>
      <line num="287" type="stmt" count="0"/>
      <line num="288" type="stmt" count="0"/>
      <line num="289" type="stmt" count="0"/>
      <line num="291" type="stmt" count="0"/>
      <line num="292" type="stmt" count="0"/>
      <line num="293" type="stmt" count="0"/>
      <line num="294" type="stmt" count="0"/>
      <line num="296" type="stmt" count="0"/>
      <line num="297" type="stmt" count="0"/>
      <line num="298" type="stmt" count="0"/>
      <line num="299" type="stmt" count="0"/>
      <line num="301" type="stmt" count="0"/>
      <line num="302" type="stmt" count="0"/>
      <line num="303" type="stmt" count="0"/>
      <line num="304" type="stmt" count="0"/>
      <line num="306" type="stmt" count="0"/>
      <line num="307" type="stmt" count="0"/>
      <line num="308" type="stmt" count="0"/>
      <line num="309" type="stmt" count="0"/>
      <line num="311" type="stmt" count="0"/>
      <line num="312" type="stmt" count="0"/>
      <line num="313" type="stmt" count="0"/>
      <line num="314" type="stmt" count="0"/>
      <line num="315" type="stmt" count="0"/>
      <line num="317" type="stmt" count="0"/>
      <line num="318" type="stmt" count="0"/>
      <line num="319" type="stmt" count="0"/>
      <line num="320" type="stmt" count="0"/>
      <line num="322" type="stmt" count="0"/>
      <line num="323" type="stmt" count="0"/>
      <line num="324" type="stmt" count="0"/>
      <line num="325" type="stmt" count="0"/>
      <line num="327" type="stmt" count="0"/>
      <line num="328" type="stmt" count="0"/>
      <line num="329" type="stmt" count="0"/>
      <line num="330" type="stmt" count="0"/>
      <line num="337" type="stmt" count="0"/>
      <line num="338" type="stmt" count="0"/>
      <line num="339" type="stmt" count="0"/>
      <line num="340" type="stmt" count="0"/>
      <line num="341" type="stmt" count="0"/>
      <line num="342" type="stmt" count="0"/>
      <line num="343" type="stmt" count="0"/>
      <line num="344" type="stmt" count="0"/>
      <line num="345" type="stmt" count="0"/>
      <line num="346" type="stmt" count="0"/>
      <line num="348" type="stmt" count="0"/>
      <line num="349" type="stmt" count="0"/>
      <line num="350" type="stmt" count="0"/>
      <line num="351" type="stmt" count="0"/>
      <line num="352" type="stmt" count="0"/>
      <line num="353" type="stmt" count="0"/>
      <line num="354" type="stmt" count="0"/>
      <line num="355" type="stmt" count="0"/>
      <line num="357" type="stmt" count="0"/>
      <line num="358" type="stmt" count="0"/>
      <line num="359" type="stmt" count="0"/>
      <line num="360" type="stmt" count="0"/>
      <line num="361" type="stmt" count="0"/>
      <line num="362" type="stmt" count="0"/>
      <line num="363" type="stmt" count="0"/>
      <line num="364" type="stmt" count="0"/>
      <line num="365" type="stmt" count="0"/>
      <line num="366" type="stmt" count="0"/>
      <line num="372" type="stmt" count="7"/>
      <line num="374" type="stmt" count="1"/>
      <line num="375" type="stmt" count="0"/>
      <line num="376" type="stmt" count="0"/>
      <line num="377" type="stmt" count="1"/>
      <line num="378" type="stmt" count="1"/>
      <line num="379" type="stmt" count="1"/>
      <line num="381" type="stmt" count="0"/>
      <line num="382" type="stmt" count="0"/>
      <line num="384" type="stmt" count="6"/>
      <line num="393" type="stmt" count="4"/>
      <line num="394" type="stmt" count="4"/>
      <line num="395" type="stmt" count="4"/>
      <line num="396" type="stmt" count="4"/>
      <line num="397" type="stmt" count="4"/>
      <line num="398" type="stmt" count="4"/>
      <line num="400" type="stmt" count="2"/>
      <line num="401" type="stmt" count="2"/>
      <line num="402" type="stmt" count="2"/>
      <line num="403" type="stmt" count="2"/>
      <line num="404" type="stmt" count="2"/>
      <line num="405" type="stmt" count="2"/>
      <line num="408" type="stmt" count="7"/>
      <line num="409" type="stmt" count="7"/>
      <line num="410" type="stmt" count="7"/>
      <line num="411" type="stmt" count="7"/>
      <line num="412" type="stmt" count="7"/>
      <line num="413" type="stmt" count="7"/>
      <line num="417" type="stmt" count="0"/>
      <line num="419" type="stmt" count="0"/>
      <line num="420" type="stmt" count="0"/>
      <line num="421" type="stmt" count="0"/>
      <line num="422" type="stmt" count="0"/>
      <line num="424" type="stmt" count="0"/>
      <line num="425" type="stmt" count="0"/>
      <line num="426" type="stmt" count="0"/>
      <line num="427" type="stmt" count="0"/>
      <line num="428" type="stmt" count="0"/>
      <line num="430" type="stmt" count="0"/>
      <line num="431" type="stmt" count="0"/>
      <line num="432" type="stmt" count="0"/>
      <line num="433" type="stmt" count="0"/>
      <line num="434" type="stmt" count="0"/>
      <line num="435" type="stmt" count="0"/>
      <line num="436" type="stmt" count="0"/>
      <line num="437" type="stmt" count="0"/>
      <line num="438" type="stmt" count="0"/>
      <line num="439" type="stmt" count="0"/>
      <line num="440" type="stmt" count="0"/>
      <line num="441" type="stmt" count="0"/>
      <line num="442" type="stmt" count="0"/>
      <line num="443" type="stmt" count="0"/>
      <line num="444" type="stmt" count="0"/>
      <line num="445" type="stmt" count="0"/>
      <line num="449" type="stmt" count="0"/>
      <line num="450" type="stmt" count="0"/>
      <line num="451" type="stmt" count="0"/>
      <line num="452" type="stmt" count="0"/>
      <line num="454" type="stmt" count="0"/>
      <line num="455" type="stmt" count="0"/>
      <line num="456" type="stmt" count="0"/>
      <line num="457" type="stmt" count="0"/>
      <line num="458" type="stmt" count="0"/>
      <line num="459" type="stmt" count="0"/>
      <line num="464" type="stmt" count="0"/>
      <line num="465" type="stmt" count="0"/>
      <line num="466" type="stmt" count="0"/>
      <line num="467" type="stmt" count="0"/>
      <line num="468" type="stmt" count="0"/>
      <line num="470" type="stmt" count="0"/>
      <line num="471" type="stmt" count="0"/>
      <line num="472" type="stmt" count="0"/>
      <line num="473" type="stmt" count="0"/>
      <line num="477" type="stmt" count="0"/>
      <line num="478" type="stmt" count="0"/>
      <line num="480" type="stmt" count="0"/>
      <line num="481" type="stmt" count="0"/>
      <line num="483" type="stmt" count="0"/>
      <line num="484" type="stmt" count="0"/>
      <line num="486" type="stmt" count="0"/>
      <line num="488" type="stmt" count="0"/>
      <line num="489" type="stmt" count="0"/>
      <line num="491" type="stmt" count="0"/>
      <line num="493" type="stmt" count="0"/>
      <line num="497" type="stmt" count="0"/>
      <line num="498" type="stmt" count="0"/>
      <line num="502" type="stmt" count="0"/>
      <line num="552" type="stmt" count="0"/>
      <line num="561" type="stmt" count="0"/>
      <line num="563" type="stmt" count="0"/>
      <line num="564" type="stmt" count="0"/>
      <line num="567" type="stmt" count="0"/>
      <line num="568" type="stmt" count="0"/>
      <line num="570" type="stmt" count="0"/>
      <line num="571" type="stmt" count="0"/>
      <line num="572" type="stmt" count="0"/>
      <line num="573" type="stmt" count="0"/>
      <line num="574" type="stmt" count="0"/>
      <line num="575" type="stmt" count="0"/>
      <line num="576" type="stmt" count="0"/>
      <line num="577" type="stmt" count="0"/>
      <line num="578" type="stmt" count="0"/>
      <line num="579" type="stmt" count="0"/>
      <line num="580" type="stmt" count="0"/>
      <line num="581" type="stmt" count="0"/>
      <metrics statements="308" coveredstatements="24"/>
    </file>
    <file name="/Users/tiger/Github/agnosis/includes/Admin/QueueController.php">
      <line num="28" type="stmt" count="0"/>
      <line num="30" type="stmt" count="0"/>
      <line num="31" type="stmt" count="0"/>
      <line num="34" type="stmt" count="0"/>
      <line num="38" type="stmt" count="0"/>
      <line num="40" type="stmt" count="0"/>
      <line num="41" type="stmt" count="0"/>
      <line num="44" type="stmt" count="0"/>
      <line num="46" type="stmt" count="0"/>
      <line num="47" type="stmt" count="0"/>
      <line num="48" type="stmt" count="0"/>
      <line num="49" type="stmt" count="0"/>
      <line num="50" type="stmt" count="0"/>
      <line num="51" type="stmt" count="0"/>
      <line num="52" type="stmt" count="0"/>
      <line num="57" type="stmt" count="0"/>
      <line num="59" type="stmt" count="0"/>
      <line num="60" type="stmt" count="0"/>
      <line num="63" type="stmt" count="0"/>
      <line num="65" type="stmt" count="0"/>
      <line num="67" type="stmt" count="0"/>
      <line num="69" type="stmt" count="0"/>
      <line num="70" type="stmt" count="0"/>
      <line num="71" type="stmt" count="0"/>
      <line num="72" type="stmt" count="0"/>
      <line num="73" type="stmt" count="0"/>
      <line num="74" type="stmt" count="0"/>
      <line num="75" type="stmt" count="0"/>
      <line num="77" type="stmt" count="0"/>
      <line num="78" type="stmt" count="0"/>
      <line num="81" type="stmt" count="0"/>
      <line num="82" type="stmt" count="0"/>
      <line num="83" type="stmt" count="0"/>
      <line num="84" type="stmt" count="0"/>
      <line num="85" type="stmt" count="0"/>
      <line num="86" type="stmt" count="0"/>
      <line num="87" type="stmt" count="0"/>
      <line num="92" type="stmt" count="0"/>
      <line num="94" type="stmt" count="0"/>
      <line num="95" type="stmt" count="0"/>
      <line num="98" type="stmt" count="0"/>
      <line num="100" type="stmt" count="0"/>
      <line num="101" type="stmt" count="0"/>
      <line num="103" type="stmt" count="0"/>
      <line num="106" type="stmt" count="0"/>
      <line num="107" type="stmt" count="0"/>
      <line num="112" type="stmt" count="0"/>
      <line num="114" type="stmt" count="0"/>
      <line num="115" type="stmt" count="0"/>
      <line num="118" type="stmt" count="0"/>
      <line num="120" type="stmt" count="0"/>
      <line num="123" type="stmt" count="0"/>
      <line num="128" type="stmt" count="0"/>
      <line num="129" type="stmt" count="0"/>
      <line num="131" type="stmt" count="0"/>
      <line num="132" type="stmt" count="0"/>
      <line num="134" type="stmt" count="0"/>
      <line num="135" type="stmt" count="0"/>
      <line num="136" type="stmt" count="0"/>
      <line num="137" type="stmt" count="0"/>
      <line num="138" type="stmt" count="0"/>
      <line num="139" type="stmt" count="0"/>
      <line num="140" type="stmt" count="0"/>
      <line num="145" type="stmt" count="0"/>
      <line num="147" type="stmt" count="0"/>
      <line num="148" type="stmt" count="0"/>
      <line num="151" type="stmt" count="0"/>
      <line num="154" type="stmt" count="0"/>
      <line num="155" type="stmt" count="0"/>
      <line num="156" type="stmt" count="0"/>
      <line num="158" type="stmt" count="0"/>
      <line num="159" type="stmt" count="0"/>
      <line num="160" type="stmt" count="0"/>
      <line num="163" type="stmt" count="0"/>
      <line num="164" type="stmt" count="0"/>
      <line num="165" type="stmt" count="0"/>
      <line num="166" type="stmt" count="0"/>
      <line num="167" type="stmt" count="0"/>
      <line num="168" type="stmt" count="0"/>
      <line num="169" type="stmt" count="0"/>
      <metrics statements="80" coveredstatements="0"/>
    </file>
    <file name="/Users/tiger/Github/agnosis/includes/Admin/Settings.php">
[...]
      <line num="647" type="stmt" count="7"/>
      <line num="648" type="stmt" count="7"/>
      <line num="649" type="stmt" count="0"/>
      <line num="650" type="stmt" count="0"/>
      <line num="660" type="stmt" count="7"/>
      <line num="666" type="stmt" count="5"/>
      <line num="667" type="stmt" count="5"/>
      <line num="668" type="stmt" count="5"/>
      <line num="674" type="stmt" count="5"/>
      <line num="675" type="stmt" count="5"/>
      <line num="677" type="stmt" count="5"/>
      <line num="678" type="stmt" count="5"/>
      <line num="679" type="stmt" count="5"/>
      <line num="681" type="stmt" count="5"/>
      <line num="682" type="stmt" count="3"/>
      <line num="683" type="stmt" count="2"/>
      <line num="685" type="stmt" count="5"/>
      <line num="686" type="stmt" count="5"/>
      <line num="687" type="stmt" count="5"/>
      <line num="694" type="stmt" count="5"/>
      <line num="696" type="stmt" count="5"/>
      <line num="697" type="stmt" count="4"/>
      <line num="698" type="stmt" count="4"/>
      <line num="699" type="stmt" count="4"/>
      <line num="701" type="stmt" count="1"/>
      <line num="704" type="stmt" count="5"/>
      <line num="705" type="stmt" count="3"/>
      <line num="706" type="stmt" count="3"/>
      <line num="707" type="stmt" count="3"/>
      <line num="710" type="stmt" count="5"/>
      <line num="711" type="stmt" count="5"/>
      <line num="712" type="stmt" count="5"/>
      <line num="714" type="stmt" count="5"/>
      <line num="716" type="stmt" count="5"/>
      <line num="717" type="stmt" count="5"/>
      <line num="718" type="stmt" count="5"/>
      <line num="720" type="stmt" count="5"/>
      <line num="721" type="stmt" count="5"/>
      <line num="722" type="stmt" count="5"/>
      <line num="723" type="stmt" count="5"/>
      <line num="724" type="stmt" count="5"/>
      <line num="725" type="stmt" count="5"/>
      <line num="726" type="stmt" count="5"/>
      <line num="727" type="stmt" count="5"/>
      <line num="728" type="stmt" count="5"/>
      <line num="729" type="stmt" count="5"/>
      <line num="730" type="stmt" count="5"/>
      <line num="731" type="stmt" count="5"/>
      <line num="732" type="stmt" count="5"/>
      <line num="733" type="stmt" count="5"/>
      <line num="734" type="stmt" count="5"/>
      <line num="735" type="stmt" count="5"/>
      <line num="736" type="stmt" count="5"/>
      <line num="737" type="stmt" count="5"/>
      <line num="738" type="stmt" count="5"/>
      <line num="739" type="stmt" count="5"/>
      <line num="740" type="stmt" count="5"/>
      <line num="741" type="stmt" count="5"/>
      <line num="742" type="stmt" count="5"/>
      <line num="743" type="stmt" count="5"/>
      <line num="744" type="stmt" count="5"/>
      <line num="745" type="stmt" count="5"/>
      <line num="746" type="stmt" count="5"/>
      <line num="747" type="stmt" count="5"/>
      <line num="748" type="stmt" count="5"/>
      <line num="750" type="stmt" count="5"/>
      <line num="755" type="stmt" count="5"/>
      <line num="756" type="stmt" count="5"/>
      <line num="757" type="stmt" count="5"/>
      <line num="758" type="stmt" count="5"/>
      <line num="759" type="stmt" count="5"/>
      <line num="765" type="stmt" count="24"/>
      <metrics statements="280" coveredstatements="235"/>
    </file>
    <file name="/Users/tiger/Github/agnosis/includes/Publishing/ReviewEndpoints.php">
      <line num="43" type="stmt" count="9"/>
      <line num="44" type="stmt" count="9"/>
      <line num="45" type="stmt" count="9"/>
      <line num="46" type="stmt" count="9"/>
      <line num="47" type="stmt" count="9"/>
      <line num="48" type="stmt" count="9"/>
      <line num="49" type="stmt" count="9"/>
      <line num="51" type="stmt" count="9"/>
      <line num="52" type="stmt" count="9"/>
      <line num="53" type="stmt" count="9"/>
      <line num="54" type="stmt" count="9"/>
      <line num="55" type="stmt" count="9"/>
      <line num="56" type="stmt" count="9"/>
      <line num="57" type="stmt" count="9"/>
      <line num="58" type="stmt" count="9"/>
      <line num="59" type="stmt" count="9"/>
      <line num="60" type="stmt" count="9"/>
      <line num="61" type="stmt" count="9"/>
      <line num="62" type="stmt" count="9"/>
      <line num="64" type="stmt" count="9"/>
      <line num="65" type="stmt" count="9"/>
      <line num="66" type="stmt" count="9"/>
      <line num="67" type="stmt" count="9"/>
      <line num="68" type="stmt" count="9"/>
      <line num="69" type="stmt" count="9"/>
      <line num="71" type="stmt" count="9"/>
      <line num="72" type="stmt" count="9"/>
      <line num="73" type="stmt" count="9"/>
      <line num="74" type="stmt" count="9"/>
      <line num="75" type="stmt" count="9"/>
      <line num="76" type="stmt" count="9"/>
      <line num="94" type="stmt" count="7"/>
      <line num="96" type="stmt" count="7"/>
      <line num="97" type="stmt" count="7"/>
      <line num="98" type="stmt" count="0"/>
      <line num="101" type="stmt" count="7"/>
      <line num="102" type="stmt" count="7"/>
      <line num="103" type="stmt" count="0"/>
      <line num="106" type="stmt" count="7"/>
      <line num="107" type="stmt" count="0"/>
      <line num="111" type="stmt" count="7"/>
      <line num="112" type="stmt" count="7"/>
      <line num="113" type="stmt" count="7"/>
      <line num="114" type="stmt" count="7"/>
      <line num="116" type="stmt" count="7"/>
      <line num="118" type="stmt" count="7"/>
      <line num="119" type="stmt" count="7"/>
      <line num="120" type="stmt" count="7"/>
      <line num="121" type="stmt" count="7"/>
      <line num="122" type="stmt" count="7"/>
      <line num="123" type="stmt" count="7"/>
      <line num="124" type="stmt" count="7"/>
      <line num="126" type="stmt" count="7"/>
      <line num="127" type="stmt" count="7"/>
      <line num="128" type="stmt" count="0"/>
      <line num="132" type="stmt" count="7"/>
      <line num="133" type="stmt" count="7"/>
      <line num="134" type="stmt" count="0"/>
      <line num="135" type="stmt" count="0"/>
      <line num="138" type="stmt" count="7"/>
      <line num="139" type="stmt" count="4"/>
      <line num="140" type="stmt" count="4"/>
      <line num="141" type="stmt" count="4"/>
      <line num="142" type="stmt" count="4"/>
      <line num="145" type="stmt" count="7"/>
      <line num="146" type="stmt" count="7"/>
      <line num="147" type="stmt" count="7"/>
      <line num="148" type="stmt" count="7"/>
      <line num="149" type="stmt" count="7"/>
      <line num="150" type="stmt" count="7"/>
      <line num="151" type="stmt" count="7"/>
      <line num="152" type="stmt" count="7"/>
      <line num="156" type="stmt" count="22"/>
      <line num="158" type="stmt" count="22"/>
      <line num="159" type="stmt" count="22"/>
      <line num="160" type="stmt" count="2"/>
      <line num="163" type="stmt" count="20"/>
      <line num="164" type="stmt" count="20"/>
      <line num="165" type="stmt" count="5"/>
      <line num="168" type="stmt" count="15"/>
      <line num="169" type="stmt" count="1"/>
      <line num="172" type="stmt" count="14"/>
      <line num="173" type="stmt" count="14"/>
      <line num="174" type="stmt" count="0"/>
      <line num="178" type="stmt" count="14"/>
      <line num="179" type="stmt" count="14"/>
      <line num="180" type="stmt" count="14"/>
      <line num="183" type="stmt" count="14"/>
      <line num="185" type="stmt" count="14"/>
      <line num="186" type="stmt" count="14"/>
      <line num="187" type="stmt" count="14"/>
      <line num="188" type="stmt" count="14"/>
      <line num="189" type="stmt" count="14"/>
      <line num="190" type="stmt" count="14"/>
      <line num="191" type="stmt" count="14"/>
      <line num="192" type="stmt" count="14"/>
      <line num="196" type="stmt" count="7"/>
      <line num="198" type="stmt" count="7"/>
      <line num="199" type="stmt" count="7"/>
      <line num="200" type="stmt" count="0"/>
      <line num="203" type="stmt" count="7"/>
      <line num="204" type="stmt" count="7"/>
      <line num="205" type="stmt" count="1"/>
      <line num="208" type="stmt" count="6"/>
      <line num="209" type="stmt" count="0"/>
      <line num="212" type="stmt" count="6"/>
      <line num="214" type="stmt" count="6"/>
      <line num="215" type="stmt" count="6"/>
      <line num="216" type="stmt" count="6"/>
      <line num="218" type="stmt" count="6"/>
      <line num="220" type="stmt" count="6"/>
      <line num="238" type="stmt" count="7"/>
      <line num="239" type="stmt" count="5"/>
      <line num="241" type="stmt" count="2"/>
      <line num="269" type="stmt" count="12"/>
      <line num="270" type="stmt" count="9"/>
      <line num="272" type="stmt" count="3"/>
      <line num="273" type="stmt" count="1"/>
      <line num="275" type="stmt" count="2"/>
      <line num="276" type="stmt" count="2"/>
      <line num="277" type="stmt" count="2"/>
      <line num="278" type="stmt" count="2"/>
      <line num="279" type="stmt" count="2"/>
      <line num="284" type="stmt" count="34"/>
      <line num="285" type="stmt" count="34"/>
      <line num="286" type="stmt" count="28"/>
      <line num="290" type="stmt" count="6"/>
      <line num="291" type="stmt" count="6"/>
      <line num="292" type="stmt" count="2"/>
      <line num="293" type="stmt" count="2"/>
      <line num="294" type="stmt" count="2"/>
      <line num="295" type="stmt" count="2"/>
      <line num="296" type="stmt" count="2"/>
      <line num="299" type="stmt" count="4"/>
      <line num="300" type="stmt" count="1"/>
      <line num="303" type="stmt" count="3"/>
      <line num="304" type="stmt" count="3"/>
      <line num="305" type="stmt" count="2"/>
      <line num="308" type="stmt" count="1"/>
      <line num="309" type="stmt" count="1"/>
      <line num="310" type="stmt" count="1"/>
      <line num="311" type="stmt" count="1"/>
      <line num="312" type="stmt" count="1"/>
      <line num="329" type="stmt" count="43"/>
      <line num="330" type="stmt" count="43"/>
      <line num="332" type="stmt" count="43"/>
      <line num="333" type="stmt" count="1"/>
      <line num="334" type="stmt" count="1"/>
      <line num="335" type="stmt" count="1"/>
      <line num="336" type="stmt" count="1"/>
      <line num="337" type="stmt" count="1"/>
      <line num="340" type="stmt" count="42"/>
      <line num="341" type="stmt" count="6"/>
      <line num="342" type="stmt" count="6"/>
      <line num="343" type="stmt" count="6"/>
      <line num="344" type="stmt" count="6"/>
      <line num="345" type="stmt" count="6"/>
      <line num="348" type="stmt" count="36"/>
      <line num="349" type="stmt" count="4"/>
      <line num="350" type="stmt" count="4"/>
      <line num="351" type="stmt" count="4"/>
      <line num="352" type="stmt" count="4"/>
      <line num="353" type="stmt" count="4"/>
      <line num="356" type="stmt" count="32"/>
      <metrics statements="164" coveredstatements="155"/>
    </file>
    <file name="/Users/tiger/Github/agnosis/includes/Publishing/SubmissionsPage.php">
      <line num="35" type="stmt" count="0"/>
      <line num="46" type="stmt" count="0"/>
      <line num="47" type="stmt" count="0"/>
      <line num="48" type="stmt" count="0"/>
      <line num="49" type="stmt" count="0"/>
      <line num="60" type="stmt" count="0"/>
      <line num="61" type="stmt" count="0"/>
      <line num="62" type="stmt" count="0"/>
      <line num="63" type="stmt" count="0"/>
      <line num="64" type="stmt" count="0"/>
      <line num="65" type="stmt" count="0"/>
      <line num="69" type="stmt" count="9"/>
      <line num="70" type="stmt" count="9"/>
      <line num="71" type="stmt" count="9"/>
      <line num="72" type="stmt" count="9"/>
      <line num="73" type="stmt" count="9"/>
      <line num="87" type="stmt" count="2"/>
      <line num="98" type="stmt" count="0"/>
      <line num="111" type="stmt" count="2"/>
      <line num="112" type="stmt" count="2"/>
      <line num="115" type="stmt" count="0"/>
      <line num="117" type="stmt" count="0"/>
      <line num="118" type="stmt" count="0"/>
      <line num="120" type="stmt" count="0"/>
      <line num="122" type="stmt" count="0"/>
      <line num="123" type="stmt" count="0"/>
      <line num="125" type="stmt" count="0"/>
      <line num="126" type="stmt" count="0"/>
      <line num="127" type="stmt" count="0"/>
      <line num="128" type="stmt" count="0"/>
      <line num="130" type="stmt" count="0"/>
      <line num="131" type="stmt" count="0"/>
      <line num="132" type="stmt" count="0"/>
      <line num="140" type="stmt" count="0"/>
      <line num="141" type="stmt" count="0"/>
      <line num="143" type="stmt" count="0"/>
      <line num="144" type="stmt" count="0"/>
      <line num="145" type="stmt" count="0"/>
      <line num="147" type="stmt" count="0"/>
      <line num="148" type="stmt" count="0"/>
      <line num="149" type="stmt" count="0"/>
      <line num="150" type="stmt" count="0"/>
      <line num="151" type="stmt" count="0"/>
      <line num="152" type="stmt" count="0"/>
      <line num="153" type="stmt" count="0"/>
      <line num="156" type="stmt" count="0"/>
      <line num="160" type="stmt" count="0"/>
      <line num="161" type="stmt" count="0"/>
      <line num="162" type="stmt" count="0"/>
      <line num="176" type="stmt" count="0"/>
      <line num="177" type="stmt" count="0"/>
      <line num="178" type="stmt" count="0"/>
      <line num="179" type="stmt" count="0"/>
      <line num="180" type="stmt" count="0"/>
      <line num="181" type="stmt" count="0"/>
      <line num="182" type="stmt" count="0"/>
      <line num="183" type="stmt" count="0"/>
      <line num="184" type="stmt" count="0"/>
      <line num="200" type="stmt" count="0"/>
      <line num="201" type="stmt" count="0"/>
      <line num="202" type="stmt" count="0"/>
      <line num="205" type="stmt" count="0"/>
      <line num="206" type="stmt" count="0"/>
      <line num="209" type="stmt" count="0"/>
      <line num="210" type="stmt" count="0"/>
      <line num="212" type="stmt" count="0"/>
      <line num="214" type="stmt" count="0"/>
      <line num="215" type="stmt" count="0"/>
      <line num="216" type="stmt" count="0"/>
      <line num="220" type="stmt" count="0"/>
      <line num="221" type="stmt" count="0"/>
      <line num="222" type="stmt" count="0"/>
      <line num="223" type="stmt" count="0"/>
      <line num="225" type="stmt" count="0"/>
      <line num="226" type="stmt" count="0"/>
      <line num="229" type="stmt" count="0"/>
      <line num="230" type="stmt" count="0"/>
      <line num="231" type="stmt" count="0"/>
      <line num="232" type="stmt" count="0"/>
      <line num="233" type="stmt" count="0"/>
      <line num="234" type="stmt" count="0"/>
      <line num="235" type="stmt" count="0"/>
      <line num="236" type="stmt" count="0"/>
      <line num="237" type="stmt" count="0"/>
      <line num="238" type="stmt" count="0"/>
      <line num="239" type="stmt" count="0"/>
      <line num="240" type="stmt" count="0"/>
      <line num="241" type="stmt" count="0"/>
      <line num="242" type="stmt" count="0"/>
      <line num="243" type="stmt" count="0"/>
      <line num="244" type="stmt" count="0"/>
      <line num="245" type="stmt" count="0"/>
      <line num="247" type="stmt" count="0"/>
      <line num="248" type="stmt" count="0"/>
      <line num="249" type="stmt" count="0"/>
      <line num="250" type="stmt" count="0"/>
      <line num="252" type="stmt" count="0"/>
      <line num="253" type="stmt" count="0"/>
      <line num="254" type="stmt" count="0"/>
      <line num="255" type="stmt" count="0"/>
      <line num="256" type="stmt" count="0"/>
      <line num="258" type="stmt" count="0"/>
      <line num="260" type="stmt" count="0"/>
      <line num="261" type="stmt" count="0"/>
      <line num="262" type="stmt" count="0"/>
      <line num="263" type="stmt" count="0"/>
      <line num="264" type="stmt" count="0"/>
      <line num="265" type="stmt" count="0"/>
      <line num="267" type="stmt" count="0"/>
      <line num="268" type="stmt" count="0"/>
      <line num="269" type="stmt" count="0"/>
      <line num="270" type="stmt" count="0"/>
      <line num="271" type="stmt" count="0"/>
      <line num="272" type="stmt" count="0"/>
      <line num="274" type="stmt" count="0"/>
      <line num="275" type="stmt" count="0"/>
      <line num="276" type="stmt" count="0"/>
      <line num="277" type="stmt" count="0"/>
      <line num="278" type="stmt" count="0"/>
      <line num="280" type="stmt" count="0"/>
      <line num="284" type="stmt" count="0"/>
      <line num="285" type="stmt" count="0"/>
      <line num="286" type="stmt" count="0"/>
      <line num="287" type="stmt" count="0"/>
      <line num="288" type="stmt" count="0"/>
      <line num="289" type="stmt" count="0"/>
      <line num="290" type="stmt" count="0"/>
      <line num="292" type="stmt" count="0"/>
      <line num="293" type="stmt" count="0"/>
      <line num="295" type="stmt" count="0"/>
      <line num="296" type="stmt" count="0"/>
      <line num="308" type="stmt" count="0"/>
      <line num="311" type="stmt" count="0"/>
      <line num="342" type="stmt" count="0"/>
      <line num="344" type="stmt" count="0"/>
      <line num="346" type="stmt" count="0"/>
      <line num="372" type="stmt" count="0"/>
      <line num="380" type="stmt" count="0"/>
      <line num="382" type="stmt" count="0"/>
      <line num="387" type="stmt" count="0"/>
      <line num="395" type="stmt" count="0"/>
      <line num="397" type="stmt" count="0"/>
      <line num="405" type="stmt" count="0"/>
      <line num="407" type="stmt" count="0"/>
      <line num="412" type="stmt" count="0"/>
      <line num="442" type="stmt" count="0"/>
      <line num="452" type="stmt" count="0"/>
      <line num="454" type="stmt" count="0"/>
      <line num="459" type="stmt" count="0"/>
      <line num="495" type="stmt" count="0"/>
      <line num="518" type="stmt" count="2"/>
      <line num="519" type="stmt" count="2"/>
      <line num="521" type="stmt" count="2"/>
      <line num="522" type="stmt" count="0"/>
      <line num="523" type="stmt" count="0"/>
      <line num="526" type="stmt" count="2"/>
      <line num="528" type="stmt" count="2"/>
      <line num="558" type="stmt" count="2"/>
      <line num="561" type="stmt" count="2"/>
      <line num="562" type="stmt" count="2"/>
      <line num="564" type="stmt" count="2"/>
      <line num="565" type="stmt" count="2"/>
      <line num="566" type="stmt" count="2"/>
      <line num="567" type="stmt" count="2"/>
      <line num="568" type="stmt" count="2"/>
      <line num="569" type="stmt" count="2"/>
      <line num="570" type="stmt" count="2"/>
      <line num="571" type="stmt" count="2"/>
      <line num="572" type="stmt" count="2"/>
      <line num="573" type="stmt" count="2"/>
      <line num="575" type="stmt" count="2"/>
      <line num="576" type="stmt" count="2"/>
      <line num="577" type="stmt" count="2"/>
      <line num="578" type="stmt" count="2"/>
      <line num="579" type="stmt" count="2"/>
      <line num="580" type="stmt" count="2"/>
      <line num="581" type="stmt" count="2"/>
      <line num="582" type="stmt" count="2"/>
      <line num="583" type="stmt" count="0"/>
      <line num="585" type="stmt" count="2"/>
      <line num="598" type="stmt" count="0"/>
      <line num="599" type="stmt" count="0"/>
      <line num="600" type="stmt" count="0"/>
      <line num="622" type="stmt" count="0"/>
      <line num="624" type="stmt" count="0"/>
      <line num="625" type="stmt" count="0"/>
      <line num="629" type="stmt" count="0"/>
      <line num="630" type="stmt" count="0"/>
      <line num="632" type="stmt" count="0"/>
      <metrics statements="189" coveredstatements="35"/>
    </file>
    <metrics statements="12706" coveredstatements="8528"/>
  </project>
</coverage>
