<?xml version="1.0" encoding="UTF-8"?>
<coverage generated="1783363208">
  <project timestamp="1783363208">
    <file name="/var/www/html/wp-content/plugins/agnosis/includes/AI/DescriptionResult.php">
      <class name="Agnosis\AI\DescriptionResult" namespace="global">
        <metrics complexity="2" methods="2" coveredmethods="2" conditionals="0" coveredconditionals="0" statements="10" coveredstatements="10" elements="12" coveredelements="12"/>
      </class>
      <line num="18" type="method" name="__construct" visibility="public" complexity="1" crap="1" count="23"/>
      <line num="29" type="stmt" count="23"/>
      <line num="31" type="method" name="failure" visibility="public" complexity="1" crap="1" count="10"/>
      <line num="32" type="stmt" count="10"/>
      <line num="33" type="stmt" count="10"/>
      <line num="34" type="stmt" count="10"/>
      <line num="35" type="stmt" count="10"/>
      <line num="36" type="stmt" count="10"/>
      <line num="37" type="stmt" count="10"/>
      <line num="38" type="stmt" count="10"/>
      <line num="39" type="stmt" count="10"/>
      <line num="40" type="stmt" count="10"/>
      <metrics loc="43" ncloc="34" classes="1" methods="2" coveredmethods="2" conditionals="0" coveredconditionals="0" statements="10" coveredstatements="10" elements="12" coveredelements="12"/>
    </file>
    <file name="/var/www/html/wp-content/plugins/agnosis/includes/AI/EnhancementResult.php">
      <class name="Agnosis\AI\EnhancementResult" namespace="global">
        <metrics complexity="2" methods="2" coveredmethods="2" conditionals="0" coveredconditionals="0" statements="7" coveredstatements="7" elements="9" coveredelements="9"/>
      </class>
      <line num="14" type="method" name="__construct" visibility="public" complexity="1" crap="1" count="1"/>
      <line num="19" type="stmt" count="1"/>
      <line num="21" type="method" name="failure" visibility="public" complexity="1" crap="1" count="1"/>
      <line num="22" type="stmt" count="1"/>
      <line num="23" type="stmt" count="1"/>
      <line num="24" type="stmt" count="1"/>
      <line num="25" type="stmt" count="1"/>
      <line num="26" type="stmt" count="1"/>
      <line num="27" type="stmt" count="1"/>
      <metrics loc="30" ncloc="24" classes="1" methods="2" coveredmethods="2" conditionals="0" coveredconditionals="0" statements="7" coveredstatements="7" elements="9" coveredelements="9"/>
    </file>
    <file name="/var/www/html/wp-content/plugins/agnosis/includes/AI/MediaAdapter.php">
      <class name="Agnosis\AI\MediaAdapter" namespace="global">
        <metrics complexity="27" methods="4" coveredmethods="0" conditionals="0" coveredconditionals="0" statements="126" coveredstatements="13" elements="130" coveredelements="13"/>
      </class>
      <line num="59" type="method" name="adapt" visibility="public" complexity="6" crap="42" count="0"/>
      <line num="60" type="stmt" count="0"/>
      <line num="62" type="stmt" count="0"/>
      <line num="63" type="stmt" count="0"/>
      <line num="65" type="stmt" count="0"/>
      <line num="66" type="stmt" count="0"/>
      <line num="68" type="stmt" count="0"/>
      <line num="69" type="stmt" count="0"/>
      <line num="71" type="stmt" count="0"/>
      <line num="72" type="stmt" count="0"/>
      <line num="74" type="stmt" count="0"/>
      <line num="75" type="stmt" count="0"/>
      <line num="79" type="stmt" count="0"/>
      <line num="80" type="stmt" count="0"/>
      <line num="81" type="stmt" count="0"/>
      <line num="82" type="stmt" count="0"/>
      <line num="83" type="stmt" count="0"/>
      <line num="87" type="stmt" count="0"/>
      <line num="129" type="method" name="maybe_downscale_for_vision" visibility="public" complexity="9" crap="16.80" count="21"/>
      <line num="130" type="stmt" count="21"/>
      <line num="132" type="stmt" count="21"/>
      <line num="133" type="stmt" count="2"/>
      <line num="136" type="stmt" count="19"/>
      <line num="141" type="stmt" count="0"/>
      <line num="145" type="stmt" count="19"/>
      <line num="146" type="stmt" count="19"/>
      <line num="148" type="stmt" count="0"/>
      <line num="149" type="stmt" count="0"/>
      <line num="150" type="stmt" count="0"/>
      <line num="151" type="stmt" count="0"/>
      <line num="154" type="stmt" count="0"/>
      <line num="155" type="stmt" count="0"/>
      <line num="157" type="stmt" count="0"/>
      <line num="158" type="stmt" count="0"/>
      <line num="159" type="stmt" count="0"/>
      <line num="161" type="stmt" count="0"/>
      <line num="163" type="stmt" count="19"/>
      <line num="164" type="stmt" count="19"/>
      <line num="165" type="stmt" count="19"/>
      <line num="166" type="stmt" count="19"/>
      <line num="167" type="stmt" count="19"/>
      <line num="168" type="stmt" count="19"/>
      <line num="169" type="stmt" count="19"/>
      <line num="189" type="method" name="adapt_pdf" visibility="private" complexity="7" crap="56" count="0"/>
      <line num="190" type="stmt" count="0"/>
      <line num="191" type="stmt" count="0"/>
      <line num="192" type="stmt" count="0"/>
      <line num="193" type="stmt" count="0"/>
      <line num="194" type="stmt" count="0"/>
      <line num="195" type="stmt" count="0"/>
      <line num="199" type="stmt" count="0"/>
      <line num="200" type="stmt" count="0"/>
      <line num="201" type="stmt" count="0"/>
      <line num="202" type="stmt" count="0"/>
      <line num="204" type="stmt" count="0"/>
      <line num="205" type="stmt" count="0"/>
      <line num="207" type="stmt" count="0"/>
      <line num="208" type="stmt" count="0"/>
      <line num="209" type="stmt" count="0"/>
      <line num="210" type="stmt" count="0"/>
      <line num="212" type="stmt" count="0"/>
      <line num="213" type="stmt" count="0"/>
      <line num="214" type="stmt" count="0"/>
      <line num="217" type="stmt" count="0"/>
      <line num="218" type="stmt" count="0"/>
      <line num="220" type="stmt" count="0"/>
      <line num="221" type="stmt" count="0"/>
      <line num="222" type="stmt" count="0"/>
      <line num="223" type="stmt" count="0"/>
      <line num="224" type="stmt" count="0"/>
      <line num="225" type="stmt" count="0"/>
      <line num="228" type="stmt" count="0"/>
      <line num="229" type="stmt" count="0"/>
      <line num="231" type="stmt" count="0"/>
      <line num="232" type="stmt" count="0"/>
      <line num="233" type="stmt" count="0"/>
      <line num="234" type="stmt" count="0"/>
      <line num="235" type="stmt" count="0"/>
      <line num="236" type="stmt" count="0"/>
      <line num="237" type="stmt" count="0"/>
      <line num="263" type="method" name="adapt_video" visibility="private" complexity="5" crap="30" count="0"/>
      <line num="264" type="stmt" count="0"/>
      <line num="265" type="stmt" count="0"/>
      <line num="266" type="stmt" count="0"/>
      <line num="267" type="stmt" count="0"/>
      <line num="268" type="stmt" count="0"/>
      <line num="272" type="stmt" count="0"/>
      <line num="273" type="stmt" count="0"/>
      <line num="274" type="stmt" count="0"/>
      <line num="275" type="stmt" count="0"/>
      <line num="276" type="stmt" count="0"/>
      <line num="277" type="stmt" count="0"/>
      <line num="278" type="stmt" count="0"/>
      <line num="281" type="stmt" count="0"/>
      <line num="282" type="stmt" count="0"/>
      <line num="285" type="stmt" count="0"/>
      <line num="286" type="stmt" count="0"/>
      <line num="287" type="stmt" count="0"/>
      <line num="288" type="stmt" count="0"/>
      <line num="289" type="stmt" count="0"/>
      <line num="290" type="stmt" count="0"/>
      <line num="291" type="stmt" count="0"/>
      <line num="292" type="stmt" count="0"/>
      <line num="293" type="stmt" count="0"/>
      <line num="294" type="stmt" count="0"/>
      <line num="296" type="stmt" count="0"/>
      <line num="297" type="stmt" count="0"/>
      <line num="300" type="stmt" count="0"/>
      <line num="303" type="stmt" count="0"/>
      <line num="304" type="stmt" count="0"/>
      <line num="305" type="stmt" count="0"/>
      <line num="306" type="stmt" count="0"/>
      <line num="307" type="stmt" count="0"/>
      <line num="308" type="stmt" count="0"/>
      <line num="309" type="stmt" count="0"/>
      <line num="310" type="stmt" count="0"/>
      <line num="313" type="stmt" count="0"/>
      <line num="318" type="stmt" count="0"/>
      <line num="319" type="stmt" count="0"/>
      <line num="321" type="stmt" count="0"/>
      <line num="322" type="stmt" count="0"/>
      <line num="323" type="stmt" count="0"/>
      <line num="324" type="stmt" count="0"/>
      <line num="325" type="stmt" count="0"/>
      <line num="326" type="stmt" count="0"/>
      <line num="327" type="stmt" count="0"/>
      <line num="330" type="stmt" count="0"/>
      <line num="331" type="stmt" count="0"/>
      <line num="332" type="stmt" count="0"/>
      <line num="333" type="stmt" count="0"/>
      <metrics loc="336" ncloc="195" classes="1" methods="4" coveredmethods="0" conditionals="0" coveredconditionals="0" statements="126" coveredstatements="13" elements="130" coveredelements="13"/>
    </file>
    <file name="/var/www/html/wp-content/plugins/agnosis/includes/AI/Pipeline.php">
      <class name="Agnosis\AI\Pipeline" namespace="global">
        <metrics complexity="63" methods="15" coveredmethods="1" conditionals="0" coveredconditionals="0" statements="307" coveredstatements="16" elements="322" coveredelements="17"/>
      </class>
      <line num="37" type="method" name="__construct" visibility="public" complexity="1" crap="1" count="5"/>
      <line num="38" type="stmt" count="5"/>
      <line num="39" type="stmt" count="5"/>
      <line num="40" type="stmt" count="5"/>
      <line num="70" type="method" name="process" visibility="public" complexity="4" crap="20" count="0"/>
      <line num="71" type="stmt" count="0"/>
      <line num="74" type="stmt" count="0"/>
      <line num="75" type="stmt" count="0"/>
      <line num="77" type="stmt" count="0"/>
      <line num="79" type="stmt" count="0"/>
      <line num="81" type="stmt" count="0"/>
      <line num="82" type="stmt" count="0"/>
      <line num="84" type="stmt" count="0"/>
      <line num="85" type="stmt" count="0"/>
      <line num="86" type="stmt" count="0"/>
      <line num="87" type="stmt" count="0"/>
      <line num="88" type="stmt" count="0"/>
      <line num="89" type="stmt" count="0"/>
      <line num="90" type="stmt" count="0"/>
      <line num="91" type="stmt" count="0"/>
      <line num="92" type="stmt" count="0"/>
      <line num="93" type="stmt" count="0"/>
      <line num="94" type="stmt" count="0"/>
      <line num="95" type="stmt" count="0"/>
      <line num="96" type="stmt" count="0"/>
      <line num="97" type="stmt" count="0"/>
      <line num="98" type="stmt" count="0"/>
      <line num="99" type="stmt" count="0"/>
      <line num="101" type="stmt" count="0"/>
      <line num="102" type="stmt" count="0"/>
      <line num="103" type="stmt" count="0"/>
      <line num="104" type="stmt" count="0"/>
      <line num="105" type="stmt" count="0"/>
      <line num="106" type="stmt" count="0"/>
      <line num="107" type="stmt" count="0"/>
      <line num="111" type="stmt" count="0"/>
      <line num="123" type="method" name="build_artist_context" visibility="private" complexity="4" crap="20" count="0"/>
      <line num="124" type="stmt" count="0"/>
      <line num="126" type="stmt" count="0"/>
      <line num="127" type="stmt" count="0"/>
      <line num="128" type="stmt" count="0"/>
      <line num="131" type="stmt" count="0"/>
      <line num="132" type="stmt" count="0"/>
      <line num="133" type="stmt" count="0"/>
      <line num="134" type="stmt" count="0"/>
      <line num="137" type="stmt" count="0"/>
      <line num="143" type="method" name="process_single" visibility="private" complexity="9" crap="90" count="0"/>
      <line num="151" type="stmt" count="0"/>
      <line num="153" type="stmt" count="0"/>
      <line num="154" type="stmt" count="0"/>
      <line num="163" type="stmt" count="0"/>
      <line num="164" type="stmt" count="0"/>
      <line num="165" type="stmt" count="0"/>
      <line num="166" type="stmt" count="0"/>
      <line num="167" type="stmt" count="0"/>
      <line num="168" type="stmt" count="0"/>
      <line num="170" type="stmt" count="0"/>
      <line num="171" type="stmt" count="0"/>
      <line num="172" type="stmt" count="0"/>
      <line num="174" type="stmt" count="0"/>
      <line num="177" type="stmt" count="0"/>
      <line num="180" type="stmt" count="0"/>
      <line num="181" type="stmt" count="0"/>
      <line num="184" type="stmt" count="0"/>
      <line num="186" type="stmt" count="0"/>
      <line num="187" type="stmt" count="0"/>
      <line num="188" type="stmt" count="0"/>
      <line num="189" type="stmt" count="0"/>
      <line num="193" type="stmt" count="0"/>
      <line num="194" type="stmt" count="0"/>
      <line num="195" type="stmt" count="0"/>
      <line num="196" type="stmt" count="0"/>
      <line num="197" type="stmt" count="0"/>
      <line num="198" type="stmt" count="0"/>
      <line num="199" type="stmt" count="0"/>
      <line num="200" type="stmt" count="0"/>
      <line num="201" type="stmt" count="0"/>
      <line num="202" type="stmt" count="0"/>
      <line num="203" type="stmt" count="0"/>
      <line num="204" type="stmt" count="0"/>
      <line num="205" type="stmt" count="0"/>
      <line num="206" type="stmt" count="0"/>
      <line num="207" type="stmt" count="0"/>
      <line num="208" type="stmt" count="0"/>
      <line num="229" type="method" name="process_audio_single" visibility="private" complexity="8" crap="72" count="0"/>
      <line num="236" type="stmt" count="0"/>
      <line num="237" type="stmt" count="0"/>
      <line num="238" type="stmt" count="0"/>
      <line num="242" type="stmt" count="0"/>
      <line num="243" type="stmt" count="0"/>
      <line num="244" type="stmt" count="0"/>
      <line num="246" type="stmt" count="0"/>
      <line num="247" type="stmt" count="0"/>
      <line num="250" type="stmt" count="0"/>
      <line num="252" type="stmt" count="0"/>
      <line num="256" type="stmt" count="0"/>
      <line num="257" type="stmt" count="0"/>
      <line num="258" type="stmt" count="0"/>
      <line num="259" type="stmt" count="0"/>
      <line num="260" type="stmt" count="0"/>
      <line num="261" type="stmt" count="0"/>
      <line num="262" type="stmt" count="0"/>
      <line num="263" type="stmt" count="0"/>
      <line num="264" type="stmt" count="0"/>
      <line num="265" type="stmt" count="0"/>
      <line num="266" type="stmt" count="0"/>
      <line num="267" type="stmt" count="0"/>
      <line num="268" type="stmt" count="0"/>
      <line num="270" type="stmt" count="0"/>
      <line num="272" type="stmt" count="0"/>
      <line num="273" type="stmt" count="0"/>
      <line num="277" type="stmt" count="0"/>
      <line num="278" type="stmt" count="0"/>
      <line num="280" type="stmt" count="0"/>
      <line num="281" type="stmt" count="0"/>
      <line num="284" type="stmt" count="0"/>
      <line num="285" type="stmt" count="0"/>
      <line num="286" type="stmt" count="0"/>
      <line num="292" type="stmt" count="0"/>
      <line num="293" type="stmt" count="0"/>
      <line num="294" type="stmt" count="0"/>
      <line num="295" type="stmt" count="0"/>
      <line num="296" type="stmt" count="0"/>
      <line num="297" type="stmt" count="0"/>
      <line num="298" type="stmt" count="0"/>
      <line num="299" type="stmt" count="0"/>
      <line num="300" type="stmt" count="0"/>
      <line num="301" type="stmt" count="0"/>
      <line num="302" type="stmt" count="0"/>
      <line num="303" type="stmt" count="0"/>
      <line num="304" type="stmt" count="0"/>
      <line num="305" type="stmt" count="0"/>
      <line num="309" type="method" name="audio_failure_result" visibility="private" complexity="1" crap="2" count="0"/>
      <line num="310" type="stmt" count="0"/>
      <line num="311" type="stmt" count="0"/>
      <line num="312" type="stmt" count="0"/>
      <line num="313" type="stmt" count="0"/>
      <line num="314" type="stmt" count="0"/>
      <line num="315" type="stmt" count="0"/>
      <line num="316" type="stmt" count="0"/>
      <line num="317" type="stmt" count="0"/>
      <line num="318" type="stmt" count="0"/>
      <line num="319" type="stmt" count="0"/>
      <line num="320" type="stmt" count="0"/>
      <line num="321" type="stmt" count="0"/>
      <line num="322" type="stmt" count="0"/>
      <line num="323" type="stmt" count="0"/>
      <line num="324" type="stmt" count="0"/>
      <line num="325" type="stmt" count="0"/>
      <line num="326" type="stmt" count="0"/>
      <line num="361" type="method" name="process_video_single" visibility="private" complexity="5" crap="30" count="0"/>
      <line num="369" type="stmt" count="0"/>
      <line num="372" type="stmt" count="0"/>
      <line num="374" type="stmt" count="0"/>
      <line num="375" type="stmt" count="0"/>
      <line num="376" type="stmt" count="0"/>
      <line num="377" type="stmt" count="0"/>
      <line num="378" type="stmt" count="0"/>
      <line num="379" type="stmt" count="0"/>
      <line num="380" type="stmt" count="0"/>
      <line num="381" type="stmt" count="0"/>
      <line num="382" type="stmt" count="0"/>
      <line num="383" type="stmt" count="0"/>
      <line num="384" type="stmt" count="0"/>
      <line num="385" type="stmt" count="0"/>
      <line num="386" type="stmt" count="0"/>
      <line num="387" type="stmt" count="0"/>
      <line num="388" type="stmt" count="0"/>
      <line num="389" type="stmt" count="0"/>
      <line num="390" type="stmt" count="0"/>
      <line num="391" type="stmt" count="0"/>
      <line num="392" type="stmt" count="0"/>
      <line num="393" type="stmt" count="0"/>
      <line num="399" type="stmt" count="0"/>
      <line num="409" type="method" name="describe_video_from_context" visibility="private" complexity="4" crap="20" count="0"/>
      <line num="417" type="stmt" count="0"/>
      <line num="418" type="stmt" count="0"/>
      <line num="419" type="stmt" count="0"/>
      <line num="420" type="stmt" count="0"/>
      <line num="421" type="stmt" count="0"/>
      <line num="424" type="stmt" count="0"/>
      <line num="425" type="stmt" count="0"/>
      <line num="426" type="stmt" count="0"/>
      <line num="427" type="stmt" count="0"/>
      <line num="428" type="stmt" count="0"/>
      <line num="429" type="stmt" count="0"/>
      <line num="430" type="stmt" count="0"/>
      <line num="431" type="stmt" count="0"/>
      <line num="432" type="stmt" count="0"/>
      <line num="433" type="stmt" count="0"/>
      <line num="434" type="stmt" count="0"/>
      <line num="435" type="stmt" count="0"/>
      <line num="436" type="stmt" count="0"/>
      <line num="438" type="stmt" count="0"/>
      <line num="440" type="stmt" count="0"/>
      <line num="441" type="stmt" count="0"/>
      <line num="442" type="stmt" count="0"/>
      <line num="443" type="stmt" count="0"/>
      <line num="444" type="stmt" count="0"/>
      <line num="447" type="stmt" count="0"/>
      <line num="448" type="stmt" count="0"/>
      <line num="450" type="stmt" count="0"/>
      <line num="451" type="stmt" count="0"/>
      <line num="452" type="stmt" count="0"/>
      <line num="453" type="stmt" count="0"/>
      <line num="454" type="stmt" count="0"/>
      <line num="457" type="stmt" count="0"/>
      <line num="458" type="stmt" count="0"/>
      <line num="459" type="stmt" count="0"/>
      <line num="460" type="stmt" count="0"/>
      <line num="461" type="stmt" count="0"/>
      <line num="462" type="stmt" count="0"/>
      <line num="463" type="stmt" count="0"/>
      <line num="464" type="stmt" count="0"/>
      <line num="465" type="stmt" count="0"/>
      <line num="466" type="stmt" count="0"/>
      <line num="467" type="stmt" count="0"/>
      <line num="468" type="stmt" count="0"/>
      <line num="469" type="stmt" count="0"/>
      <line num="470" type="stmt" count="0"/>
      <line num="471" type="stmt" count="0"/>
      <line num="472" type="stmt" count="0"/>
      <line num="473" type="stmt" count="0"/>
      <line num="474" type="stmt" count="0"/>
      <line num="475" type="stmt" count="0"/>
      <line num="479" type="method" name="video_failure_result" visibility="private" complexity="1" crap="2" count="0"/>
      <line num="487" type="stmt" count="0"/>
      <line num="488" type="stmt" count="0"/>
      <line num="489" type="stmt" count="0"/>
      <line num="490" type="stmt" count="0"/>
      <line num="491" type="stmt" count="0"/>
      <line num="492" type="stmt" count="0"/>
      <line num="493" type="stmt" count="0"/>
      <line num="494" type="stmt" count="0"/>
      <line num="495" type="stmt" count="0"/>
      <line num="496" type="stmt" count="0"/>
      <line num="497" type="stmt" count="0"/>
      <line num="498" type="stmt" count="0"/>
      <line num="499" type="stmt" count="0"/>
      <line num="500" type="stmt" count="0"/>
      <line num="501" type="stmt" count="0"/>
      <line num="502" type="stmt" count="0"/>
      <line num="503" type="stmt" count="0"/>
      <line num="504" type="stmt" count="0"/>
      <line num="505" type="stmt" count="0"/>
      <line num="522" type="method" name="extract_event_fields" visibility="public" complexity="8" crap="72" count="0"/>
      <line num="523" type="stmt" count="0"/>
      <line num="525" type="stmt" count="0"/>
      <line num="526" type="stmt" count="0"/>
      <line num="528" type="stmt" count="0"/>
      <line num="529" type="stmt" count="0"/>
      <line num="532" type="stmt" count="0"/>
      <line num="534" type="stmt" count="0"/>
      <line num="535" type="stmt" count="0"/>
      <line num="536" type="stmt" count="0"/>
      <line num="537" type="stmt" count="0"/>
      <line num="538" type="stmt" count="0"/>
      <line num="539" type="stmt" count="0"/>
      <line num="540" type="stmt" count="0"/>
      <line num="541" type="stmt" count="0"/>
      <line num="543" type="stmt" count="0"/>
      <line num="545" type="stmt" count="0"/>
      <line num="546" type="stmt" count="0"/>
      <line num="550" type="stmt" count="0"/>
      <line num="551" type="stmt" count="0"/>
      <line num="553" type="stmt" count="0"/>
      <line num="554" type="stmt" count="0"/>
      <line num="557" type="stmt" count="0"/>
      <line num="558" type="stmt" count="0"/>
      <line num="562" type="stmt" count="0"/>
      <line num="563" type="stmt" count="0"/>
      <line num="566" type="stmt" count="0"/>
      <line num="575" type="method" name="chat" visibility="public" complexity="1" crap="2" count="0"/>
      <line num="576" type="stmt" count="0"/>
      <line num="585" type="method" name="polish" visibility="public" complexity="3" crap="12" count="0"/>
      <line num="586" type="stmt" count="0"/>
      <line num="587" type="stmt" count="0"/>
      <line num="589" type="stmt" count="0"/>
      <line num="590" type="stmt" count="0"/>
      <line num="591" type="stmt" count="0"/>
      <line num="614" type="method" name="merge_biography" visibility="public" complexity="4" crap="20" count="0"/>
      <line num="615" type="stmt" count="0"/>
      <line num="616" type="stmt" count="0"/>
      <line num="619" type="stmt" count="0"/>
      <line num="620" type="stmt" count="0"/>
      <line num="621" type="stmt" count="0"/>
      <line num="622" type="stmt" count="0"/>
      <line num="623" type="stmt" count="0"/>
      <line num="624" type="stmt" count="0"/>
      <line num="625" type="stmt" count="0"/>
      <line num="626" type="stmt" count="0"/>
      <line num="627" type="stmt" count="0"/>
      <line num="628" type="stmt" count="0"/>
      <line num="629" type="stmt" count="0"/>
      <line num="630" type="stmt" count="0"/>
      <line num="632" type="stmt" count="0"/>
      <line num="639" type="method" name="resolve_description_provider" visibility="private" complexity="5" crap="6.20" count="5"/>
      <line num="640" type="stmt" count="5"/>
      <line num="643" type="stmt" count="5"/>
      <line num="644" type="stmt" count="0"/>
      <line num="645" type="stmt" count="0"/>
      <line num="646" type="stmt" count="0"/>
      <line num="648" type="stmt" count="5"/>
      <line num="649" type="stmt" count="0"/>
      <line num="651" type="stmt" count="5"/>
      <line num="653" type="stmt" count="5"/>
      <line num="654" type="stmt" count="5"/>
      <line num="655" type="stmt" count="5"/>
      <line num="659" type="method" name="resolve_enhancement_provider" visibility="private" complexity="5" crap="8.90" count="5"/>
      <line num="660" type="stmt" count="5"/>
      <line num="662" type="stmt" count="5"/>
      <line num="663" type="stmt" count="0"/>
      <line num="666" type="stmt" count="5"/>
      <line num="667" type="stmt" count="0"/>
      <line num="668" type="stmt" count="0"/>
      <line num="669" type="stmt" count="0"/>
      <line num="670" type="stmt" count="0"/>
      <line num="675" type="stmt" count="5"/>
      <line num="676" type="stmt" count="5"/>
      <line num="677" type="stmt" count="0"/>
      <line num="678" type="stmt" count="0"/>
      <line num="681" type="stmt" count="5"/>
      <metrics loc="684" ncloc="487" classes="1" methods="15" coveredmethods="1" conditionals="0" coveredconditionals="0" statements="307" coveredstatements="16" elements="322" coveredelements="17"/>
    </file>
    <file name="/var/www/html/wp-content/plugins/agnosis/includes/AI/PromptConfig.php">
      <class name="Agnosis\AI\PromptConfig" namespace="global">
        <metrics complexity="10" methods="8" coveredmethods="7" conditionals="0" coveredconditionals="0" statements="68" coveredstatements="59" elements="76" coveredelements="66"/>
      </class>
      <line num="46" type="method" name="__construct" visibility="public" complexity="1" crap="1" count="35"/>
      <line num="54" type="stmt" count="35"/>
      <line num="57" type="method" name="from_options" visibility="public" complexity="1" crap="1" count="10"/>
      <line num="58" type="stmt" count="10"/>
      <line num="59" type="stmt" count="10"/>
      <line num="60" type="stmt" count="10"/>
      <line num="61" type="stmt" count="10"/>
      <line num="62" type="stmt" count="10"/>
      <line num="63" type="stmt" count="10"/>
      <line num="64" type="stmt" count="10"/>
      <line num="65" type="stmt" count="10"/>
      <line num="66" type="stmt" count="10"/>
      <line num="72" type="method" name="resolved_system_prompt" visibility="public" complexity="1" crap="1" count="21"/>
      <line num="73" type="stmt" count="21"/>
      <line num="74" type="stmt" count="21"/>
      <line num="75" type="stmt" count="21"/>
      <line num="76" type="stmt" count="21"/>
      <line num="77" type="stmt" count="21"/>
      <line num="84" type="method" name="build_user_message" visibility="public" complexity="2" crap="2" count="21"/>
      <line num="85" type="stmt" count="21"/>
      <line num="86" type="stmt" count="19"/>
      <line num="87" type="stmt" count="2"/>
      <line num="89" type="stmt" count="21"/>
      <line num="105" type="method" name="build_targeted_enhancement_instructions" visibility="public" complexity="2" crap="6" count="0"/>
      <line num="106" type="stmt" count="0"/>
      <line num="107" type="stmt" count="0"/>
      <line num="110" type="stmt" count="0"/>
      <line num="112" type="stmt" count="0"/>
      <line num="113" type="stmt" count="0"/>
      <line num="114" type="stmt" count="0"/>
      <line num="115" type="stmt" count="0"/>
      <line num="116" type="stmt" count="0"/>
      <line num="117" type="stmt" count="0"/>
      <line num="120" type="method" name="default_system_prompt" visibility="public" complexity="1" crap="1" count="10"/>
      <line num="121" type="stmt" count="10"/>
      <line num="123" type="stmt" count="10"/>
      <line num="124" type="stmt" count="10"/>
      <line num="126" type="stmt" count="10"/>
      <line num="127" type="stmt" count="10"/>
      <line num="128" type="stmt" count="10"/>
      <line num="129" type="stmt" count="10"/>
      <line num="131" type="stmt" count="10"/>
      <line num="132" type="stmt" count="10"/>
      <line num="133" type="stmt" count="10"/>
      <line num="134" type="stmt" count="10"/>
      <line num="136" type="stmt" count="10"/>
      <line num="137" type="stmt" count="10"/>
      <line num="138" type="stmt" count="10"/>
      <line num="140" type="stmt" count="10"/>
      <line num="141" type="stmt" count="10"/>
      <line num="142" type="stmt" count="10"/>
      <line num="143" type="stmt" count="10"/>
      <line num="144" type="stmt" count="10"/>
      <line num="145" type="stmt" count="10"/>
      <line num="146" type="stmt" count="10"/>
      <line num="147" type="stmt" count="10"/>
      <line num="148" type="stmt" count="10"/>
      <line num="149" type="stmt" count="10"/>
      <line num="150" type="stmt" count="10"/>
      <line num="151" type="stmt" count="10"/>
      <line num="152" type="stmt" count="10"/>
      <line num="153" type="stmt" count="10"/>
      <line num="154" type="stmt" count="10"/>
      <line num="157" type="method" name="default_user_template" visibility="public" complexity="1" crap="1" count="10"/>
      <line num="158" type="stmt" count="10"/>
      <line num="159" type="stmt" count="10"/>
      <line num="160" type="stmt" count="10"/>
      <line num="161" type="stmt" count="10"/>
      <line num="162" type="stmt" count="10"/>
      <line num="165" type="method" name="default_enhancement_instructions" visibility="public" complexity="1" crap="1" count="10"/>
      <line num="166" type="stmt" count="10"/>
      <line num="167" type="stmt" count="10"/>
      <line num="168" type="stmt" count="10"/>
      <line num="169" type="stmt" count="10"/>
      <line num="170" type="stmt" count="10"/>
      <line num="171" type="stmt" count="10"/>
      <metrics loc="174" ncloc="128" classes="1" methods="8" coveredmethods="7" conditionals="0" coveredconditionals="0" statements="68" coveredstatements="59" elements="76" coveredelements="66"/>
    </file>
    <file name="/var/www/html/wp-content/plugins/agnosis/includes/AI/ProviderInterface.php">
      <metrics loc="79" ncloc="21" classes="0" methods="0" coveredmethods="0" conditionals="0" coveredconditionals="0" statements="0" coveredstatements="0" elements="0" coveredelements="0"/>
    </file>
    <file name="/var/www/html/wp-content/plugins/agnosis/includes/AI/Providers/Anthropic.php">
      <class name="Agnosis\AI\Providers\Anthropic" namespace="global">
        <metrics complexity="18" methods="7" coveredmethods="3" conditionals="0" coveredconditionals="0" statements="94" coveredstatements="67" elements="101" coveredelements="70"/>
      </class>
      <line num="27" type="method" name="__construct" visibility="public" complexity="1" crap="1" count="13"/>
      <line num="31" type="stmt" count="13"/>
      <line num="33" type="method" name="describe" visibility="public" complexity="8" crap="8" count="11"/>
      <line num="34" type="stmt" count="11"/>
      <line num="35" type="stmt" count="1"/>
      <line num="42" type="stmt" count="10"/>
      <line num="44" type="stmt" count="10"/>
      <line num="45" type="stmt" count="10"/>
      <line num="46" type="stmt" count="10"/>
      <line num="48" type="stmt" count="10"/>
      <line num="49" type="stmt" count="10"/>
      <line num="50" type="stmt" count="10"/>
      <line num="51" type="stmt" count="10"/>
      <line num="52" type="stmt" count="10"/>
      <line num="53" type="stmt" count="10"/>
      <line num="54" type="stmt" count="10"/>
      <line num="55" type="stmt" count="10"/>
      <line num="56" type="stmt" count="10"/>
      <line num="57" type="stmt" count="10"/>
      <line num="58" type="stmt" count="10"/>
      <line num="59" type="stmt" count="10"/>
      <line num="60" type="stmt" count="10"/>
      <line num="61" type="stmt" count="10"/>
      <line num="62" type="stmt" count="10"/>
      <line num="63" type="stmt" count="10"/>
      <line num="64" type="stmt" count="10"/>
      <line num="65" type="stmt" count="10"/>
      <line num="66" type="stmt" count="10"/>
      <line num="67" type="stmt" count="10"/>
      <line num="68" type="stmt" count="10"/>
      <line num="69" type="stmt" count="10"/>
      <line num="70" type="stmt" count="10"/>
      <line num="71" type="stmt" count="10"/>
      <line num="73" type="stmt" count="10"/>
      <line num="74" type="stmt" count="0"/>
      <line num="77" type="stmt" count="10"/>
      <line num="78" type="stmt" count="10"/>
      <line num="79" type="stmt" count="10"/>
      <line num="80" type="stmt" count="10"/>
      <line num="81" type="stmt" count="10"/>
      <line num="82" type="stmt" count="10"/>
      <line num="83" type="stmt" count="10"/>
      <line num="84" type="stmt" count="10"/>
      <line num="85" type="stmt" count="10"/>
      <line num="87" type="stmt" count="10"/>
      <line num="88" type="stmt" count="1"/>
      <line num="91" type="stmt" count="9"/>
      <line num="92" type="stmt" count="9"/>
      <line num="93" type="stmt" count="9"/>
      <line num="95" type="stmt" count="9"/>
      <line num="96" type="stmt" count="2"/>
      <line num="99" type="stmt" count="7"/>
      <line num="101" type="stmt" count="7"/>
      <line num="102" type="stmt" count="1"/>
      <line num="105" type="stmt" count="6"/>
      <line num="106" type="stmt" count="6"/>
      <line num="107" type="stmt" count="6"/>
      <line num="109" type="stmt" count="6"/>
      <line num="110" type="stmt" count="6"/>
      <line num="111" type="stmt" count="6"/>
      <line num="112" type="stmt" count="6"/>
      <line num="113" type="stmt" count="6"/>
      <line num="114" type="stmt" count="6"/>
      <line num="115" type="stmt" count="6"/>
      <line num="116" type="stmt" count="6"/>
      <line num="117" type="stmt" count="6"/>
      <line num="118" type="stmt" count="6"/>
      <line num="119" type="stmt" count="6"/>
      <line num="122" type="method" name="enhance" visibility="public" complexity="1" crap="1" count="1"/>
      <line num="124" type="stmt" count="1"/>
      <line num="127" type="method" name="supports_enhancement" visibility="public" complexity="1" crap="1" count="1"/>
      <line num="128" type="stmt" count="1"/>
      <line num="131" type="method" name="chat" visibility="public" complexity="5" crap="30" count="0"/>
      <line num="132" type="stmt" count="0"/>
      <line num="133" type="stmt" count="0"/>
      <line num="136" type="stmt" count="0"/>
      <line num="137" type="stmt" count="0"/>
      <line num="138" type="stmt" count="0"/>
      <line num="139" type="stmt" count="0"/>
      <line num="140" type="stmt" count="0"/>
      <line num="141" type="stmt" count="0"/>
      <line num="142" type="stmt" count="0"/>
      <line num="144" type="stmt" count="0"/>
      <line num="145" type="stmt" count="0"/>
      <line num="148" type="stmt" count="0"/>
      <line num="149" type="stmt" count="0"/>
      <line num="150" type="stmt" count="0"/>
      <line num="151" type="stmt" count="0"/>
      <line num="152" type="stmt" count="0"/>
      <line num="153" type="stmt" count="0"/>
      <line num="154" type="stmt" count="0"/>
      <line num="155" type="stmt" count="0"/>
      <line num="156" type="stmt" count="0"/>
      <line num="158" type="stmt" count="0"/>
      <line num="159" type="stmt" count="0"/>
      <line num="162" type="stmt" count="0"/>
      <line num="163" type="stmt" count="0"/>
      <line num="170" type="method" name="transcribe" visibility="public" complexity="1" crap="2" count="0"/>
      <line num="171" type="stmt" count="0"/>
      <line num="174" type="method" name="supports_audio" visibility="public" complexity="1" crap="2" count="0"/>
      <line num="175" type="stmt" count="0"/>
      <metrics loc="178" ncloc="158" classes="1" methods="7" coveredmethods="3" conditionals="0" coveredconditionals="0" statements="94" coveredstatements="67" elements="101" coveredelements="70"/>
    </file>
    <file name="/var/www/html/wp-content/plugins/agnosis/includes/AI/Providers/OpenAI.php">
      <class name="Agnosis\AI\Providers\OpenAI" namespace="global">
        <metrics complexity="26" methods="8" coveredmethods="1" conditionals="0" coveredconditionals="0" statements="163" coveredstatements="55" elements="171" coveredelements="56"/>
      </class>
      <line num="27" type="method" name="__construct" visibility="public" complexity="1" crap="1" count="17"/>
      <line num="32" type="stmt" count="17"/>
      <line num="38" type="method" name="describe" visibility="public" complexity="8" crap="8" count="12"/>
      <line num="39" type="stmt" count="12"/>
      <line num="40" type="stmt" count="1"/>
      <line num="47" type="stmt" count="11"/>
      <line num="49" type="stmt" count="11"/>
      <line num="50" type="stmt" count="11"/>
      <line num="52" type="stmt" count="11"/>
      <line num="53" type="stmt" count="11"/>
      <line num="55" type="stmt" count="11"/>
      <line num="56" type="stmt" count="11"/>
      <line num="57" type="stmt" count="11"/>
      <line num="58" type="stmt" count="11"/>
      <line num="59" type="stmt" count="11"/>
      <line num="60" type="stmt" count="11"/>
      <line num="61" type="stmt" count="11"/>
      <line num="62" type="stmt" count="11"/>
      <line num="63" type="stmt" count="11"/>
      <line num="64" type="stmt" count="11"/>
      <line num="65" type="stmt" count="11"/>
      <line num="66" type="stmt" count="11"/>
      <line num="67" type="stmt" count="11"/>
      <line num="68" type="stmt" count="11"/>
      <line num="69" type="stmt" count="11"/>
      <line num="71" type="stmt" count="11"/>
      <line num="72" type="stmt" count="0"/>
      <line num="75" type="stmt" count="11"/>
      <line num="76" type="stmt" count="11"/>
      <line num="77" type="stmt" count="11"/>
      <line num="78" type="stmt" count="11"/>
      <line num="79" type="stmt" count="11"/>
      <line num="80" type="stmt" count="11"/>
      <line num="81" type="stmt" count="11"/>
      <line num="82" type="stmt" count="11"/>
      <line num="84" type="stmt" count="11"/>
      <line num="85" type="stmt" count="1"/>
      <line num="88" type="stmt" count="10"/>
      <line num="89" type="stmt" count="10"/>
      <line num="91" type="stmt" count="10"/>
      <line num="92" type="stmt" count="2"/>
      <line num="95" type="stmt" count="8"/>
      <line num="97" type="stmt" count="8"/>
      <line num="98" type="stmt" count="1"/>
      <line num="101" type="stmt" count="7"/>
      <line num="102" type="stmt" count="7"/>
      <line num="103" type="stmt" count="7"/>
      <line num="105" type="stmt" count="7"/>
      <line num="106" type="stmt" count="7"/>
      <line num="107" type="stmt" count="7"/>
      <line num="108" type="stmt" count="7"/>
      <line num="109" type="stmt" count="7"/>
      <line num="110" type="stmt" count="7"/>
      <line num="111" type="stmt" count="7"/>
      <line num="112" type="stmt" count="7"/>
      <line num="113" type="stmt" count="7"/>
      <line num="114" type="stmt" count="7"/>
      <line num="115" type="stmt" count="7"/>
      <line num="122" type="method" name="enhance" visibility="public" complexity="5" crap="30" count="0"/>
      <line num="123" type="stmt" count="0"/>
      <line num="124" type="stmt" count="0"/>
      <line num="128" type="stmt" count="0"/>
      <line num="129" type="stmt" count="0"/>
      <line num="131" type="stmt" count="0"/>
      <line num="132" type="stmt" count="0"/>
      <line num="133" type="stmt" count="0"/>
      <line num="134" type="stmt" count="0"/>
      <line num="135" type="stmt" count="0"/>
      <line num="136" type="stmt" count="0"/>
      <line num="137" type="stmt" count="0"/>
      <line num="138" type="stmt" count="0"/>
      <line num="140" type="stmt" count="0"/>
      <line num="141" type="stmt" count="0"/>
      <line num="144" type="stmt" count="0"/>
      <line num="145" type="stmt" count="0"/>
      <line num="147" type="stmt" count="0"/>
      <line num="148" type="stmt" count="0"/>
      <line num="151" type="stmt" count="0"/>
      <line num="153" type="stmt" count="0"/>
      <line num="154" type="stmt" count="0"/>
      <line num="155" type="stmt" count="0"/>
      <line num="156" type="stmt" count="0"/>
      <line num="157" type="stmt" count="0"/>
      <line num="160" type="method" name="supports_enhancement" visibility="public" complexity="1" crap="2" count="0"/>
      <line num="161" type="stmt" count="0"/>
      <line num="164" type="method" name="chat" visibility="public" complexity="5" crap="30" count="0"/>
      <line num="165" type="stmt" count="0"/>
      <line num="166" type="stmt" count="0"/>
      <line num="169" type="stmt" count="0"/>
      <line num="170" type="stmt" count="0"/>
      <line num="171" type="stmt" count="0"/>
      <line num="172" type="stmt" count="0"/>
      <line num="173" type="stmt" count="0"/>
      <line num="174" type="stmt" count="0"/>
      <line num="175" type="stmt" count="0"/>
      <line num="177" type="stmt" count="0"/>
      <line num="178" type="stmt" count="0"/>
      <line num="181" type="stmt" count="0"/>
      <line num="182" type="stmt" count="0"/>
      <line num="183" type="stmt" count="0"/>
      <line num="184" type="stmt" count="0"/>
      <line num="185" type="stmt" count="0"/>
      <line num="186" type="stmt" count="0"/>
      <line num="187" type="stmt" count="0"/>
      <line num="188" type="stmt" count="0"/>
      <line num="190" type="stmt" count="0"/>
      <line num="191" type="stmt" count="0"/>
      <line num="194" type="stmt" count="0"/>
      <line num="195" type="stmt" count="0"/>
      <line num="212" type="method" name="transcribe" visibility="public" complexity="4" crap="20" count="0"/>
      <line num="213" type="stmt" count="0"/>
      <line num="214" type="stmt" count="0"/>
      <line num="218" type="stmt" count="0"/>
      <line num="219" type="stmt" count="0"/>
      <line num="220" type="stmt" count="0"/>
      <line num="221" type="stmt" count="0"/>
      <line num="222" type="stmt" count="0"/>
      <line num="223" type="stmt" count="0"/>
      <line num="224" type="stmt" count="0"/>
      <line num="225" type="stmt" count="0"/>
      <line num="226" type="stmt" count="0"/>
      <line num="227" type="stmt" count="0"/>
      <line num="228" type="stmt" count="0"/>
      <line num="230" type="stmt" count="0"/>
      <line num="231" type="stmt" count="0"/>
      <line num="232" type="stmt" count="0"/>
      <line num="235" type="stmt" count="0"/>
      <line num="236" type="stmt" count="0"/>
      <line num="237" type="stmt" count="0"/>
      <line num="238" type="stmt" count="0"/>
      <line num="241" type="stmt" count="0"/>
      <line num="242" type="stmt" count="0"/>
      <line num="243" type="stmt" count="0"/>
      <line num="246" type="stmt" count="0"/>
      <line num="247" type="stmt" count="0"/>
      <line num="248" type="stmt" count="0"/>
      <line num="250" type="stmt" count="0"/>
      <line num="252" type="stmt" count="0"/>
      <line num="253" type="stmt" count="0"/>
      <line num="254" type="stmt" count="0"/>
      <line num="255" type="stmt" count="0"/>
      <line num="256" type="stmt" count="0"/>
      <line num="257" type="stmt" count="0"/>
      <line num="258" type="stmt" count="0"/>
      <line num="259" type="stmt" count="0"/>
      <line num="261" type="stmt" count="0"/>
      <line num="262" type="stmt" count="0"/>
      <line num="265" type="stmt" count="0"/>
      <line num="268" type="method" name="supports_audio" visibility="public" complexity="1" crap="2" count="0"/>
      <line num="269" type="stmt" count="0"/>
      <line num="274" type="method" name="build_multipart" visibility="private" complexity="1" crap="2" count="0"/>
      <line num="275" type="stmt" count="0"/>
      <line num="276" type="stmt" count="0"/>
      <line num="279" type="stmt" count="0"/>
      <line num="280" type="stmt" count="0"/>
      <line num="281" type="stmt" count="0"/>
      <line num="282" type="stmt" count="0"/>
      <line num="285" type="stmt" count="0"/>
      <line num="286" type="stmt" count="0"/>
      <line num="287" type="stmt" count="0"/>
      <line num="290" type="stmt" count="0"/>
      <line num="291" type="stmt" count="0"/>
      <line num="292" type="stmt" count="0"/>
      <line num="295" type="stmt" count="0"/>
      <line num="296" type="stmt" count="0"/>
      <line num="297" type="stmt" count="0"/>
      <line num="300" type="stmt" count="0"/>
      <line num="301" type="stmt" count="0"/>
      <line num="302" type="stmt" count="0"/>
      <line num="304" type="stmt" count="0"/>
      <line num="306" type="stmt" count="0"/>
      <metrics loc="309" ncloc="268" classes="1" methods="8" coveredmethods="1" conditionals="0" coveredconditionals="0" statements="163" coveredstatements="55" elements="171" coveredelements="56"/>
    </file>
    <file name="/var/www/html/wp-content/plugins/agnosis/includes/AI/Providers/WordPressAI.php">
      <class name="Agnosis\AI\Providers\WordPressAI" namespace="global">
        <metrics complexity="19" methods="6" coveredmethods="0" conditionals="0" coveredconditionals="0" statements="56" coveredstatements="0" elements="62" coveredelements="0"/>
      </class>
      <line num="36" type="method" name="describe" visibility="public" complexity="10" crap="110" count="0"/>
      <line num="38" type="stmt" count="0"/>
      <line num="39" type="stmt" count="0"/>
      <line num="40" type="stmt" count="0"/>
      <line num="41" type="stmt" count="0"/>
      <line num="44" type="stmt" count="0"/>
      <line num="45" type="stmt" count="0"/>
      <line num="46" type="stmt" count="0"/>
      <line num="47" type="stmt" count="0"/>
      <line num="50" type="stmt" count="0"/>
      <line num="52" type="stmt" count="0"/>
      <line num="53" type="stmt" count="0"/>
      <line num="58" type="stmt" count="0"/>
      <line num="60" type="stmt" count="0"/>
      <line num="61" type="stmt" count="0"/>
      <line num="64" type="stmt" count="0"/>
      <line num="65" type="stmt" count="0"/>
      <line num="67" type="stmt" count="0"/>
      <line num="68" type="stmt" count="0"/>
      <line num="69" type="stmt" count="0"/>
      <line num="70" type="stmt" count="0"/>
      <line num="73" type="stmt" count="0"/>
      <line num="75" type="stmt" count="0"/>
      <line num="76" type="stmt" count="0"/>
      <line num="79" type="stmt" count="0"/>
      <line num="81" type="stmt" count="0"/>
      <line num="82" type="stmt" count="0"/>
      <line num="85" type="stmt" count="0"/>
      <line num="88" type="stmt" count="0"/>
      <line num="89" type="stmt" count="0"/>
      <line num="92" type="stmt" count="0"/>
      <line num="93" type="stmt" count="0"/>
      <line num="98" type="stmt" count="0"/>
      <line num="99" type="stmt" count="0"/>
      <line num="100" type="stmt" count="0"/>
      <line num="101" type="stmt" count="0"/>
      <line num="102" type="stmt" count="0"/>
      <line num="103" type="stmt" count="0"/>
      <line num="104" type="stmt" count="0"/>
      <line num="105" type="stmt" count="0"/>
      <line num="106" type="stmt" count="0"/>
      <line num="107" type="stmt" count="0"/>
      <line num="108" type="stmt" count="0"/>
      <line num="111" type="method" name="enhance" visibility="public" complexity="1" crap="2" count="0"/>
      <line num="112" type="stmt" count="0"/>
      <line num="113" type="stmt" count="0"/>
      <line num="114" type="stmt" count="0"/>
      <line num="117" type="method" name="supports_enhancement" visibility="public" complexity="1" crap="2" count="0"/>
      <line num="118" type="stmt" count="0"/>
      <line num="121" type="method" name="chat" visibility="public" complexity="4" crap="20" count="0"/>
      <line num="123" type="stmt" count="0"/>
      <line num="124" type="stmt" count="0"/>
      <line num="128" type="stmt" count="0"/>
      <line num="129" type="stmt" count="0"/>
      <line num="130" type="stmt" count="0"/>
      <line num="133" type="stmt" count="0"/>
      <line num="134" type="stmt" count="0"/>
      <line num="135" type="stmt" count="0"/>
      <line num="142" type="method" name="transcribe" visibility="public" complexity="1" crap="2" count="0"/>
      <line num="143" type="stmt" count="0"/>
      <line num="146" type="method" name="supports_audio" visibility="public" complexity="1" crap="2" count="0"/>
      <line num="147" type="stmt" count="0"/>
      <metrics loc="150" ncloc="117" classes="1" methods="6" coveredmethods="0" conditionals="0" coveredconditionals="0" statements="56" coveredstatements="0" elements="62" coveredelements="0"/>
    </file>
    <file name="/var/www/html/wp-content/plugins/agnosis/includes/AI/SubmissionTranslator.php">
      <class name="Agnosis\AI\SubmissionTranslator" namespace="global">
        <metrics complexity="36" methods="7" coveredmethods="0" conditionals="0" coveredconditionals="0" statements="95" coveredstatements="14" elements="102" coveredelements="14"/>
      </class>
      <line num="62" type="method" name="language_names" visibility="public" complexity="5" crap="5.93" count="12"/>
      <line num="63" type="stmt" count="12"/>
      <line num="64" type="stmt" count="12"/>
      <line num="65" type="stmt" count="12"/>
      <line num="66" type="stmt" count="12"/>
      <line num="67" type="stmt" count="0"/>
      <line num="68" type="stmt" count="12"/>
      <line num="74" type="stmt" count="0"/>
      <line num="75" type="stmt" count="0"/>
      <line num="79" type="stmt" count="12"/>
      <line num="95" type="method" name="translate" visibility="public" complexity="5" crap="30" count="0"/>
      <line num="96" type="stmt" count="0"/>
      <line num="97" type="stmt" count="0"/>
      <line num="99" type="stmt" count="0"/>
      <line num="101" type="stmt" count="0"/>
      <line num="102" type="stmt" count="0"/>
      <line num="103" type="stmt" count="0"/>
      <line num="104" type="stmt" count="0"/>
      <line num="105" type="stmt" count="0"/>
      <line num="108" type="stmt" count="0"/>
      <line num="109" type="stmt" count="0"/>
      <line num="111" type="stmt" count="0"/>
      <line num="112" type="stmt" count="0"/>
      <line num="115" type="stmt" count="0"/>
      <line num="117" type="stmt" count="0"/>
      <line num="119" type="stmt" count="0"/>
      <line num="120" type="stmt" count="0"/>
      <line num="123" type="stmt" count="0"/>
      <line num="124" type="stmt" count="0"/>
      <line num="125" type="stmt" count="0"/>
      <line num="126" type="stmt" count="0"/>
      <line num="129" type="stmt" count="0"/>
      <line num="130" type="stmt" count="0"/>
      <line num="131" type="stmt" count="0"/>
      <line num="132" type="stmt" count="0"/>
      <line num="151" type="method" name="translate_text" visibility="public" complexity="3" crap="12" count="0"/>
      <line num="152" type="stmt" count="0"/>
      <line num="153" type="stmt" count="0"/>
      <line num="154" type="stmt" count="0"/>
      <line num="157" type="stmt" count="0"/>
      <line num="158" type="stmt" count="0"/>
      <line num="159" type="stmt" count="0"/>
      <line num="160" type="stmt" count="0"/>
      <line num="161" type="stmt" count="0"/>
      <line num="162" type="stmt" count="0"/>
      <line num="163" type="stmt" count="0"/>
      <line num="168" type="stmt" count="0"/>
      <line num="169" type="stmt" count="0"/>
      <line num="178" type="method" name="from_settings" visibility="public" complexity="7" crap="13.12" count="5"/>
      <line num="179" type="stmt" count="5"/>
      <line num="180" type="stmt" count="5"/>
      <line num="183" type="stmt" count="5"/>
      <line num="184" type="stmt" count="0"/>
      <line num="185" type="stmt" count="0"/>
      <line num="186" type="stmt" count="0"/>
      <line num="188" type="stmt" count="0"/>
      <line num="189" type="stmt" count="0"/>
      <line num="191" type="stmt" count="5"/>
      <line num="192" type="stmt" count="0"/>
      <line num="194" type="stmt" count="5"/>
      <line num="196" type="stmt" count="5"/>
      <line num="197" type="stmt" count="5"/>
      <line num="198" type="stmt" count="5"/>
      <line num="200" type="stmt" count="0"/>
      <line num="201" type="stmt" count="0"/>
      <line num="217" type="method" name="resolve_target_language" visibility="public" complexity="3" crap="12" count="0"/>
      <line num="219" type="stmt" count="0"/>
      <line num="222" type="stmt" count="0"/>
      <line num="223" type="stmt" count="0"/>
      <line num="225" type="stmt" count="0"/>
      <line num="229" type="stmt" count="0"/>
      <line num="240" type="method" name="resolve_language_name" visibility="private" complexity="1" crap="2" count="0"/>
      <line num="241" type="stmt" count="0"/>
      <line num="260" type="method" name="call_translate" visibility="private" complexity="11" crap="132" count="0"/>
      <line num="261" type="stmt" count="0"/>
      <line num="262" type="stmt" count="0"/>
      <line num="263" type="stmt" count="0"/>
      <line num="265" type="stmt" count="0"/>
      <line num="266" type="stmt" count="0"/>
      <line num="269" type="stmt" count="0"/>
      <line num="270" type="stmt" count="0"/>
      <line num="271" type="stmt" count="0"/>
      <line num="272" type="stmt" count="0"/>
      <line num="273" type="stmt" count="0"/>
      <line num="275" type="stmt" count="0"/>
      <line num="276" type="stmt" count="0"/>
      <line num="277" type="stmt" count="0"/>
      <line num="278" type="stmt" count="0"/>
      <line num="279" type="stmt" count="0"/>
      <line num="281" type="stmt" count="0"/>
      <line num="283" type="stmt" count="0"/>
      <line num="284" type="stmt" count="0"/>
      <line num="288" type="stmt" count="0"/>
      <line num="289" type="stmt" count="0"/>
      <line num="291" type="stmt" count="0"/>
      <line num="292" type="stmt" count="0"/>
      <line num="295" type="stmt" count="0"/>
      <line num="297" type="stmt" count="0"/>
      <line num="298" type="stmt" count="0"/>
      <line num="301" type="stmt" count="0"/>
      <line num="302" type="stmt" count="0"/>
      <line num="305" type="stmt" count="0"/>
      <metrics loc="308" ncloc="179" classes="1" methods="7" coveredmethods="0" conditionals="0" coveredconditionals="0" statements="95" coveredstatements="14" elements="102" coveredelements="14"/>
    </file>
    <file name="/var/www/html/wp-content/plugins/agnosis/includes/Admin/InboxPage.php">
      <class name="Agnosis\Admin\InboxPage" namespace="global">
        <metrics complexity="55" methods="11" coveredmethods="0" conditionals="0" coveredconditionals="0" statements="300" coveredstatements="0" elements="311" coveredelements="0"/>
      </class>
      <line num="30" type="method" name="register_menu" visibility="public" complexity="1" crap="2" count="0"/>
      <line num="32" type="stmt" count="0"/>
      <line num="33" type="stmt" count="0"/>
      <line num="34" type="stmt" count="0"/>
      <line num="35" type="stmt" count="0"/>
      <line num="36" type="stmt" count="0"/>
      <line num="37" type="stmt" count="0"/>
      <line num="38" type="stmt" count="0"/>
      <line num="39" type="stmt" count="0"/>
      <line num="40" type="stmt" count="0"/>
      <line num="43" type="stmt" count="0"/>
      <line num="44" type="stmt" count="0"/>
      <line num="45" type="stmt" count="0"/>
      <line num="46" type="stmt" count="0"/>
      <line num="47" type="stmt" count="0"/>
      <line num="48" type="stmt" count="0"/>
      <line num="49" type="stmt" count="0"/>
      <line num="50" type="stmt" count="0"/>
      <line num="53" type="method" name="enqueue_assets" visibility="public" complexity="2" crap="6" count="0"/>
      <line num="54" type="stmt" count="0"/>
      <line num="55" type="stmt" count="0"/>
      <line num="57" type="stmt" count="0"/>
      <line num="60" type="method" name="render" visibility="public" complexity="22" crap="506" count="0"/>
      <line num="61" type="stmt" count="0"/>
      <line num="62" type="stmt" count="0"/>
      <line num="65" type="stmt" count="0"/>
      <line num="67" type="stmt" count="0"/>
      <line num="70" type="stmt" count="0"/>
      <line num="71" type="stmt" count="0"/>
      <line num="72" type="stmt" count="0"/>
      <line num="74" type="stmt" count="0"/>
      <line num="75" type="stmt" count="0"/>
      <line num="78" type="stmt" count="0"/>
      <line num="79" type="stmt" count="0"/>
      <line num="80" type="stmt" count="0"/>
      <line num="81" type="stmt" count="0"/>
      <line num="82" type="stmt" count="0"/>
      <line num="84" type="stmt" count="0"/>
      <line num="86" type="stmt" count="0"/>
      <line num="87" type="stmt" count="0"/>
      <line num="88" type="stmt" count="0"/>
      <line num="89" type="stmt" count="0"/>
      <line num="90" type="stmt" count="0"/>
      <line num="91" type="stmt" count="0"/>
      <line num="92" type="stmt" count="0"/>
      <line num="93" type="stmt" count="0"/>
      <line num="94" type="stmt" count="0"/>
      <line num="95" type="stmt" count="0"/>
      <line num="96" type="stmt" count="0"/>
      <line num="97" type="stmt" count="0"/>
      <line num="98" type="stmt" count="0"/>
      <line num="99" type="stmt" count="0"/>
      <line num="100" type="stmt" count="0"/>
      <line num="101" type="stmt" count="0"/>
      <line num="105" type="stmt" count="0"/>
      <line num="106" type="stmt" count="0"/>
      <line num="107" type="stmt" count="0"/>
      <line num="108" type="stmt" count="0"/>
      <line num="109" type="stmt" count="0"/>
      <line num="110" type="stmt" count="0"/>
      <line num="111" type="stmt" count="0"/>
      <line num="112" type="stmt" count="0"/>
      <line num="113" type="stmt" count="0"/>
      <line num="114" type="stmt" count="0"/>
      <line num="115" type="stmt" count="0"/>
      <line num="116" type="stmt" count="0"/>
      <line num="117" type="stmt" count="0"/>
      <line num="120" type="stmt" count="0"/>
      <line num="121" type="stmt" count="0"/>
      <line num="122" type="stmt" count="0"/>
      <line num="123" type="stmt" count="0"/>
      <line num="124" type="stmt" count="0"/>
      <line num="125" type="stmt" count="0"/>
      <line num="126" type="stmt" count="0"/>
      <line num="127" type="stmt" count="0"/>
      <line num="128" type="stmt" count="0"/>
      <line num="129" type="stmt" count="0"/>
      <line num="130" type="stmt" count="0"/>
      <line num="131" type="stmt" count="0"/>
      <line num="132" type="stmt" count="0"/>
      <line num="133" type="stmt" count="0"/>
      <line num="137" type="stmt" count="0"/>
      <line num="138" type="stmt" count="0"/>
      <line num="140" type="stmt" count="0"/>
      <line num="141" type="stmt" count="0"/>
      <line num="142" type="stmt" count="0"/>
      <line num="144" type="stmt" count="0"/>
      <line num="145" type="stmt" count="0"/>
      <line num="149" type="stmt" count="0"/>
      <line num="150" type="stmt" count="0"/>
      <line num="151" type="stmt" count="0"/>
      <line num="152" type="stmt" count="0"/>
      <line num="153" type="stmt" count="0"/>
      <line num="154" type="stmt" count="0"/>
      <line num="155" type="stmt" count="0"/>
      <line num="156" type="stmt" count="0"/>
      <line num="157" type="stmt" count="0"/>
      <line num="158" type="stmt" count="0"/>
      <line num="161" type="stmt" count="0"/>
      <line num="162" type="stmt" count="0"/>
      <line num="164" type="stmt" count="0"/>
      <line num="165" type="stmt" count="0"/>
      <line num="166" type="stmt" count="0"/>
      <line num="168" type="stmt" count="0"/>
      <line num="169" type="stmt" count="0"/>
      <line num="170" type="stmt" count="0"/>
      <line num="172" type="stmt" count="0"/>
      <line num="173" type="stmt" count="0"/>
      <line num="174" type="stmt" count="0"/>
      <line num="175" type="stmt" count="0"/>
      <line num="176" type="stmt" count="0"/>
      <line num="177" type="stmt" count="0"/>
      <line num="179" type="stmt" count="0"/>
      <line num="180" type="stmt" count="0"/>
      <line num="181" type="stmt" count="0"/>
      <line num="182" type="stmt" count="0"/>
      <line num="183" type="stmt" count="0"/>
      <line num="184" type="stmt" count="0"/>
      <line num="185" type="stmt" count="0"/>
      <line num="186" type="stmt" count="0"/>
      <line num="187" type="stmt" count="0"/>
      <line num="188" type="stmt" count="0"/>
      <line num="189" type="stmt" count="0"/>
      <line num="190" type="stmt" count="0"/>
      <line num="191" type="stmt" count="0"/>
      <line num="192" type="stmt" count="0"/>
      <line num="195" type="stmt" count="0"/>
      <line num="196" type="stmt" count="0"/>
      <line num="197" type="stmt" count="0"/>
      <line num="198" type="stmt" count="0"/>
      <line num="199" type="stmt" count="0"/>
      <line num="200" type="stmt" count="0"/>
      <line num="201" type="stmt" count="0"/>
      <line num="202" type="stmt" count="0"/>
      <line num="203" type="stmt" count="0"/>
      <line num="205" type="stmt" count="0"/>
      <line num="206" type="stmt" count="0"/>
      <line num="209" type="stmt" count="0"/>
      <line num="210" type="stmt" count="0"/>
      <line num="215" type="stmt" count="0"/>
      <line num="283" type="method" name="render_notices" visibility="private" complexity="8" crap="72" count="0"/>
      <line num="285" type="stmt" count="0"/>
      <line num="286" type="stmt" count="0"/>
      <line num="287" type="stmt" count="0"/>
      <line num="288" type="stmt" count="0"/>
      <line num="290" type="stmt" count="0"/>
      <line num="291" type="stmt" count="0"/>
      <line num="292" type="stmt" count="0"/>
      <line num="293" type="stmt" count="0"/>
      <line num="295" type="stmt" count="0"/>
      <line num="296" type="stmt" count="0"/>
      <line num="297" type="stmt" count="0"/>
      <line num="298" type="stmt" count="0"/>
      <line num="300" type="stmt" count="0"/>
      <line num="301" type="stmt" count="0"/>
      <line num="302" type="stmt" count="0"/>
      <line num="303" type="stmt" count="0"/>
      <line num="305" type="stmt" count="0"/>
      <line num="306" type="stmt" count="0"/>
      <line num="307" type="stmt" count="0"/>
      <line num="308" type="stmt" count="0"/>
      <line num="310" type="stmt" count="0"/>
      <line num="311" type="stmt" count="0"/>
      <line num="312" type="stmt" count="0"/>
      <line num="313" type="stmt" count="0"/>
      <line num="314" type="stmt" count="0"/>
      <line num="316" type="stmt" count="0"/>
      <line num="317" type="stmt" count="0"/>
      <line num="318" type="stmt" count="0"/>
      <line num="319" type="stmt" count="0"/>
      <line num="321" type="stmt" count="0"/>
      <line num="322" type="stmt" count="0"/>
      <line num="323" type="stmt" count="0"/>
      <line num="324" type="stmt" count="0"/>
      <line num="326" type="stmt" count="0"/>
      <line num="327" type="stmt" count="0"/>
      <line num="328" type="stmt" count="0"/>
      <line num="329" type="stmt" count="0"/>
      <line num="334" type="method" name="render_toolbar" visibility="private" complexity="1" crap="2" count="0"/>
      <line num="336" type="stmt" count="0"/>
      <line num="337" type="stmt" count="0"/>
      <line num="338" type="stmt" count="0"/>
      <line num="339" type="stmt" count="0"/>
      <line num="340" type="stmt" count="0"/>
      <line num="341" type="stmt" count="0"/>
      <line num="342" type="stmt" count="0"/>
      <line num="343" type="stmt" count="0"/>
      <line num="344" type="stmt" count="0"/>
      <line num="345" type="stmt" count="0"/>
      <line num="347" type="stmt" count="0"/>
      <line num="348" type="stmt" count="0"/>
      <line num="349" type="stmt" count="0"/>
      <line num="350" type="stmt" count="0"/>
      <line num="351" type="stmt" count="0"/>
      <line num="352" type="stmt" count="0"/>
      <line num="353" type="stmt" count="0"/>
      <line num="354" type="stmt" count="0"/>
      <line num="356" type="stmt" count="0"/>
      <line num="357" type="stmt" count="0"/>
      <line num="358" type="stmt" count="0"/>
      <line num="359" type="stmt" count="0"/>
      <line num="360" type="stmt" count="0"/>
      <line num="361" type="stmt" count="0"/>
      <line num="362" type="stmt" count="0"/>
      <line num="363" type="stmt" count="0"/>
      <line num="364" type="stmt" count="0"/>
      <line num="365" type="stmt" count="0"/>
      <line num="368" type="method" name="render_status_badge" visibility="private" complexity="5" crap="30" count="0"/>
      <line num="371" type="stmt" count="0"/>
      <line num="373" type="stmt" count="0"/>
      <line num="374" type="stmt" count="0"/>
      <line num="375" type="stmt" count="0"/>
      <line num="376" type="stmt" count="0"/>
      <line num="377" type="stmt" count="0"/>
      <line num="378" type="stmt" count="0"/>
      <line num="380" type="stmt" count="0"/>
      <line num="381" type="stmt" count="0"/>
      <line num="384" type="stmt" count="0"/>
      <line num="385" type="stmt" count="0"/>
      <line num="386" type="stmt" count="0"/>
      <line num="387" type="stmt" count="0"/>
      <line num="388" type="stmt" count="0"/>
      <line num="389" type="stmt" count="0"/>
      <line num="392" type="stmt" count="0"/>
      <line num="393" type="stmt" count="0"/>
      <line num="394" type="stmt" count="0"/>
      <line num="395" type="stmt" count="0"/>
      <line num="396" type="stmt" count="0"/>
      <line num="397" type="stmt" count="0"/>
      <line num="400" type="method" name="render_row_actions" visibility="private" complexity="6" crap="42" count="0"/>
      <line num="401" type="stmt" count="0"/>
      <line num="403" type="stmt" count="0"/>
      <line num="404" type="stmt" count="0"/>
      <line num="405" type="stmt" count="0"/>
      <line num="406" type="stmt" count="0"/>
      <line num="408" type="stmt" count="0"/>
      <line num="409" type="stmt" count="0"/>
      <line num="410" type="stmt" count="0"/>
      <line num="411" type="stmt" count="0"/>
      <line num="412" type="stmt" count="0"/>
      <line num="414" type="stmt" count="0"/>
      <line num="415" type="stmt" count="0"/>
      <line num="416" type="stmt" count="0"/>
      <line num="417" type="stmt" count="0"/>
      <line num="418" type="stmt" count="0"/>
      <line num="419" type="stmt" count="0"/>
      <line num="420" type="stmt" count="0"/>
      <line num="421" type="stmt" count="0"/>
      <line num="422" type="stmt" count="0"/>
      <line num="423" type="stmt" count="0"/>
      <line num="424" type="stmt" count="0"/>
      <line num="425" type="stmt" count="0"/>
      <line num="426" type="stmt" count="0"/>
      <line num="427" type="stmt" count="0"/>
      <line num="428" type="stmt" count="0"/>
      <line num="429" type="stmt" count="0"/>
      <line num="433" type="stmt" count="0"/>
      <line num="434" type="stmt" count="0"/>
      <line num="435" type="stmt" count="0"/>
      <line num="436" type="stmt" count="0"/>
      <line num="438" type="stmt" count="0"/>
      <line num="439" type="stmt" count="0"/>
      <line num="440" type="stmt" count="0"/>
      <line num="441" type="stmt" count="0"/>
      <line num="442" type="stmt" count="0"/>
      <line num="443" type="stmt" count="0"/>
      <line num="448" type="stmt" count="0"/>
      <line num="449" type="stmt" count="0"/>
      <line num="450" type="stmt" count="0"/>
      <line num="451" type="stmt" count="0"/>
      <line num="452" type="stmt" count="0"/>
      <line num="454" type="stmt" count="0"/>
      <line num="455" type="stmt" count="0"/>
      <line num="456" type="stmt" count="0"/>
      <line num="457" type="stmt" count="0"/>
      <line num="460" type="method" name="human_date" visibility="private" complexity="5" crap="30" count="0"/>
      <line num="461" type="stmt" count="0"/>
      <line num="462" type="stmt" count="0"/>
      <line num="464" type="stmt" count="0"/>
      <line num="465" type="stmt" count="0"/>
      <line num="467" type="stmt" count="0"/>
      <line num="468" type="stmt" count="0"/>
      <line num="470" type="stmt" count="0"/>
      <line num="472" type="stmt" count="0"/>
      <line num="473" type="stmt" count="0"/>
      <line num="475" type="stmt" count="0"/>
      <line num="477" type="stmt" count="0"/>
      <line num="480" type="method" name="menu_icon" visibility="private" complexity="1" crap="2" count="0"/>
      <line num="481" type="stmt" count="0"/>
      <line num="482" type="stmt" count="0"/>
      <line num="485" type="method" name="page_css" visibility="private" complexity="1" crap="2" count="0"/>
      <line num="486" type="stmt" count="0"/>
      <line num="536" type="stmt" count="0"/>
      <line num="544" type="method" name="handle_test_inbox" visibility="public" complexity="3" crap="12" count="0"/>
      <line num="545" type="stmt" count="0"/>
      <line num="547" type="stmt" count="0"/>
      <line num="548" type="stmt" count="0"/>
      <line num="551" type="stmt" count="0"/>
      <line num="552" type="stmt" count="0"/>
      <line num="554" type="stmt" count="0"/>
      <line num="555" type="stmt" count="0"/>
      <line num="556" type="stmt" count="0"/>
      <line num="557" type="stmt" count="0"/>
      <line num="558" type="stmt" count="0"/>
      <line num="559" type="stmt" count="0"/>
      <line num="560" type="stmt" count="0"/>
      <line num="561" type="stmt" count="0"/>
      <line num="562" type="stmt" count="0"/>
      <line num="563" type="stmt" count="0"/>
      <line num="564" type="stmt" count="0"/>
      <line num="565" type="stmt" count="0"/>
      <metrics loc="568" ncloc="530" classes="1" methods="11" coveredmethods="0" conditionals="0" coveredconditionals="0" statements="300" coveredstatements="0" elements="311" coveredelements="0"/>
    </file>
    <file name="/var/www/html/wp-content/plugins/agnosis/includes/Admin/QueueController.php">
      <class name="Agnosis\Admin\QueueController" namespace="global">
        <metrics complexity="15" methods="5" coveredmethods="0" conditionals="0" coveredconditionals="0" statements="80" coveredstatements="0" elements="85" coveredelements="0"/>
      </class>
      <line num="27" type="method" name="handle_poll_now" visibility="public" complexity="2" crap="6" count="0"/>
      <line num="28" type="stmt" count="0"/>
      <line num="30" type="stmt" count="0"/>
      <line num="31" type="stmt" count="0"/>
      <line num="34" type="stmt" count="0"/>
      <line num="38" type="stmt" count="0"/>
      <line num="40" type="stmt" count="0"/>
      <line num="41" type="stmt" count="0"/>
      <line num="44" type="stmt" count="0"/>
      <line num="46" type="stmt" count="0"/>
      <line num="47" type="stmt" count="0"/>
      <line num="48" type="stmt" count="0"/>
      <line num="49" type="stmt" count="0"/>
      <line num="50" type="stmt" count="0"/>
      <line num="51" type="stmt" count="0"/>
      <line num="52" type="stmt" count="0"/>
      <line num="56" type="method" name="handle_process_one" visibility="public" complexity="4" crap="20" count="0"/>
      <line num="57" type="stmt" count="0"/>
      <line num="59" type="stmt" count="0"/>
      <line num="60" type="stmt" count="0"/>
      <line num="63" type="stmt" count="0"/>
      <line num="65" type="stmt" count="0"/>
      <line num="67" type="stmt" count="0"/>
      <line num="69" type="stmt" count="0"/>
      <line num="70" type="stmt" count="0"/>
      <line num="71" type="stmt" count="0"/>
      <line num="72" type="stmt" count="0"/>
      <line num="73" type="stmt" count="0"/>
      <line num="74" type="stmt" count="0"/>
      <line num="75" type="stmt" count="0"/>
      <line num="77" type="stmt" count="0"/>
      <line num="78" type="stmt" count="0"/>
      <line num="81" type="stmt" count="0"/>
      <line num="82" type="stmt" count="0"/>
      <line num="83" type="stmt" count="0"/>
      <line num="84" type="stmt" count="0"/>
      <line num="85" type="stmt" count="0"/>
      <line num="86" type="stmt" count="0"/>
      <line num="87" type="stmt" count="0"/>
      <line num="91" type="method" name="handle_delete_queue_row" visibility="public" complexity="4" crap="20" count="0"/>
      <line num="92" type="stmt" count="0"/>
      <line num="94" type="stmt" count="0"/>
      <line num="95" type="stmt" count="0"/>
      <line num="98" type="stmt" count="0"/>
      <line num="100" type="stmt" count="0"/>
      <line num="101" type="stmt" count="0"/>
      <line num="103" type="stmt" count="0"/>
      <line num="106" type="stmt" count="0"/>
      <line num="107" type="stmt" count="0"/>
      <line num="111" type="method" name="handle_force_reprocess" visibility="public" complexity="2" crap="6" count="0"/>
      <line num="112" type="stmt" count="0"/>
      <line num="114" type="stmt" count="0"/>
      <line num="115" type="stmt" count="0"/>
      <line num="118" type="stmt" count="0"/>
      <line num="120" type="stmt" count="0"/>
      <line num="123" type="stmt" count="0"/>
      <line num="128" type="stmt" count="0"/>
      <line num="129" type="stmt" count="0"/>
      <line num="131" type="stmt" count="0"/>
      <line num="132" type="stmt" count="0"/>
      <line num="134" type="stmt" count="0"/>
      <line num="135" type="stmt" count="0"/>
      <line num="136" type="stmt" count="0"/>
      <line num="137" type="stmt" count="0"/>
      <line num="138" type="stmt" count="0"/>
      <line num="139" type="stmt" count="0"/>
      <line num="140" type="stmt" count="0"/>
      <line num="144" type="method" name="handle_process_queue" visibility="public" complexity="3" crap="12" count="0"/>
      <line num="145" type="stmt" count="0"/>
      <line num="147" type="stmt" count="0"/>
      <line num="148" type="stmt" count="0"/>
      <line num="151" type="stmt" count="0"/>
      <line num="154" type="stmt" count="0"/>
      <line num="155" type="stmt" count="0"/>
      <line num="156" type="stmt" count="0"/>
      <line num="158" type="stmt" count="0"/>
      <line num="159" type="stmt" count="0"/>
      <line num="160" type="stmt" count="0"/>
      <line num="163" type="stmt" count="0"/>
      <line num="164" type="stmt" count="0"/>
      <line num="165" type="stmt" count="0"/>
      <line num="166" type="stmt" count="0"/>
      <line num="167" type="stmt" count="0"/>
      <line num="168" type="stmt" count="0"/>
      <line num="169" type="stmt" count="0"/>
      <metrics loc="172" ncloc="142" classes="1" methods="5" coveredmethods="0" conditionals="0" coveredconditionals="0" statements="80" coveredstatements="0" elements="85" coveredelements="0"/>
    </file>
    <file name="/var/www/html/wp-content/plugins/agnosis/includes/Admin/Settings.php">
      <class name="Agnosis\Admin\Settings" namespace="global">
        <metrics complexity="138" methods="34" coveredmethods="2" conditionals="0" coveredconditionals="0" statements="1416" coveredstatements="49" elements="1450" coveredelements="51"/>
      </class>
      <line num="39" type="method" name="register_menu" visibility="public" complexity="1" crap="2" count="0"/>
      <line num="40" type="stmt" count="0"/>
      <line num="41" type="stmt" count="0"/>
      <line num="42" type="stmt" count="0"/>
      <line num="43" type="stmt" count="0"/>
      <line num="44" type="stmt" count="0"/>
      <line num="45" type="stmt" count="0"/>
      <line num="46" type="stmt" count="0"/>
      <line num="47" type="stmt" count="0"/>
      <line num="50" type="method" name="register_settings" visibility="public" complexity="2" crap="6" count="0"/>
      <line num="51" type="stmt" count="0"/>
      <line num="52" type="stmt" count="0"/>
      <line num="53" type="stmt" count="0"/>
      <line num="54" type="stmt" count="0"/>
      <line num="55" type="stmt" count="0"/>
      <line num="56" type="stmt" count="0"/>
      <line num="57" type="stmt" count="0"/>
      <line num="58" type="stmt" count="0"/>
      <line num="62" type="method" name="enqueue_assets" visibility="public" complexity="2" crap="6" count="0"/>
      <line num="64" type="stmt" count="0"/>
      <line num="65" type="stmt" count="0"/>
      <line num="67" type="stmt" count="0"/>
      <line num="69" type="stmt" count="0"/>
      <line num="74" type="stmt" count="0"/>
      <line num="75" type="stmt" count="0"/>
      <line num="78" type="method" name="render_page" visibility="public" complexity="16" crap="272" count="0"/>
      <line num="79" type="stmt" count="0"/>
      <line num="80" type="stmt" count="0"/>
      <line num="84" type="stmt" count="0"/>
      <line num="85" type="stmt" count="0"/>
      <line num="89" type="stmt" count="0"/>
      <line num="90" type="stmt" count="0"/>
      <line num="91" type="stmt" count="0"/>
      <line num="92" type="stmt" count="0"/>
      <line num="94" type="stmt" count="0"/>
      <line num="95" type="stmt" count="0"/>
      <line num="96" type="stmt" count="0"/>
      <line num="97" type="stmt" count="0"/>
      <line num="98" type="stmt" count="0"/>
      <line num="100" type="stmt" count="0"/>
      <line num="101" type="stmt" count="0"/>
      <line num="102" type="stmt" count="0"/>
      <line num="103" type="stmt" count="0"/>
      <line num="105" type="stmt" count="0"/>
      <line num="106" type="stmt" count="0"/>
      <line num="107" type="stmt" count="0"/>
      <line num="108" type="stmt" count="0"/>
      <line num="110" type="stmt" count="0"/>
      <line num="111" type="stmt" count="0"/>
      <line num="112" type="stmt" count="0"/>
      <line num="113" type="stmt" count="0"/>
      <line num="115" type="stmt" count="0"/>
      <line num="116" type="stmt" count="0"/>
      <line num="117" type="stmt" count="0"/>
      <line num="118" type="stmt" count="0"/>
      <line num="120" type="stmt" count="0"/>
      <line num="121" type="stmt" count="0"/>
      <line num="122" type="stmt" count="0"/>
      <line num="123" type="stmt" count="0"/>
      <line num="125" type="stmt" count="0"/>
      <line num="126" type="stmt" count="0"/>
      <line num="127" type="stmt" count="0"/>
      <line num="128" type="stmt" count="0"/>
      <line num="129" type="stmt" count="0"/>
      <line num="130" type="stmt" count="0"/>
      <line num="131" type="stmt" count="0"/>
      <line num="132" type="stmt" count="0"/>
      <line num="134" type="stmt" count="0"/>
      <line num="135" type="stmt" count="0"/>
      <line num="136" type="stmt" count="0"/>
      <line num="137" type="stmt" count="0"/>
      <line num="138" type="stmt" count="0"/>
      <line num="139" type="stmt" count="0"/>
      <line num="140" type="stmt" count="0"/>
      <line num="141" type="stmt" count="0"/>
      <line num="142" type="stmt" count="0"/>
      <line num="143" type="stmt" count="0"/>
      <line num="144" type="stmt" count="0"/>
      <line num="145" type="stmt" count="0"/>
      <line num="146" type="stmt" count="0"/>
      <line num="147" type="stmt" count="0"/>
      <line num="148" type="stmt" count="0"/>
      <line num="149" type="stmt" count="0"/>
      <line num="150" type="stmt" count="0"/>
      <line num="151" type="stmt" count="0"/>
      <line num="152" type="stmt" count="0"/>
      <line num="153" type="stmt" count="0"/>
      <line num="154" type="stmt" count="0"/>
      <line num="155" type="stmt" count="0"/>
      <line num="156" type="stmt" count="0"/>
      <line num="157" type="stmt" count="0"/>
[...]
      <class name="Agnosis\Publishing\ReviewEndpoints" namespace="global">
        <metrics complexity="42" methods="8" coveredmethods="3" conditionals="0" coveredconditionals="0" statements="161" coveredstatements="146" elements="169" coveredelements="149"/>
      </class>
      <line num="29" type="method" name="register_routes" visibility="public" complexity="1" crap="1" count="9"/>
      <line num="30" type="stmt" count="9"/>
      <line num="31" type="stmt" count="9"/>
      <line num="32" type="stmt" count="9"/>
      <line num="33" type="stmt" count="9"/>
      <line num="34" type="stmt" count="9"/>
      <line num="35" type="stmt" count="9"/>
      <line num="36" type="stmt" count="9"/>
      <line num="38" type="stmt" count="9"/>
      <line num="39" type="stmt" count="9"/>
      <line num="40" type="stmt" count="9"/>
      <line num="41" type="stmt" count="9"/>
      <line num="42" type="stmt" count="9"/>
      <line num="43" type="stmt" count="9"/>
      <line num="44" type="stmt" count="9"/>
      <line num="45" type="stmt" count="9"/>
      <line num="46" type="stmt" count="9"/>
      <line num="47" type="stmt" count="9"/>
      <line num="48" type="stmt" count="9"/>
      <line num="49" type="stmt" count="9"/>
      <line num="51" type="stmt" count="9"/>
      <line num="52" type="stmt" count="9"/>
      <line num="53" type="stmt" count="9"/>
      <line num="54" type="stmt" count="9"/>
      <line num="55" type="stmt" count="9"/>
      <line num="56" type="stmt" count="9"/>
      <line num="58" type="stmt" count="9"/>
      <line num="59" type="stmt" count="9"/>
      <line num="60" type="stmt" count="9"/>
      <line num="61" type="stmt" count="9"/>
      <line num="62" type="stmt" count="9"/>
      <line num="63" type="stmt" count="9"/>
      <line num="80" type="method" name="save" visibility="public" complexity="14" crap="14.66" count="5"/>
      <line num="81" type="stmt" count="5"/>
      <line num="83" type="stmt" count="5"/>
      <line num="84" type="stmt" count="5"/>
      <line num="85" type="stmt" count="0"/>
      <line num="88" type="stmt" count="5"/>
      <line num="89" type="stmt" count="5"/>
      <line num="90" type="stmt" count="0"/>
      <line num="93" type="stmt" count="5"/>
      <line num="94" type="stmt" count="0"/>
      <line num="98" type="stmt" count="5"/>
      <line num="99" type="stmt" count="5"/>
      <line num="100" type="stmt" count="5"/>
      <line num="101" type="stmt" count="5"/>
      <line num="103" type="stmt" count="5"/>
      <line num="105" type="stmt" count="5"/>
      <line num="106" type="stmt" count="5"/>
      <line num="107" type="stmt" count="5"/>
      <line num="108" type="stmt" count="5"/>
      <line num="109" type="stmt" count="5"/>
      <line num="110" type="stmt" count="5"/>
      <line num="111" type="stmt" count="5"/>
      <line num="113" type="stmt" count="5"/>
      <line num="114" type="stmt" count="5"/>
      <line num="115" type="stmt" count="0"/>
      <line num="119" type="stmt" count="5"/>
      <line num="120" type="stmt" count="5"/>
      <line num="121" type="stmt" count="0"/>
      <line num="122" type="stmt" count="0"/>
      <line num="125" type="stmt" count="5"/>
      <line num="126" type="stmt" count="2"/>
      <line num="127" type="stmt" count="2"/>
      <line num="128" type="stmt" count="2"/>
      <line num="131" type="stmt" count="5"/>
      <line num="132" type="stmt" count="5"/>
      <line num="133" type="stmt" count="5"/>
      <line num="134" type="stmt" count="5"/>
      <line num="135" type="stmt" count="5"/>
      <line num="136" type="stmt" count="5"/>
      <line num="137" type="stmt" count="5"/>
      <line num="138" type="stmt" count="5"/>
      <line num="141" type="method" name="approve" visibility="public" complexity="6" crap="6" count="21"/>
      <line num="142" type="stmt" count="21"/>
      <line num="144" type="stmt" count="21"/>
      <line num="145" type="stmt" count="21"/>
      <line num="146" type="stmt" count="2"/>
      <line num="149" type="stmt" count="19"/>
      <line num="150" type="stmt" count="19"/>
      <line num="151" type="stmt" count="7"/>
      <line num="154" type="stmt" count="12"/>
      <line num="155" type="stmt" count="1"/>
      <line num="158" type="stmt" count="11"/>
      <line num="159" type="stmt" count="11"/>
      <line num="160" type="stmt" count="0"/>
      <line num="164" type="stmt" count="11"/>
      <line num="165" type="stmt" count="11"/>
      <line num="168" type="stmt" count="11"/>
      <line num="170" type="stmt" count="11"/>
      <line num="171" type="stmt" count="11"/>
      <line num="172" type="stmt" count="11"/>
      <line num="173" type="stmt" count="11"/>
      <line num="174" type="stmt" count="11"/>
      <line num="175" type="stmt" count="11"/>
      <line num="176" type="stmt" count="11"/>
      <line num="177" type="stmt" count="11"/>
      <line num="180" type="method" name="reject" visibility="public" complexity="5" crap="5.07" count="6"/>
      <line num="181" type="stmt" count="6"/>
      <line num="183" type="stmt" count="6"/>
      <line num="184" type="stmt" count="6"/>
      <line num="185" type="stmt" count="0"/>
      <line num="188" type="stmt" count="6"/>
      <line num="189" type="stmt" count="6"/>
      <line num="190" type="stmt" count="1"/>
      <line num="193" type="stmt" count="5"/>
      <line num="194" type="stmt" count="0"/>
      <line num="197" type="stmt" count="5"/>
      <line num="199" type="stmt" count="5"/>
      <line num="200" type="stmt" count="5"/>
      <line num="202" type="stmt" count="5"/>
      <line num="204" type="stmt" count="5"/>
      <line num="220" type="method" name="extract_image_blocks" visibility="private" complexity="2" crap="2.15" count="5"/>
      <line num="222" type="stmt" count="5"/>
      <line num="223" type="stmt" count="5"/>
      <line num="225" type="stmt" count="0"/>
      <line num="252" type="method" name="check_permission" visibility="public" complexity="3" crap="3" count="12"/>
      <line num="253" type="stmt" count="12"/>
      <line num="254" type="stmt" count="9"/>
      <line num="256" type="stmt" count="3"/>
      <line num="257" type="stmt" count="1"/>
      <line num="259" type="stmt" count="2"/>
      <line num="260" type="stmt" count="2"/>
      <line num="261" type="stmt" count="2"/>
      <line num="262" type="stmt" count="2"/>
      <line num="263" type="stmt" count="2"/>
      <line num="266" type="method" name="check_access" visibility="private" complexity="6" crap="6" count="30"/>
      <line num="268" type="stmt" count="30"/>
      <line num="269" type="stmt" count="30"/>
      <line num="270" type="stmt" count="24"/>
      <line num="274" type="stmt" count="6"/>
      <line num="275" type="stmt" count="6"/>
      <line num="276" type="stmt" count="2"/>
      <line num="277" type="stmt" count="2"/>
      <line num="278" type="stmt" count="2"/>
      <line num="279" type="stmt" count="2"/>
      <line num="280" type="stmt" count="2"/>
      <line num="283" type="stmt" count="4"/>
      <line num="284" type="stmt" count="1"/>
      <line num="287" type="stmt" count="3"/>
      <line num="288" type="stmt" count="3"/>
      <line num="289" type="stmt" count="2"/>
      <line num="292" type="stmt" count="1"/>
      <line num="293" type="stmt" count="1"/>
      <line num="294" type="stmt" count="1"/>
      <line num="295" type="stmt" count="1"/>
      <line num="296" type="stmt" count="1"/>
      <line num="306" type="method" name="verify_token" visibility="private" complexity="5" crap="5.34" count="24"/>
      <line num="307" type="stmt" count="24"/>
      <line num="308" type="stmt" count="24"/>
      <line num="310" type="stmt" count="24"/>
      <line num="311" type="stmt" count="0"/>
      <line num="312" type="stmt" count="0"/>
      <line num="313" type="stmt" count="0"/>
      <line num="314" type="stmt" count="0"/>
      <line num="315" type="stmt" count="0"/>
      <line num="318" type="stmt" count="24"/>
      <line num="319" type="stmt" count="3"/>
      <line num="320" type="stmt" count="3"/>
      <line num="321" type="stmt" count="3"/>
      <line num="322" type="stmt" count="3"/>
      <line num="323" type="stmt" count="3"/>
      <line num="326" type="stmt" count="21"/>
      <line num="327" type="stmt" count="2"/>
      <line num="328" type="stmt" count="2"/>
      <line num="329" type="stmt" count="2"/>
      <line num="330" type="stmt" count="2"/>
      <line num="331" type="stmt" count="2"/>
      <line num="334" type="stmt" count="19"/>
      <metrics loc="337" ncloc="257" classes="1" methods="8" coveredmethods="3" conditionals="0" coveredconditionals="0" statements="161" coveredstatements="146" elements="169" coveredelements="149"/>
    </file>
    <file name="/var/www/html/wp-content/plugins/agnosis/includes/Publishing/SubmissionsPage.php">
      <class name="Agnosis\Publishing\SubmissionsPage" namespace="global">
        <metrics complexity="36" methods="15" coveredmethods="2" conditionals="0" coveredconditionals="0" statements="187" coveredstatements="35" elements="202" coveredelements="37"/>
      </class>
      <line num="34" type="method" name="register_shortcode" visibility="public" complexity="1" crap="2" count="0"/>
      <line num="35" type="stmt" count="0"/>
      <line num="45" type="method" name="register_block" visibility="public" complexity="1" crap="2" count="0"/>
      <line num="46" type="stmt" count="0"/>
      <line num="47" type="stmt" count="0"/>
      <line num="48" type="stmt" count="0"/>
      <line num="49" type="stmt" count="0"/>
      <line num="59" type="method" name="add_block_category" visibility="public" complexity="1" crap="2" count="0"/>
      <line num="60" type="stmt" count="0"/>
      <line num="61" type="stmt" count="0"/>
      <line num="62" type="stmt" count="0"/>
      <line num="63" type="stmt" count="0"/>
      <line num="64" type="stmt" count="0"/>
      <line num="65" type="stmt" count="0"/>
      <line num="68" type="method" name="register_routes" visibility="public" complexity="1" crap="1" count="9"/>
      <line num="69" type="stmt" count="9"/>
      <line num="70" type="stmt" count="9"/>
      <line num="71" type="stmt" count="9"/>
      <line num="72" type="stmt" count="9"/>
      <line num="73" type="stmt" count="9"/>
      <line num="86" type="method" name="render_shortcode" visibility="public" complexity="1" crap="1" count="2"/>
      <line num="87" type="stmt" count="2"/>
      <line num="97" type="method" name="render_block" visibility="public" complexity="1" crap="2" count="0"/>
      <line num="98" type="stmt" count="0"/>
      <line num="110" type="method" name="render" visibility="private" complexity="4" crap="13.69" count="2"/>
      <line num="111" type="stmt" count="2"/>
      <line num="112" type="stmt" count="2"/>
      <line num="115" type="stmt" count="0"/>
      <line num="117" type="stmt" count="0"/>
      <line num="118" type="stmt" count="0"/>
      <line num="120" type="stmt" count="0"/>
      <line num="122" type="stmt" count="0"/>
      <line num="123" type="stmt" count="0"/>
      <line num="125" type="stmt" count="0"/>
      <line num="126" type="stmt" count="0"/>
      <line num="127" type="stmt" count="0"/>
      <line num="128" type="stmt" count="0"/>
      <line num="132" type="stmt" count="0"/>
      <line num="139" type="method" name="get_mine" visibility="public" complexity="5" crap="30" count="0"/>
      <line num="140" type="stmt" count="0"/>
      <line num="141" type="stmt" count="0"/>
      <line num="143" type="stmt" count="0"/>
      <line num="144" type="stmt" count="0"/>
      <line num="145" type="stmt" count="0"/>
      <line num="147" type="stmt" count="0"/>
      <line num="148" type="stmt" count="0"/>
      <line num="149" type="stmt" count="0"/>
      <line num="150" type="stmt" count="0"/>
      <line num="151" type="stmt" count="0"/>
      <line num="152" type="stmt" count="0"/>
      <line num="153" type="stmt" count="0"/>
      <line num="156" type="stmt" count="0"/>
      <line num="159" type="method" name="require_logged_in" visibility="public" complexity="2" crap="6" count="0"/>
      <line num="160" type="stmt" count="0"/>
      <line num="161" type="stmt" count="0"/>
      <line num="162" type="stmt" count="0"/>
      <line num="175" type="method" name="fetch_drafts" visibility="private" complexity="1" crap="2" count="0"/>
      <line num="176" type="stmt" count="0"/>
      <line num="177" type="stmt" count="0"/>
      <line num="178" type="stmt" count="0"/>
      <line num="179" type="stmt" count="0"/>
      <line num="180" type="stmt" count="0"/>
      <line num="181" type="stmt" count="0"/>
      <line num="182" type="stmt" count="0"/>
      <line num="183" type="stmt" count="0"/>
      <line num="184" type="stmt" count="0"/>
      <line num="199" type="method" name="render_card" visibility="private" complexity="5" crap="30" count="0"/>
      <line num="200" type="stmt" count="0"/>
      <line num="201" type="stmt" count="0"/>
      <line num="202" type="stmt" count="0"/>
      <line num="205" type="stmt" count="0"/>
      <line num="206" type="stmt" count="0"/>
      <line num="209" type="stmt" count="0"/>
      <line num="210" type="stmt" count="0"/>
      <line num="212" type="stmt" count="0"/>
      <line num="214" type="stmt" count="0"/>
      <line num="215" type="stmt" count="0"/>
      <line num="216" type="stmt" count="0"/>
      <line num="220" type="stmt" count="0"/>
      <line num="221" type="stmt" count="0"/>
      <line num="222" type="stmt" count="0"/>
      <line num="223" type="stmt" count="0"/>
      <line num="225" type="stmt" count="0"/>
      <line num="226" type="stmt" count="0"/>
      <line num="229" type="stmt" count="0"/>
      <line num="230" type="stmt" count="0"/>
      <line num="231" type="stmt" count="0"/>
      <line num="232" type="stmt" count="0"/>
      <line num="233" type="stmt" count="0"/>
      <line num="234" type="stmt" count="0"/>
      <line num="235" type="stmt" count="0"/>
      <line num="236" type="stmt" count="0"/>
      <line num="237" type="stmt" count="0"/>
      <line num="238" type="stmt" count="0"/>
      <line num="239" type="stmt" count="0"/>
      <line num="240" type="stmt" count="0"/>
      <line num="241" type="stmt" count="0"/>
      <line num="242" type="stmt" count="0"/>
      <line num="243" type="stmt" count="0"/>
      <line num="244" type="stmt" count="0"/>
      <line num="245" type="stmt" count="0"/>
      <line num="247" type="stmt" count="0"/>
      <line num="248" type="stmt" count="0"/>
      <line num="249" type="stmt" count="0"/>
      <line num="250" type="stmt" count="0"/>
      <line num="252" type="stmt" count="0"/>
      <line num="253" type="stmt" count="0"/>
      <line num="254" type="stmt" count="0"/>
      <line num="255" type="stmt" count="0"/>
      <line num="256" type="stmt" count="0"/>
      <line num="258" type="stmt" count="0"/>
      <line num="260" type="stmt" count="0"/>
      <line num="261" type="stmt" count="0"/>
      <line num="262" type="stmt" count="0"/>
      <line num="263" type="stmt" count="0"/>
      <line num="264" type="stmt" count="0"/>
      <line num="265" type="stmt" count="0"/>
      <line num="267" type="stmt" count="0"/>
      <line num="268" type="stmt" count="0"/>
      <line num="269" type="stmt" count="0"/>
      <line num="270" type="stmt" count="0"/>
      <line num="271" type="stmt" count="0"/>
      <line num="272" type="stmt" count="0"/>
      <line num="274" type="stmt" count="0"/>
      <line num="275" type="stmt" count="0"/>
      <line num="276" type="stmt" count="0"/>
      <line num="277" type="stmt" count="0"/>
      <line num="278" type="stmt" count="0"/>
      <line num="280" type="stmt" count="0"/>
      <line num="284" type="stmt" count="0"/>
      <line num="285" type="stmt" count="0"/>
      <line num="286" type="stmt" count="0"/>
      <line num="287" type="stmt" count="0"/>
      <line num="288" type="stmt" count="0"/>
      <line num="289" type="stmt" count="0"/>
      <line num="290" type="stmt" count="0"/>
      <line num="292" type="stmt" count="0"/>
      <line num="293" type="stmt" count="0"/>
      <line num="295" type="stmt" count="0"/>
      <line num="296" type="stmt" count="0"/>
      <line num="307" type="method" name="enqueue_assets" visibility="private" complexity="1" crap="2" count="0"/>
      <line num="308" type="stmt" count="0"/>
      <line num="311" type="stmt" count="0"/>
      <line num="342" type="stmt" count="0"/>
      <line num="344" type="stmt" count="0"/>
      <line num="346" type="stmt" count="0"/>
      <line num="372" type="stmt" count="0"/>
      <line num="380" type="stmt" count="0"/>
      <line num="382" type="stmt" count="0"/>
      <line num="387" type="stmt" count="0"/>
      <line num="395" type="stmt" count="0"/>
      <line num="397" type="stmt" count="0"/>
      <line num="405" type="stmt" count="0"/>
      <line num="407" type="stmt" count="0"/>
      <line num="412" type="stmt" count="0"/>
      <line num="442" type="stmt" count="0"/>
      <line num="452" type="stmt" count="0"/>
      <line num="454" type="stmt" count="0"/>
      <line num="459" type="stmt" count="0"/>
      <line num="495" type="stmt" count="0"/>
      <line num="517" type="method" name="render_login_form" visibility="private" complexity="4" crap="4.02" count="2"/>
      <line num="518" type="stmt" count="2"/>
      <line num="519" type="stmt" count="2"/>
      <line num="521" type="stmt" count="2"/>
      <line num="522" type="stmt" count="0"/>
      <line num="523" type="stmt" count="0"/>
      <line num="526" type="stmt" count="2"/>
      <line num="528" type="stmt" count="2"/>
      <line num="558" type="stmt" count="2"/>
      <line num="561" type="stmt" count="2"/>
      <line num="562" type="stmt" count="2"/>
      <line num="564" type="stmt" count="2"/>
      <line num="565" type="stmt" count="2"/>
      <line num="566" type="stmt" count="2"/>
      <line num="567" type="stmt" count="2"/>
      <line num="568" type="stmt" count="2"/>
      <line num="569" type="stmt" count="2"/>
      <line num="570" type="stmt" count="2"/>
      <line num="571" type="stmt" count="2"/>
      <line num="572" type="stmt" count="2"/>
      <line num="573" type="stmt" count="2"/>
      <line num="575" type="stmt" count="2"/>
      <line num="576" type="stmt" count="2"/>
      <line num="577" type="stmt" count="2"/>
      <line num="578" type="stmt" count="2"/>
      <line num="579" type="stmt" count="2"/>
      <line num="580" type="stmt" count="2"/>
      <line num="581" type="stmt" count="2"/>
      <line num="582" type="stmt" count="2"/>
      <line num="583" type="stmt" count="0"/>
      <line num="585" type="stmt" count="2"/>
      <line num="597" type="method" name="append_turnstile_to_login_form" visibility="public" complexity="1" crap="2" count="0"/>
      <line num="598" type="stmt" count="0"/>
      <line num="599" type="stmt" count="0"/>
      <line num="600" type="stmt" count="0"/>
      <line num="620" type="method" name="authenticate_turnstile" visibility="public" complexity="7" crap="56" count="0"/>
      <line num="622" type="stmt" count="0"/>
      <line num="624" type="stmt" count="0"/>
      <line num="625" type="stmt" count="0"/>
      <line num="629" type="stmt" count="0"/>
      <line num="630" type="stmt" count="0"/>
      <line num="632" type="stmt" count="0"/>
      <metrics loc="635" ncloc="497" classes="1" methods="15" coveredmethods="2" conditionals="0" coveredconditionals="0" statements="187" coveredstatements="35" elements="202" coveredelements="37"/>
    </file>
    <metrics files="67" loc="23153" ncloc="16592" classes="66" methods="576" coveredmethods="238" conditionals="0" coveredconditionals="0" statements="10066" coveredstatements="5151" elements="10642" coveredelements="5389"/>
  </project>
</coverage>
